-- Found ament_cmake: 1.3.12 (/opt/ros/humble/share/ament_cmake/cmake)
-- Configuring done
-- Generating done
-- Build files have been written to: /home/mercus/Humanoids/ros_ws/build/vision_node
-- Install configuration: ""
-- Installing: /home/mercus/Humanoids/ros_ws/install/vision_node/share/ament_index/resource_index/package_run_dependencies/vision_node
-- Installing: /home/mercus/Humanoids/ros_ws/install/vision_node/share/ament_index/resource_index/parent_prefix_path/vision_node
-- Installing: /home/mercus/Humanoids/ros_ws/install/vision_node/share/vision_node/environment/ament_prefix_path.sh
-- Installing: /home/mercus/Humanoids/ros_ws/install/vision_node/share/vision_node/environment/ament_prefix_path.dsv
-- Installing: /home/mercus/Humanoids/ros_ws/install/vision_node/share/vision_node/environment/path.sh
-- Installing: /home/mercus/Humanoids/ros_ws/install/vision_node/share/vision_node/environment/path.dsv
-- Installing: /home/mercus/Humanoids/ros_ws/install/vision_node/share/vision_node/local_setup.bash
-- Installing: /home/mercus/Humanoids/ros_ws/install/vision_node/share/vision_node/local_setup.sh
-- Installing: /home/mercus/Humanoids/ros_ws/install/vision_node/share/vision_node/local_setup.zsh
-- Installing: /home/mercus/Humanoids/ros_ws/install/vision_node/share/vision_node/local_setup.dsv
-- Installing: /home/mercus/Humanoids/ros_ws/install/vision_node/share/vision_node/package.dsv
-- Installing: /home/mercus/Humanoids/ros_ws/install/vision_node/share/ament_index/resource_index/packages/vision_node
-- Installing: /home/mercus/Humanoids/ros_ws/install/vision_node/share/vision_node/cmake/vision_nodeConfig.cmake
-- Installing: /home/mercus/Humanoids/ros_ws/install/vision_node/share/vision_node/cmake/vision_nodeConfig-version.cmake
-- Installing: /home/mercus/Humanoids/ros_ws/install/vision_node/share/vision_node/package.xml
