[0.010s] Invoking command in '/home/mercus/Humanoids/ros_ws/build/vision_node': CONDA_PROMPT_MODIFIER=(base) /usr/bin/cmake /home/mercus/Humanoids/ros_ws/src/Vision/vision_node -DCATKIN_INSTALL_INTO_PREFIX_ROOT=0 -DCMAKE_INSTALL_PREFIX=/home/mercus/Humanoids/ros_ws/install/vision_node
[0.017s] -- Found ament_cmake: 1.3.12 (/opt/ros/humble/share/ament_cmake/cmake)
[0.206s] -- Configuring done
[0.208s] -- Generating done
[0.209s] -- Build files have been written to: /home/mercus/Humanoids/ros_ws/build/vision_node
[0.211s] Invoked command in '/home/mercus/Humanoids/ros_ws/build/vision_node' returned '0': CONDA_PROMPT_MODIFIER=(base) /usr/bin/cmake /home/mercus/Humanoids/ros_ws/src/Vision/vision_node -DCATKIN_INSTALL_INTO_PREFIX_ROOT=0 -DCMAKE_INSTALL_PREFIX=/home/mercus/Humanoids/ros_ws/install/vision_node
[0.214s] Invoking command in '/home/mercus/Humanoids/ros_ws/build/vision_node': CONDA_PROMPT_MODIFIER=(base) /usr/bin/cmake --build /home/mercus/Humanoids/ros_ws/build/vision_node -- -j20 -l20
[0.248s] Invoked command in '/home/mercus/Humanoids/ros_ws/build/vision_node' returned '0': CONDA_PROMPT_MODIFIER=(base) /usr/bin/cmake --build /home/mercus/Humanoids/ros_ws/build/vision_node -- -j20 -l20
[0.259s] Invoking command in '/home/mercus/Humanoids/ros_ws/build/vision_node': CONDA_PROMPT_MODIFIER=(base) /usr/bin/cmake --install /home/mercus/Humanoids/ros_ws/build/vision_node
[0.265s] -- Install configuration: ""
[0.265s] -- Installing: /home/mercus/Humanoids/ros_ws/install/vision_node/share/ament_index/resource_index/package_run_dependencies/vision_node
[0.266s] -- Installing: /home/mercus/Humanoids/ros_ws/install/vision_node/share/ament_index/resource_index/parent_prefix_path/vision_node
[0.266s] -- Installing: /home/mercus/Humanoids/ros_ws/install/vision_node/share/vision_node/environment/ament_prefix_path.sh
[0.266s] -- Installing: /home/mercus/Humanoids/ros_ws/install/vision_node/share/vision_node/environment/ament_prefix_path.dsv
[0.266s] -- Installing: /home/mercus/Humanoids/ros_ws/install/vision_node/share/vision_node/environment/path.sh
[0.266s] -- Installing: /home/mercus/Humanoids/ros_ws/install/vision_node/share/vision_node/environment/path.dsv
[0.266s] -- Installing: /home/mercus/Humanoids/ros_ws/install/vision_node/share/vision_node/local_setup.bash
[0.266s] -- Installing: /home/mercus/Humanoids/ros_ws/install/vision_node/share/vision_node/local_setup.sh
[0.266s] -- Installing: /home/mercus/Humanoids/ros_ws/install/vision_node/share/vision_node/local_setup.zsh
[0.266s] -- Installing: /home/mercus/Humanoids/ros_ws/install/vision_node/share/vision_node/local_setup.dsv
[0.266s] -- Installing: /home/mercus/Humanoids/ros_ws/install/vision_node/share/vision_node/package.dsv
[0.267s] -- Installing: /home/mercus/Humanoids/ros_ws/install/vision_node/share/ament_index/resource_index/packages/vision_node
[0.267s] -- Installing: /home/mercus/Humanoids/ros_ws/install/vision_node/share/vision_node/cmake/vision_nodeConfig.cmake
[0.267s] -- Installing: /home/mercus/Humanoids/ros_ws/install/vision_node/share/vision_node/cmake/vision_nodeConfig-version.cmake
[0.267s] -- Installing: /home/mercus/Humanoids/ros_ws/install/vision_node/share/vision_node/package.xml
[0.272s] Invoked command in '/home/mercus/Humanoids/ros_ws/build/vision_node' returned '0': CONDA_PROMPT_MODIFIER=(base) /usr/bin/cmake --install /home/mercus/Humanoids/ros_ws/build/vision_node
