-- Found ament_cmake: 1.3.12 (/opt/ros/humble/share/ament_cmake/cmake)
-- Found rclcpp: 16.0.14 (/opt/ros/humble/share/rclcpp/cmake)
-- Found rosidl_generator_c: 3.1.7 (/opt/ros/humble/share/rosidl_generator_c/cmake)
-- Found rosidl_adapter: 3.1.7 (/opt/ros/humble/share/rosidl_adapter/cmake)
-- Found rosidl_generator_cpp: 3.1.7 (/opt/ros/humble/share/rosidl_generator_cpp/cmake)
-- Using all available rosidl_typesupport_c: rosidl_typesupport_fastrtps_c;rosidl_typesupport_introspection_c
-- Using all available rosidl_typesupport_cpp: rosidl_typesupport_fastrtps_cpp;rosidl_typesupport_introspection_cpp
-- Found rmw_implementation_cmake: 6.1.2 (/opt/ros/humble/share/rmw_implementation_cmake/cmake)
-- Found rmw_fastrtps_cpp: 6.2.8 (/opt/ros/humble/share/rmw_fastrtps_cpp/cmake)
-- Using RMW implementation 'rmw_fastrtps_cpp' as default
-- Configuring done
-- Generating done
-- Build files have been written to: /home/rafael/Humanoids/ros_ws/build/task_manager
[ 50%] [32mBuilding CXX object CMakeFiles/striker.dir/src/striker.cpp.o[0m
[100%] [32m[1mLinking CXX executable striker[0m
[100%] Built target striker
-- Install configuration: ""
-- Installing: /home/rafael/Humanoids/ros_ws/install/task_manager/lib/task_manager/striker
-- Set runtime path of "/home/rafael/Humanoids/ros_ws/install/task_manager/lib/task_manager/striker" to ""
-- Installing: /home/rafael/Humanoids/ros_ws/install/task_manager/share/ament_index/resource_index/package_run_dependencies/task_manager
-- Installing: /home/rafael/Humanoids/ros_ws/install/task_manager/share/ament_index/resource_index/parent_prefix_path/task_manager
-- Installing: /home/rafael/Humanoids/ros_ws/install/task_manager/share/task_manager/environment/ament_prefix_path.sh
-- Installing: /home/rafael/Humanoids/ros_ws/install/task_manager/share/task_manager/environment/ament_prefix_path.dsv
-- Installing: /home/rafael/Humanoids/ros_ws/install/task_manager/share/task_manager/environment/path.sh
-- Installing: /home/rafael/Humanoids/ros_ws/install/task_manager/share/task_manager/environment/path.dsv
-- Installing: /home/rafael/Humanoids/ros_ws/install/task_manager/share/task_manager/local_setup.bash
-- Installing: /home/rafael/Humanoids/ros_ws/install/task_manager/share/task_manager/local_setup.sh
-- Installing: /home/rafael/Humanoids/ros_ws/install/task_manager/share/task_manager/local_setup.zsh
-- Installing: /home/rafael/Humanoids/ros_ws/install/task_manager/share/task_manager/local_setup.dsv
-- Installing: /home/rafael/Humanoids/ros_ws/install/task_manager/share/task_manager/package.dsv
-- Installing: /home/rafael/Humanoids/ros_ws/install/task_manager/share/ament_index/resource_index/packages/task_manager
-- Installing: /home/rafael/Humanoids/ros_ws/install/task_manager/share/task_manager/cmake/task_managerConfig.cmake
-- Installing: /home/rafael/Humanoids/ros_ws/install/task_manager/share/task_manager/cmake/task_managerConfig-version.cmake
-- Installing: /home/rafael/Humanoids/ros_ws/install/task_manager/share/task_manager/package.xml
