[0.060s] Invoking command in '/home/rafael/Humanoids/ros_ws/build/task_manager': CMAKE_PREFIX_PATH=${CMAKE_PREFIX_PATH}:/opt/ros/humble /usr/bin/cmake /home/rafael/Humanoids/ros_ws/src/Plan/task_manager -DCMAKE_INSTALL_PREFIX=/home/rafael/Humanoids/ros_ws/install/task_manager
[0.106s] -- Found ament_cmake: 1.3.12 (/opt/ros/humble/share/ament_cmake/cmake)
[0.525s] -- Found rclcpp: 16.0.14 (/opt/ros/humble/share/rclcpp/cmake)
[0.649s] -- Found rosidl_generator_c: 3.1.7 (/opt/ros/humble/share/rosidl_generator_c/cmake)
[0.658s] -- Found rosidl_adapter: 3.1.7 (/opt/ros/humble/share/rosidl_adapter/cmake)
[0.685s] -- Found rosidl_generator_cpp: 3.1.7 (/opt/ros/humble/share/rosidl_generator_cpp/cmake)
[0.733s] -- Using all available rosidl_typesupport_c: rosidl_typesupport_fastrtps_c;rosidl_typesupport_introspection_c
[0.794s] -- Using all available rosidl_typesupport_cpp: rosidl_typesupport_fastrtps_cpp;rosidl_typesupport_introspection_cpp
[0.944s] -- Found rmw_implementation_cmake: 6.1.2 (/opt/ros/humble/share/rmw_implementation_cmake/cmake)
[0.948s] -- Found rmw_fastrtps_cpp: 6.2.8 (/opt/ros/humble/share/rmw_fastrtps_cpp/cmake)
[1.314s] -- Using RMW implementation 'rmw_fastrtps_cpp' as default
[1.814s] -- Configuring done
[1.881s] -- Generating done
[1.896s] -- Build files have been written to: /home/rafael/Humanoids/ros_ws/build/task_manager
[1.927s] Invoked command in '/home/rafael/Humanoids/ros_ws/build/task_manager' returned '0': CMAKE_PREFIX_PATH=${CMAKE_PREFIX_PATH}:/opt/ros/humble /usr/bin/cmake /home/rafael/Humanoids/ros_ws/src/Plan/task_manager -DCMAKE_INSTALL_PREFIX=/home/rafael/Humanoids/ros_ws/install/task_manager
[1.934s] Invoking command in '/home/rafael/Humanoids/ros_ws/build/task_manager': CMAKE_PREFIX_PATH=${CMAKE_PREFIX_PATH}:/opt/ros/humble /usr/bin/cmake --build /home/rafael/Humanoids/ros_ws/build/task_manager -- -j2 -l2
[2.023s] [ 50%] [32mBuilding CXX object CMakeFiles/striker.dir/src/striker.cpp.o[0m
[20.479s] [100%] [32m[1mLinking CXX executable striker[0m
[21.946s] [100%] Built target striker
[21.966s] Invoked command in '/home/rafael/Humanoids/ros_ws/build/task_manager' returned '0': CMAKE_PREFIX_PATH=${CMAKE_PREFIX_PATH}:/opt/ros/humble /usr/bin/cmake --build /home/rafael/Humanoids/ros_ws/build/task_manager -- -j2 -l2
[21.986s] Invoking command in '/home/rafael/Humanoids/ros_ws/build/task_manager': CMAKE_PREFIX_PATH=${CMAKE_PREFIX_PATH}:/opt/ros/humble /usr/bin/cmake --install /home/rafael/Humanoids/ros_ws/build/task_manager
[21.998s] -- Install configuration: ""
[21.998s] -- Installing: /home/rafael/Humanoids/ros_ws/install/task_manager/lib/task_manager/striker
[22.002s] -- Set runtime path of "/home/rafael/Humanoids/ros_ws/install/task_manager/lib/task_manager/striker" to ""
[22.003s] -- Installing: /home/rafael/Humanoids/ros_ws/install/task_manager/share/ament_index/resource_index/package_run_dependencies/task_manager
[22.003s] -- Installing: /home/rafael/Humanoids/ros_ws/install/task_manager/share/ament_index/resource_index/parent_prefix_path/task_manager
[22.004s] -- Installing: /home/rafael/Humanoids/ros_ws/install/task_manager/share/task_manager/environment/ament_prefix_path.sh
[22.004s] -- Installing: /home/rafael/Humanoids/ros_ws/install/task_manager/share/task_manager/environment/ament_prefix_path.dsv
[22.005s] -- Installing: /home/rafael/Humanoids/ros_ws/install/task_manager/share/task_manager/environment/path.sh
[22.005s] -- Installing: /home/rafael/Humanoids/ros_ws/install/task_manager/share/task_manager/environment/path.dsv
[22.006s] -- Installing: /home/rafael/Humanoids/ros_ws/install/task_manager/share/task_manager/local_setup.bash
[22.006s] -- Installing: /home/rafael/Humanoids/ros_ws/install/task_manager/share/task_manager/local_setup.sh
[22.007s] -- Installing: /home/rafael/Humanoids/ros_ws/install/task_manager/share/task_manager/local_setup.zsh
[22.007s] -- Installing: /home/rafael/Humanoids/ros_ws/install/task_manager/share/task_manager/local_setup.dsv
[22.008s] -- Installing: /home/rafael/Humanoids/ros_ws/install/task_manager/share/task_manager/package.dsv
[22.009s] -- Installing: /home/rafael/Humanoids/ros_ws/install/task_manager/share/ament_index/resource_index/packages/task_manager
[22.009s] -- Installing: /home/rafael/Humanoids/ros_ws/install/task_manager/share/task_manager/cmake/task_managerConfig.cmake
[22.010s] -- Installing: /home/rafael/Humanoids/ros_ws/install/task_manager/share/task_manager/cmake/task_managerConfig-version.cmake
[22.010s] -- Installing: /home/rafael/Humanoids/ros_ws/install/task_manager/share/task_manager/package.xml
[22.016s] Invoked command in '/home/rafael/Humanoids/ros_ws/build/task_manager' returned '0': CMAKE_PREFIX_PATH=${CMAKE_PREFIX_PATH}:/opt/ros/humble /usr/bin/cmake --install /home/rafael/Humanoids/ros_ws/build/task_manager
