[0.042s] Invoking command in '/home/rafael/Humanoids/ros_ws/build/humanoid_tools': CMAKE_PREFIX_PATH=${CMAKE_PREFIX_PATH}:/opt/ros/humble /usr/bin/cmake /home/rafael/Humanoids/ros_ws/src/humanoid_tools -DCMAKE_INSTALL_PREFIX=/home/rafael/Humanoids/ros_ws/install/humanoid_tools
[1.047s] -- The C compiler identification is GNU 11.4.0
[1.483s] -- The CXX compiler identification is GNU 11.4.0
[1.555s] -- Detecting C compiler ABI info
[1.894s] -- Detecting C compiler ABI info - done
[1.935s] -- Check for working C compiler: /usr/bin/cc - skipped
[1.936s] -- Detecting C compile features
[1.939s] -- Detecting C compile features - done
[1.953s] -- Detecting CXX compiler ABI info
[2.247s] -- Detecting CXX compiler ABI info - done
[2.295s] -- Check for working CXX compiler: /usr/bin/c++ - skipped
[2.296s] -- Detecting CXX compile features
[2.299s] -- Detecting CXX compile features - done
[2.308s] -- Found ament_cmake: 1.3.12 (/opt/ros/humble/share/ament_cmake/cmake)
[2.802s] -- Found Python3: /usr/bin/python3 (found version "3.10.12") found components: Interpreter 
[3.166s] -- Found rclcpp: 16.0.14 (/opt/ros/humble/share/rclcpp/cmake)
[3.339s] -- Found rosidl_generator_c: 3.1.7 (/opt/ros/humble/share/rosidl_generator_c/cmake)
[3.360s] -- Found rosidl_adapter: 3.1.7 (/opt/ros/humble/share/rosidl_adapter/cmake)
[3.397s] -- Found rosidl_generator_cpp: 3.1.7 (/opt/ros/humble/share/rosidl_generator_cpp/cmake)
[3.456s] -- Using all available rosidl_typesupport_c: rosidl_typesupport_fastrtps_c;rosidl_typesupport_introspection_c
[3.545s] -- Using all available rosidl_typesupport_cpp: rosidl_typesupport_fastrtps_cpp;rosidl_typesupport_introspection_cpp
[3.782s] -- Found rmw_implementation_cmake: 6.1.2 (/opt/ros/humble/share/rmw_implementation_cmake/cmake)
[3.798s] -- Found rmw_fastrtps_cpp: 6.2.8 (/opt/ros/humble/share/rmw_fastrtps_cpp/cmake)
[4.262s] -- Found OpenSSL: /usr/lib/x86_64-linux-gnu/libcrypto.so (found version "3.0.2")  
[4.384s] -- Found FastRTPS: /opt/ros/humble/include  
[4.538s] -- Using RMW implementation 'rmw_fastrtps_cpp' as default
[4.571s] -- Performing Test CMAKE_HAVE_LIBC_PTHREAD
[4.898s] -- Performing Test CMAKE_HAVE_LIBC_PTHREAD - Success
[4.903s] -- Found Threads: TRUE  
[5.145s] -- Found geometry_msgs: 4.9.0 (/opt/ros/humble/share/geometry_msgs/cmake)
[5.492s] -- Configuring done
[5.557s] -- Generating done
[5.569s] -- Build files have been written to: /home/rafael/Humanoids/ros_ws/build/humanoid_tools
[5.613s] Invoked command in '/home/rafael/Humanoids/ros_ws/build/humanoid_tools' returned '0': CMAKE_PREFIX_PATH=${CMAKE_PREFIX_PATH}:/opt/ros/humble /usr/bin/cmake /home/rafael/Humanoids/ros_ws/src/humanoid_tools -DCMAKE_INSTALL_PREFIX=/home/rafael/Humanoids/ros_ws/install/humanoid_tools
[5.617s] Invoking command in '/home/rafael/Humanoids/ros_ws/build/humanoid_tools': CMAKE_PREFIX_PATH=${CMAKE_PREFIX_PATH}:/opt/ros/humble /usr/bin/cmake --build /home/rafael/Humanoids/ros_ws/build/humanoid_tools -- -j2 -l2
[5.716s] [ 33%] [32mBuilding CXX object CMakeFiles/humanoid_tools.dir/src/hardware.cpp.o[0m
[18.814s] [ 66%] [32mBuilding CXX object CMakeFiles/humanoid_tools.dir/src/vision.cpp.o[0m
[32.148s] [100%] [32m[1mLinking CXX static library libhumanoid_tools.a[0m
[32.209s] [100%] Built target humanoid_tools
[32.237s] Invoked command in '/home/rafael/Humanoids/ros_ws/build/humanoid_tools' returned '0': CMAKE_PREFIX_PATH=${CMAKE_PREFIX_PATH}:/opt/ros/humble /usr/bin/cmake --build /home/rafael/Humanoids/ros_ws/build/humanoid_tools -- -j2 -l2
[32.259s] Invoking command in '/home/rafael/Humanoids/ros_ws/build/humanoid_tools': CMAKE_PREFIX_PATH=${CMAKE_PREFIX_PATH}:/opt/ros/humble /usr/bin/cmake --install /home/rafael/Humanoids/ros_ws/build/humanoid_tools
[32.269s] -- Install configuration: ""
[32.270s] -- Installing: /home/rafael/Humanoids/ros_ws/install/humanoid_tools/lib/libhumanoid_tools.a
[32.273s] -- Installing: /home/rafael/Humanoids/ros_ws/install/humanoid_tools/include
[32.274s] -- Installing: /home/rafael/Humanoids/ros_ws/install/humanoid_tools/include/humanoid_tools
[32.274s] -- Installing: /home/rafael/Humanoids/ros_ws/install/humanoid_tools/include/humanoid_tools/vision.hpp
[32.277s] -- Installing: /home/rafael/Humanoids/ros_ws/install/humanoid_tools/include/humanoid_tools/hardware.hpp
[32.278s] -- Installing: /home/rafael/Humanoids/ros_ws/install/humanoid_tools/share/humanoid_tools/environment/library_path.sh
[32.281s] -- Installing: /home/rafael/Humanoids/ros_ws/install/humanoid_tools/share/humanoid_tools/environment/library_path.dsv
[32.281s] -- Installing: /home/rafael/Humanoids/ros_ws/install/humanoid_tools/share/ament_index/resource_index/package_run_dependencies/humanoid_tools
[32.282s] -- Installing: /home/rafael/Humanoids/ros_ws/install/humanoid_tools/share/ament_index/resource_index/parent_prefix_path/humanoid_tools
[32.284s] -- Installing: /home/rafael/Humanoids/ros_ws/install/humanoid_tools/share/humanoid_tools/environment/ament_prefix_path.sh
[32.284s] -- Installing: /home/rafael/Humanoids/ros_ws/install/humanoid_tools/share/humanoid_tools/environment/ament_prefix_path.dsv
[32.287s] -- Installing: /home/rafael/Humanoids/ros_ws/install/humanoid_tools/share/humanoid_tools/environment/path.sh
[32.290s] -- Installing: /home/rafael/Humanoids/ros_ws/install/humanoid_tools/share/humanoid_tools/environment/path.dsv
[32.290s] -- Installing: /home/rafael/Humanoids/ros_ws/install/humanoid_tools/share/humanoid_tools/local_setup.bash
[32.291s] -- Installing: /home/rafael/Humanoids/ros_ws/install/humanoid_tools/share/humanoid_tools/local_setup.sh
[32.293s] -- Installing: /home/rafael/Humanoids/ros_ws/install/humanoid_tools/share/humanoid_tools/local_setup.zsh
[32.294s] -- Installing: /home/rafael/Humanoids/ros_ws/install/humanoid_tools/share/humanoid_tools/local_setup.dsv
[32.294s] -- Installing: /home/rafael/Humanoids/ros_ws/install/humanoid_tools/share/humanoid_tools/package.dsv
[32.298s] -- Installing: /home/rafael/Humanoids/ros_ws/install/humanoid_tools/share/ament_index/resource_index/packages/humanoid_tools
[32.299s] -- Installing: /home/rafael/Humanoids/ros_ws/install/humanoid_tools/share/humanoid_tools/cmake/ament_cmake_export_include_directories-extras.cmake
[32.300s] -- Installing: /home/rafael/Humanoids/ros_ws/install/humanoid_tools/share/humanoid_tools/cmake/ament_cmake_export_libraries-extras.cmake
[32.301s] -- Installing: /home/rafael/Humanoids/ros_ws/install/humanoid_tools/share/humanoid_tools/cmake/ament_cmake_export_dependencies-extras.cmake
[32.301s] -- Installing: /home/rafael/Humanoids/ros_ws/install/humanoid_tools/share/humanoid_tools/cmake/humanoid_toolsConfig.cmake
[32.303s] -- Installing: /home/rafael/Humanoids/ros_ws/install/humanoid_tools/share/humanoid_tools/cmake/humanoid_toolsConfig-version.cmake
[32.303s] -- Installing: /home/rafael/Humanoids/ros_ws/install/humanoid_tools/share/humanoid_tools/package.xml
[32.308s] Invoked command in '/home/rafael/Humanoids/ros_ws/build/humanoid_tools' returned '0': CMAKE_PREFIX_PATH=${CMAKE_PREFIX_PATH}:/opt/ros/humble /usr/bin/cmake --install /home/rafael/Humanoids/ros_ws/build/humanoid_tools
