[0.055s] Invoking command in '/home/rafael/Humanoids/ros_ws/build/task_manager': CMAKE_PREFIX_PATH=${CMAKE_PREFIX_PATH}:/opt/ros/humble /usr/bin/cmake --build /home/rafael/Humanoids/ros_ws/build/task_manager -- -j2 -l2
[0.175s] [100%] Built target push_recovery
[0.192s] Invoked command in '/home/rafael/Humanoids/ros_ws/build/task_manager' returned '0': CMAKE_PREFIX_PATH=${CMAKE_PREFIX_PATH}:/opt/ros/humble /usr/bin/cmake --build /home/rafael/Humanoids/ros_ws/build/task_manager -- -j2 -l2
[0.208s] Invoking command in '/home/rafael/Humanoids/ros_ws/build/task_manager': CMAKE_PREFIX_PATH=${CMAKE_PREFIX_PATH}:/opt/ros/humble /usr/bin/cmake --install /home/rafael/Humanoids/ros_ws/build/task_manager
[0.222s] -- Install configuration: ""
[0.225s] -- Up-to-date: /home/rafael/Humanoids/ros_ws/install/task_manager/lib/task_manager/push_recovery
[0.226s] -- Up-to-date: /home/rafael/Humanoids/ros_ws/install/task_manager/share/ament_index/resource_index/package_run_dependencies/task_manager
[0.226s] -- Up-to-date: /home/rafael/Humanoids/ros_ws/install/task_manager/share/ament_index/resource_index/parent_prefix_path/task_manager
[0.227s] -- Up-to-date: /home/rafael/Humanoids/ros_ws/install/task_manager/share/task_manager/environment/ament_prefix_path.sh
[0.228s] -- Up-to-date: /home/rafael/Humanoids/ros_ws/install/task_manager/share/task_manager/environment/ament_prefix_path.dsv
[0.228s] -- Up-to-date: /home/rafael/Humanoids/ros_ws/install/task_manager/share/task_manager/environment/path.sh
[0.228s] -- Up-to-date: /home/rafael/Humanoids/ros_ws/install/task_manager/share/task_manager/environment/path.dsv
[0.229s] -- Up-to-date: /home/rafael/Humanoids/ros_ws/install/task_manager/share/task_manager/local_setup.bash
[0.229s] -- Up-to-date: /home/rafael/Humanoids/ros_ws/install/task_manager/share/task_manager/local_setup.sh
[0.229s] -- Up-to-date: /home/rafael/Humanoids/ros_ws/install/task_manager/share/task_manager/local_setup.zsh
[0.230s] -- Up-to-date: /home/rafael/Humanoids/ros_ws/install/task_manager/share/task_manager/local_setup.dsv
[0.230s] -- Installing: /home/rafael/Humanoids/ros_ws/install/task_manager/share/task_manager/package.dsv
[0.230s] -- Up-to-date: /home/rafael/Humanoids/ros_ws/install/task_manager/share/ament_index/resource_index/packages/task_manager
[0.230s] -- Up-to-date: /home/rafael/Humanoids/ros_ws/install/task_manager/share/task_manager/cmake/task_managerConfig.cmake
[0.231s] -- Up-to-date: /home/rafael/Humanoids/ros_ws/install/task_manager/share/task_manager/cmake/task_managerConfig-version.cmake
[0.231s] -- Up-to-date: /home/rafael/Humanoids/ros_ws/install/task_manager/share/task_manager/package.xml
[0.236s] Invoked command in '/home/rafael/Humanoids/ros_ws/build/task_manager' returned '0': CMAKE_PREFIX_PATH=${CMAKE_PREFIX_PATH}:/opt/ros/humble /usr/bin/cmake --install /home/rafael/Humanoids/ros_ws/build/task_manager
