[0.010s] Invoking command in '/home/mercus/Humanoids/ros_ws/build/refbox_comm_node': CONDA_PROMPT_MODIFIER=(base) /usr/bin/cmake /home/mercus/Humanoids/ros_ws/src/RefBoxComm/refbox_comm_node -DCATKIN_INSTALL_INTO_PREFIX_ROOT=0 -DCMAKE_INSTALL_PREFIX=/home/mercus/Humanoids/ros_ws/install/refbox_comm_node
[0.017s] -- Found ament_cmake: 1.3.12 (/opt/ros/humble/share/ament_cmake/cmake)
[0.228s] -- Configuring done
[0.230s] -- Generating done
[0.230s] -- Build files have been written to: /home/mercus/Humanoids/ros_ws/build/refbox_comm_node
[0.233s] Invoked command in '/home/mercus/Humanoids/ros_ws/build/refbox_comm_node' returned '0': CONDA_PROMPT_MODIFIER=(base) /usr/bin/cmake /home/mercus/Humanoids/ros_ws/src/RefBoxComm/refbox_comm_node -DCATKIN_INSTALL_INTO_PREFIX_ROOT=0 -DCMAKE_INSTALL_PREFIX=/home/mercus/Humanoids/ros_ws/install/refbox_comm_node
[0.234s] Invoking command in '/home/mercus/Humanoids/ros_ws/build/refbox_comm_node': CONDA_PROMPT_MODIFIER=(base) /usr/bin/cmake --build /home/mercus/Humanoids/ros_ws/build/refbox_comm_node -- -j20 -l20
[0.270s] Invoked command in '/home/mercus/Humanoids/ros_ws/build/refbox_comm_node' returned '0': CONDA_PROMPT_MODIFIER=(base) /usr/bin/cmake --build /home/mercus/Humanoids/ros_ws/build/refbox_comm_node -- -j20 -l20
[0.273s] Invoking command in '/home/mercus/Humanoids/ros_ws/build/refbox_comm_node': CONDA_PROMPT_MODIFIER=(base) /usr/bin/cmake --install /home/mercus/Humanoids/ros_ws/build/refbox_comm_node
[0.281s] -- Install configuration: ""
[0.282s] -- Installing: /home/mercus/Humanoids/ros_ws/install/refbox_comm_node/share/ament_index/resource_index/package_run_dependencies/refbox_comm_node
[0.282s] -- Installing: /home/mercus/Humanoids/ros_ws/install/refbox_comm_node/share/ament_index/resource_index/parent_prefix_path/refbox_comm_node
[0.282s] -- Installing: /home/mercus/Humanoids/ros_ws/install/refbox_comm_node/share/refbox_comm_node/environment/ament_prefix_path.sh
[0.282s] -- Installing: /home/mercus/Humanoids/ros_ws/install/refbox_comm_node/share/refbox_comm_node/environment/ament_prefix_path.dsv
[0.282s] -- Installing: /home/mercus/Humanoids/ros_ws/install/refbox_comm_node/share/refbox_comm_node/environment/path.sh
[0.282s] -- Installing: /home/mercus/Humanoids/ros_ws/install/refbox_comm_node/share/refbox_comm_node/environment/path.dsv
[0.282s] -- Installing: /home/mercus/Humanoids/ros_ws/install/refbox_comm_node/share/refbox_comm_node/local_setup.bash
[0.282s] -- Installing: /home/mercus/Humanoids/ros_ws/install/refbox_comm_node/share/refbox_comm_node/local_setup.sh
[0.283s] -- Installing: /home/mercus/Humanoids/ros_ws/install/refbox_comm_node/share/refbox_comm_node/local_setup.zsh
[0.283s] -- Installing: /home/mercus/Humanoids/ros_ws/install/refbox_comm_node/share/refbox_comm_node/local_setup.dsv
[0.283s] -- Installing: /home/mercus/Humanoids/ros_ws/install/refbox_comm_node/share/refbox_comm_node/package.dsv
[0.283s] -- Installing: /home/mercus/Humanoids/ros_ws/install/refbox_comm_node/share/ament_index/resource_index/packages/refbox_comm_node
[0.283s] -- Installing: /home/mercus/Humanoids/ros_ws/install/refbox_comm_node/share/refbox_comm_node/cmake/refbox_comm_nodeConfig.cmake
[0.283s] -- Installing: /home/mercus/Humanoids/ros_ws/install/refbox_comm_node/share/refbox_comm_node/cmake/refbox_comm_nodeConfig-version.cmake
[0.283s] -- Installing: /home/mercus/Humanoids/ros_ws/install/refbox_comm_node/share/refbox_comm_node/package.xml
[0.306s] Invoked command in '/home/mercus/Humanoids/ros_ws/build/refbox_comm_node' returned '0': CONDA_PROMPT_MODIFIER=(base) /usr/bin/cmake --install /home/mercus/Humanoids/ros_ws/build/refbox_comm_node
