[0.061s] Invoking command in '/home/rafael/Humanoids/ros_ws/build/hdwr_pkg': /usr/bin/cmake /home/rafael/Humanoids/ros_ws/src/Hardware/hdwr_pkg -DCATKIN_INSTALL_INTO_PREFIX_ROOT=0 -DCMAKE_INSTALL_PREFIX=/home/rafael/Humanoids/ros_ws/install/hdwr_pkg
[0.310s] -- The C compiler identification is GNU 11.4.0
[0.590s] -- The CXX compiler identification is GNU 11.4.0
[0.638s] -- Detecting C compiler ABI info
[0.881s] -- Detecting C compiler ABI info - done
[0.941s] -- Check for working C compiler: /usr/bin/cc - skipped
[0.942s] -- Detecting C compile features
[0.942s] -- Detecting C compile features - done
[0.948s] -- Detecting CXX compiler ABI info
[1.246s] -- Detecting CXX compiler ABI info - done
[1.295s] -- Check for working CXX compiler: /usr/bin/c++ - skipped
[1.299s] -- Detecting CXX compile features
[1.300s] -- Detecting CXX compile features - done
[1.341s] [31mCMake Error at CMakeLists.txt:10 (find_package):
[1.342s]   By not providing "Findcatkin.cmake" in CMAKE_MODULE_PATH this project has
[1.342s]   asked CMake to find a package configuration file provided by "catkin", but
[1.342s]   CMake did not find one.
[1.342s] 
[1.343s]   Could not find a package configuration file provided by "catkin" with any
[1.348s]   of the following names:
[1.349s] 
[1.349s]     catkinConfig.cmake
[1.350s]     catkin-config.cmake
[1.350s] 
[1.350s]   Add the installation prefix of "catkin" to CMAKE_PREFIX_PATH or set
[1.351s]   "catkin_DIR" to a directory containing one of the above files.  If "catkin"
[1.351s]   provides a separate development package or SDK, be sure it has been
[1.351s]   installed.
[1.352s] 
[1.354s] [0m
[1.355s] -- Configuring incomplete, errors occurred!
[1.355s] See also "/home/rafael/Humanoids/ros_ws/build/hdwr_pkg/CMakeFiles/CMakeOutput.log".
[1.366s] Invoked command in '/home/rafael/Humanoids/ros_ws/build/hdwr_pkg' returned '1': /usr/bin/cmake /home/rafael/Humanoids/ros_ws/src/Hardware/hdwr_pkg -DCATKIN_INSTALL_INTO_PREFIX_ROOT=0 -DCMAKE_INSTALL_PREFIX=/home/rafael/Humanoids/ros_ws/install/hdwr_pkg
