[35m[1mConsolidate compiler generated dependencies of target hdwr_pkg__rosidl_generator_c[0m
[  3%] Built target hdwr_pkg__cpp
[ 12%] Built target hdwr_pkg__rosidl_generator_c
[35m[1mConsolidate compiler generated dependencies of target hdwr_pkg__rosidl_typesupport_cpp[0m
[35m[1mConsolidate compiler generated dependencies of target hdwr_pkg__rosidl_typesupport_introspection_cpp[0m
[35m[1mConsolidate compiler generated dependencies of target hdwr_pkg__rosidl_typesupport_introspection_c[0m
[ 12%] Built target ament_cmake_python_copy_hdwr_pkg
[35m[1mConsolidate compiler generated dependencies of target hdwr_pkg__rosidl_typesupport_fastrtps_c[0m
[35m[1mConsolidate compiler generated dependencies of target hdwr_pkg__rosidl_typesupport_fastrtps_cpp[0m
[35m[1mConsolidate compiler generated dependencies of target hdwr_pkg__rosidl_typesupport_c[0m
[ 29%] Built target hdwr_pkg__rosidl_typesupport_cpp
[ 32%] Built target hdwr_pkg__rosidl_typesupport_introspection_cpp
[ 41%] Built target hdwr_pkg__rosidl_typesupport_introspection_c
[ 54%] Built target hdwr_pkg__rosidl_typesupport_fastrtps_cpp
[ 61%] Built target hdwr_pkg__rosidl_typesupport_c
[ 70%] Built target hdwr_pkg__rosidl_typesupport_fastrtps_c
[ 70%] Built target hdwr_pkg
[ 74%] Built target hdwr_pkg__py
[35m[1mConsolidate compiler generated dependencies of target hdwr_pkg__rosidl_generator_py[0m
[ 80%] Built target hdwr_pkg__rosidl_generator_py
[35m[1mConsolidate compiler generated dependencies of target hdwr_pkg__rosidl_typesupport_fastrtps_c__pyext[0m
[35m[1mConsolidate compiler generated dependencies of target hdwr_pkg__rosidl_typesupport_introspection_c__pyext[0m
[35m[1mConsolidate compiler generated dependencies of target hdwr_pkg__rosidl_typesupport_c__pyext[0m
[ 87%] Built target hdwr_pkg__rosidl_typesupport_fastrtps_c__pyext
[ 93%] Built target hdwr_pkg__rosidl_typesupport_c__pyext
[100%] Built target hdwr_pkg__rosidl_typesupport_introspection_c__pyext
running egg_info
writing hdwr_pkg.egg-info/PKG-INFO
writing dependency_links to hdwr_pkg.egg-info/dependency_links.txt
writing top-level names to hdwr_pkg.egg-info/top_level.txt
reading manifest file 'hdwr_pkg.egg-info/SOURCES.txt'
writing manifest file 'hdwr_pkg.egg-info/SOURCES.txt'
[100%] Built target ament_cmake_python_build_hdwr_pkg_egg
-- Install configuration: ""
-- Installing: /home/mercus/Humanoids/ros_ws/install/hdwr_pkg/share/ament_index/resource_index/rosidl_interfaces/hdwr_pkg
-- Installing: /home/mercus/Humanoids/ros_ws/install/hdwr_pkg/include/hdwr_pkg/hdwr_pkg
-- Installing: /home/mercus/Humanoids/ros_ws/install/hdwr_pkg/include/hdwr_pkg/hdwr_pkg/srv
-- Installing: /home/mercus/Humanoids/ros_ws/install/hdwr_pkg/include/hdwr_pkg/hdwr_pkg/srv/detail
-- Installing: /home/mercus/Humanoids/ros_ws/install/hdwr_pkg/include/hdwr_pkg/hdwr_pkg/srv/detail/human_srv__type_support.h
-- Installing: /home/mercus/Humanoids/ros_ws/install/hdwr_pkg/include/hdwr_pkg/hdwr_pkg/srv/detail/human_srv__struct.h
-- Installing: /home/mercus/Humanoids/ros_ws/install/hdwr_pkg/include/hdwr_pkg/hdwr_pkg/srv/detail/human_srv__functions.c
-- Installing: /home/mercus/Humanoids/ros_ws/install/hdwr_pkg/include/hdwr_pkg/hdwr_pkg/srv/detail/human_srv__functions.h
-- Installing: /home/mercus/Humanoids/ros_ws/install/hdwr_pkg/include/hdwr_pkg/hdwr_pkg/srv/human_srv.h
-- Installing: /home/mercus/Humanoids/ros_ws/install/hdwr_pkg/include/hdwr_pkg/hdwr_pkg/msg
-- Installing: /home/mercus/Humanoids/ros_ws/install/hdwr_pkg/include/hdwr_pkg/hdwr_pkg/msg/rosidl_generator_c__visibility_control.h
-- Installing: /home/mercus/Humanoids/ros_ws/install/hdwr_pkg/share/hdwr_pkg/environment/library_path.sh
-- Installing: /home/mercus/Humanoids/ros_ws/install/hdwr_pkg/share/hdwr_pkg/environment/library_path.dsv
-- Installing: /home/mercus/Humanoids/ros_ws/install/hdwr_pkg/lib/libhdwr_pkg__rosidl_generator_c.so
-- Set runtime path of "/home/mercus/Humanoids/ros_ws/install/hdwr_pkg/lib/libhdwr_pkg__rosidl_generator_c.so" to ""
-- Up-to-date: /home/mercus/Humanoids/ros_ws/install/hdwr_pkg/include/hdwr_pkg/hdwr_pkg
-- Up-to-date: /home/mercus/Humanoids/ros_ws/install/hdwr_pkg/include/hdwr_pkg/hdwr_pkg/srv
-- Up-to-date: /home/mercus/Humanoids/ros_ws/install/hdwr_pkg/include/hdwr_pkg/hdwr_pkg/srv/detail
-- Installing: /home/mercus/Humanoids/ros_ws/install/hdwr_pkg/include/hdwr_pkg/hdwr_pkg/srv/detail/human_srv__rosidl_typesupport_fastrtps_c.h
-- Up-to-date: /home/mercus/Humanoids/ros_ws/install/hdwr_pkg/include/hdwr_pkg/hdwr_pkg/msg
-- Installing: /home/mercus/Humanoids/ros_ws/install/hdwr_pkg/include/hdwr_pkg/hdwr_pkg/msg/rosidl_typesupport_fastrtps_c__visibility_control.h
-- Installing: /home/mercus/Humanoids/ros_ws/install/hdwr_pkg/lib/libhdwr_pkg__rosidl_typesupport_fastrtps_c.so
-- Set runtime path of "/home/mercus/Humanoids/ros_ws/install/hdwr_pkg/lib/libhdwr_pkg__rosidl_typesupport_fastrtps_c.so" to ""
-- Up-to-date: /home/mercus/Humanoids/ros_ws/install/hdwr_pkg/include/hdwr_pkg/hdwr_pkg
-- Up-to-date: /home/mercus/Humanoids/ros_ws/install/hdwr_pkg/include/hdwr_pkg/hdwr_pkg/srv
-- Up-to-date: /home/mercus/Humanoids/ros_ws/install/hdwr_pkg/include/hdwr_pkg/hdwr_pkg/srv/detail
-- Installing: /home/mercus/Humanoids/ros_ws/install/hdwr_pkg/include/hdwr_pkg/hdwr_pkg/srv/detail/human_srv__type_support.c
-- Installing: /home/mercus/Humanoids/ros_ws/install/hdwr_pkg/include/hdwr_pkg/hdwr_pkg/srv/detail/human_srv__rosidl_typesupport_introspection_c.h
-- Up-to-date: /home/mercus/Humanoids/ros_ws/install/hdwr_pkg/include/hdwr_pkg/hdwr_pkg/msg
-- Installing: /home/mercus/Humanoids/ros_ws/install/hdwr_pkg/include/hdwr_pkg/hdwr_pkg/msg/rosidl_typesupport_introspection_c__visibility_control.h
-- Installing: /home/mercus/Humanoids/ros_ws/install/hdwr_pkg/lib/libhdwr_pkg__rosidl_typesupport_introspection_c.so
-- Set runtime path of "/home/mercus/Humanoids/ros_ws/install/hdwr_pkg/lib/libhdwr_pkg__rosidl_typesupport_introspection_c.so" to ""
-- Installing: /home/mercus/Humanoids/ros_ws/install/hdwr_pkg/lib/libhdwr_pkg__rosidl_typesupport_c.so
-- Set runtime path of "/home/mercus/Humanoids/ros_ws/install/hdwr_pkg/lib/libhdwr_pkg__rosidl_typesupport_c.so" to ""
-- Up-to-date: /home/mercus/Humanoids/ros_ws/install/hdwr_pkg/include/hdwr_pkg/hdwr_pkg
-- Up-to-date: /home/mercus/Humanoids/ros_ws/install/hdwr_pkg/include/hdwr_pkg/hdwr_pkg/srv
-- Up-to-date: /home/mercus/Humanoids/ros_ws/install/hdwr_pkg/include/hdwr_pkg/hdwr_pkg/srv/detail
-- Installing: /home/mercus/Humanoids/ros_ws/install/hdwr_pkg/include/hdwr_pkg/hdwr_pkg/srv/detail/human_srv__builder.hpp
-- Installing: /home/mercus/Humanoids/ros_ws/install/hdwr_pkg/include/hdwr_pkg/hdwr_pkg/srv/detail/human_srv__traits.hpp
-- Installing: /home/mercus/Humanoids/ros_ws/install/hdwr_pkg/include/hdwr_pkg/hdwr_pkg/srv/detail/human_srv__type_support.hpp
-- Installing: /home/mercus/Humanoids/ros_ws/install/hdwr_pkg/include/hdwr_pkg/hdwr_pkg/srv/detail/human_srv__struct.hpp
-- Installing: /home/mercus/Humanoids/ros_ws/install/hdwr_pkg/include/hdwr_pkg/hdwr_pkg/srv/human_srv.hpp
-- Up-to-date: /home/mercus/Humanoids/ros_ws/install/hdwr_pkg/include/hdwr_pkg/hdwr_pkg/msg
-- Installing: /home/mercus/Humanoids/ros_ws/install/hdwr_pkg/include/hdwr_pkg/hdwr_pkg/msg/rosidl_generator_cpp__visibility_control.hpp
-- Up-to-date: /home/mercus/Humanoids/ros_ws/install/hdwr_pkg/include/hdwr_pkg/hdwr_pkg
-- Up-to-date: /home/mercus/Humanoids/ros_ws/install/hdwr_pkg/include/hdwr_pkg/hdwr_pkg/srv
-- Up-to-date: /home/mercus/Humanoids/ros_ws/install/hdwr_pkg/include/hdwr_pkg/hdwr_pkg/srv/detail
-- Installing: /home/mercus/Humanoids/ros_ws/install/hdwr_pkg/include/hdwr_pkg/hdwr_pkg/srv/detail/human_srv__rosidl_typesupport_fastrtps_cpp.hpp
-- Installing: /home/mercus/Humanoids/ros_ws/install/hdwr_pkg/include/hdwr_pkg/hdwr_pkg/srv/detail/dds_fastrtps
-- Up-to-date: /home/mercus/Humanoids/ros_ws/install/hdwr_pkg/include/hdwr_pkg/hdwr_pkg/msg
-- Installing: /home/mercus/Humanoids/ros_ws/install/hdwr_pkg/include/hdwr_pkg/hdwr_pkg/msg/rosidl_typesupport_fastrtps_cpp__visibility_control.h
-- Installing: /home/mercus/Humanoids/ros_ws/install/hdwr_pkg/lib/libhdwr_pkg__rosidl_typesupport_fastrtps_cpp.so
-- Set runtime path of "/home/mercus/Humanoids/ros_ws/install/hdwr_pkg/lib/libhdwr_pkg__rosidl_typesupport_fastrtps_cpp.so" to ""
-- Up-to-date: /home/mercus/Humanoids/ros_ws/install/hdwr_pkg/include/hdwr_pkg/hdwr_pkg
-- Up-to-date: /home/mercus/Humanoids/ros_ws/install/hdwr_pkg/include/hdwr_pkg/hdwr_pkg/srv
-- Up-to-date: /home/mercus/Humanoids/ros_ws/install/hdwr_pkg/include/hdwr_pkg/hdwr_pkg/srv/detail
-- Installing: /home/mercus/Humanoids/ros_ws/install/hdwr_pkg/include/hdwr_pkg/hdwr_pkg/srv/detail/human_srv__type_support.cpp
-- Installing: /home/mercus/Humanoids/ros_ws/install/hdwr_pkg/include/hdwr_pkg/hdwr_pkg/srv/detail/human_srv__rosidl_typesupport_introspection_cpp.hpp
-- Installing: /home/mercus/Humanoids/ros_ws/install/hdwr_pkg/lib/libhdwr_pkg__rosidl_typesupport_introspection_cpp.so
-- Set runtime path of "/home/mercus/Humanoids/ros_ws/install/hdwr_pkg/lib/libhdwr_pkg__rosidl_typesupport_introspection_cpp.so" to ""
-- Installing: /home/mercus/Humanoids/ros_ws/install/hdwr_pkg/lib/libhdwr_pkg__rosidl_typesupport_cpp.so
-- Set runtime path of "/home/mercus/Humanoids/ros_ws/install/hdwr_pkg/lib/libhdwr_pkg__rosidl_typesupport_cpp.so" to ""
-- Installing: /home/mercus/Humanoids/ros_ws/install/hdwr_pkg/share/hdwr_pkg/environment/pythonpath.sh
-- Installing: /home/mercus/Humanoids/ros_ws/install/hdwr_pkg/share/hdwr_pkg/environment/pythonpath.dsv
-- Installing: /home/mercus/Humanoids/ros_ws/install/hdwr_pkg/lib/python3.13/site-packages/hdwr_pkg-0.0.0-py3.13.egg-info
-- Installing: /home/mercus/Humanoids/ros_ws/install/hdwr_pkg/lib/python3.13/site-packages/hdwr_pkg-0.0.0-py3.13.egg-info/top_level.txt
-- Installing: /home/mercus/Humanoids/ros_ws/install/hdwr_pkg/lib/python3.13/site-packages/hdwr_pkg-0.0.0-py3.13.egg-info/PKG-INFO
-- Installing: /home/mercus/Humanoids/ros_ws/install/hdwr_pkg/lib/python3.13/site-packages/hdwr_pkg-0.0.0-py3.13.egg-info/SOURCES.txt
-- Installing: /home/mercus/Humanoids/ros_ws/install/hdwr_pkg/lib/python3.13/site-packages/hdwr_pkg-0.0.0-py3.13.egg-info/dependency_links.txt
-- Installing: /home/mercus/Humanoids/ros_ws/install/hdwr_pkg/lib/python3.13/site-packages/hdwr_pkg
-- Installing: /home/mercus/Humanoids/ros_ws/install/hdwr_pkg/lib/python3.13/site-packages/hdwr_pkg/srv
-- Installing: /home/mercus/Humanoids/ros_ws/install/hdwr_pkg/lib/python3.13/site-packages/hdwr_pkg/srv/_human_srv_s.c
-- Installing: /home/mercus/Humanoids/ros_ws/install/hdwr_pkg/lib/python3.13/site-packages/hdwr_pkg/srv/__init__.py
-- Installing: /home/mercus/Humanoids/ros_ws/install/hdwr_pkg/lib/python3.13/site-packages/hdwr_pkg/srv/_human_srv.py
-- Installing: /home/mercus/Humanoids/ros_ws/install/hdwr_pkg/lib/python3.13/site-packages/hdwr_pkg/_hdwr_pkg_s.ep.rosidl_typesupport_introspection_c.c
-- Installing: /home/mercus/Humanoids/ros_ws/install/hdwr_pkg/lib/python3.13/site-packages/hdwr_pkg/_hdwr_pkg_s.ep.rosidl_typesupport_c.c
-- Installing: /home/mercus/Humanoids/ros_ws/install/hdwr_pkg/lib/python3.13/site-packages/hdwr_pkg/hdwr_pkg_s__rosidl_typesupport_fastrtps_c.cpython-313-x86_64-linux-gnu.so
-- Installing: /home/mercus/Humanoids/ros_ws/install/hdwr_pkg/lib/python3.13/site-packages/hdwr_pkg/hdwr_pkg_s__rosidl_typesupport_c.cpython-313-x86_64-linux-gnu.so
-- Installing: /home/mercus/Humanoids/ros_ws/install/hdwr_pkg/lib/python3.13/site-packages/hdwr_pkg/libhdwr_pkg__rosidl_generator_py.so
-- Installing: /home/mercus/Humanoids/ros_ws/install/hdwr_pkg/lib/python3.13/site-packages/hdwr_pkg/hdwr_pkg_s__rosidl_typesupport_introspection_c.cpython-313-x86_64-linux-gnu.so
-- Installing: /home/mercus/Humanoids/ros_ws/install/hdwr_pkg/lib/python3.13/site-packages/hdwr_pkg/__init__.py
-- Installing: /home/mercus/Humanoids/ros_ws/install/hdwr_pkg/lib/python3.13/site-packages/hdwr_pkg/_hdwr_pkg_s.ep.rosidl_typesupport_fastrtps_c.c
Listing '/home/mercus/Humanoids/ros_ws/install/hdwr_pkg/lib/python3.13/site-packages/hdwr_pkg'...
Compiling '/home/mercus/Humanoids/ros_ws/install/hdwr_pkg/lib/python3.13/site-packages/hdwr_pkg/__init__.py'...
Listing '/home/mercus/Humanoids/ros_ws/install/hdwr_pkg/lib/python3.13/site-packages/hdwr_pkg/srv'...
Compiling '/home/mercus/Humanoids/ros_ws/install/hdwr_pkg/lib/python3.13/site-packages/hdwr_pkg/srv/__init__.py'...
Compiling '/home/mercus/Humanoids/ros_ws/install/hdwr_pkg/lib/python3.13/site-packages/hdwr_pkg/srv/_human_srv.py'...
-- Installing: /home/mercus/Humanoids/ros_ws/install/hdwr_pkg/lib/python3.13/site-packages/hdwr_pkg/hdwr_pkg_s__rosidl_typesupport_fastrtps_c.cpython-313-x86_64-linux-gnu.so
-- Set runtime path of "/home/mercus/Humanoids/ros_ws/install/hdwr_pkg/lib/python3.13/site-packages/hdwr_pkg/hdwr_pkg_s__rosidl_typesupport_fastrtps_c.cpython-313-x86_64-linux-gnu.so" to ""
-- Installing: /home/mercus/Humanoids/ros_ws/install/hdwr_pkg/lib/python3.13/site-packages/hdwr_pkg/hdwr_pkg_s__rosidl_typesupport_introspection_c.cpython-313-x86_64-linux-gnu.so
-- Set runtime path of "/home/mercus/Humanoids/ros_ws/install/hdwr_pkg/lib/python3.13/site-packages/hdwr_pkg/hdwr_pkg_s__rosidl_typesupport_introspection_c.cpython-313-x86_64-linux-gnu.so" to ""
-- Installing: /home/mercus/Humanoids/ros_ws/install/hdwr_pkg/lib/python3.13/site-packages/hdwr_pkg/hdwr_pkg_s__rosidl_typesupport_c.cpython-313-x86_64-linux-gnu.so
-- Set runtime path of "/home/mercus/Humanoids/ros_ws/install/hdwr_pkg/lib/python3.13/site-packages/hdwr_pkg/hdwr_pkg_s__rosidl_typesupport_c.cpython-313-x86_64-linux-gnu.so" to ""
-- Installing: /home/mercus/Humanoids/ros_ws/install/hdwr_pkg/lib/libhdwr_pkg__rosidl_generator_py.so
-- Set runtime path of "/home/mercus/Humanoids/ros_ws/install/hdwr_pkg/lib/libhdwr_pkg__rosidl_generator_py.so" to ""
-- Installing: /home/mercus/Humanoids/ros_ws/install/hdwr_pkg/share/hdwr_pkg/srv/HumanSrv.idl
-- Installing: /home/mercus/Humanoids/ros_ws/install/hdwr_pkg/share/hdwr_pkg/srv/HumanSrv.srv
-- Installing: /home/mercus/Humanoids/ros_ws/install/hdwr_pkg/share/hdwr_pkg/srv/HumanSrv_Request.msg
-- Installing: /home/mercus/Humanoids/ros_ws/install/hdwr_pkg/share/hdwr_pkg/srv/HumanSrv_Response.msg
-- Installing: /home/mercus/Humanoids/ros_ws/install/hdwr_pkg/lib/hdwr_pkg/test_sdk_node.py
-- Installing: /home/mercus/Humanoids/ros_ws/install/hdwr_pkg/share/ament_index/resource_index/package_run_dependencies/hdwr_pkg
-- Installing: /home/mercus/Humanoids/ros_ws/install/hdwr_pkg/share/ament_index/resource_index/parent_prefix_path/hdwr_pkg
-- Installing: /home/mercus/Humanoids/ros_ws/install/hdwr_pkg/share/hdwr_pkg/environment/ament_prefix_path.sh
-- Installing: /home/mercus/Humanoids/ros_ws/install/hdwr_pkg/share/hdwr_pkg/environment/ament_prefix_path.dsv
-- Installing: /home/mercus/Humanoids/ros_ws/install/hdwr_pkg/share/hdwr_pkg/environment/path.sh
-- Installing: /home/mercus/Humanoids/ros_ws/install/hdwr_pkg/share/hdwr_pkg/environment/path.dsv
-- Installing: /home/mercus/Humanoids/ros_ws/install/hdwr_pkg/share/hdwr_pkg/local_setup.bash
-- Installing: /home/mercus/Humanoids/ros_ws/install/hdwr_pkg/share/hdwr_pkg/local_setup.sh
-- Installing: /home/mercus/Humanoids/ros_ws/install/hdwr_pkg/share/hdwr_pkg/local_setup.zsh
-- Installing: /home/mercus/Humanoids/ros_ws/install/hdwr_pkg/share/hdwr_pkg/local_setup.dsv
-- Installing: /home/mercus/Humanoids/ros_ws/install/hdwr_pkg/share/hdwr_pkg/package.dsv
-- Installing: /home/mercus/Humanoids/ros_ws/install/hdwr_pkg/share/ament_index/resource_index/packages/hdwr_pkg
-- Installing: /home/mercus/Humanoids/ros_ws/install/hdwr_pkg/share/hdwr_pkg/cmake/export_hdwr_pkg__rosidl_generator_cExport.cmake
-- Installing: /home/mercus/Humanoids/ros_ws/install/hdwr_pkg/share/hdwr_pkg/cmake/export_hdwr_pkg__rosidl_generator_cExport-noconfig.cmake
-- Installing: /home/mercus/Humanoids/ros_ws/install/hdwr_pkg/share/hdwr_pkg/cmake/export_hdwr_pkg__rosidl_typesupport_fastrtps_cExport.cmake
-- Installing: /home/mercus/Humanoids/ros_ws/install/hdwr_pkg/share/hdwr_pkg/cmake/export_hdwr_pkg__rosidl_typesupport_fastrtps_cExport-noconfig.cmake
-- Installing: /home/mercus/Humanoids/ros_ws/install/hdwr_pkg/share/hdwr_pkg/cmake/hdwr_pkg__rosidl_typesupport_introspection_cExport.cmake
-- Installing: /home/mercus/Humanoids/ros_ws/install/hdwr_pkg/share/hdwr_pkg/cmake/hdwr_pkg__rosidl_typesupport_introspection_cExport-noconfig.cmake
-- Installing: /home/mercus/Humanoids/ros_ws/install/hdwr_pkg/share/hdwr_pkg/cmake/hdwr_pkg__rosidl_typesupport_cExport.cmake
-- Installing: /home/mercus/Humanoids/ros_ws/install/hdwr_pkg/share/hdwr_pkg/cmake/hdwr_pkg__rosidl_typesupport_cExport-noconfig.cmake
-- Installing: /home/mercus/Humanoids/ros_ws/install/hdwr_pkg/share/hdwr_pkg/cmake/export_hdwr_pkg__rosidl_generator_cppExport.cmake
-- Installing: /home/mercus/Humanoids/ros_ws/install/hdwr_pkg/share/hdwr_pkg/cmake/export_hdwr_pkg__rosidl_typesupport_fastrtps_cppExport.cmake
-- Installing: /home/mercus/Humanoids/ros_ws/install/hdwr_pkg/share/hdwr_pkg/cmake/export_hdwr_pkg__rosidl_typesupport_fastrtps_cppExport-noconfig.cmake
-- Installing: /home/mercus/Humanoids/ros_ws/install/hdwr_pkg/share/hdwr_pkg/cmake/hdwr_pkg__rosidl_typesupport_introspection_cppExport.cmake
-- Installing: /home/mercus/Humanoids/ros_ws/install/hdwr_pkg/share/hdwr_pkg/cmake/hdwr_pkg__rosidl_typesupport_introspection_cppExport-noconfig.cmake
-- Installing: /home/mercus/Humanoids/ros_ws/install/hdwr_pkg/share/hdwr_pkg/cmake/hdwr_pkg__rosidl_typesupport_cppExport.cmake
-- Installing: /home/mercus/Humanoids/ros_ws/install/hdwr_pkg/share/hdwr_pkg/cmake/hdwr_pkg__rosidl_typesupport_cppExport-noconfig.cmake
-- Installing: /home/mercus/Humanoids/ros_ws/install/hdwr_pkg/share/hdwr_pkg/cmake/export_hdwr_pkg__rosidl_generator_pyExport.cmake
-- Installing: /home/mercus/Humanoids/ros_ws/install/hdwr_pkg/share/hdwr_pkg/cmake/export_hdwr_pkg__rosidl_generator_pyExport-noconfig.cmake
-- Installing: /home/mercus/Humanoids/ros_ws/install/hdwr_pkg/share/hdwr_pkg/cmake/rosidl_cmake-extras.cmake
-- Installing: /home/mercus/Humanoids/ros_ws/install/hdwr_pkg/share/hdwr_pkg/cmake/ament_cmake_export_include_directories-extras.cmake
-- Installing: /home/mercus/Humanoids/ros_ws/install/hdwr_pkg/share/hdwr_pkg/cmake/ament_cmake_export_libraries-extras.cmake
-- Installing: /home/mercus/Humanoids/ros_ws/install/hdwr_pkg/share/hdwr_pkg/cmake/ament_cmake_export_targets-extras.cmake
-- Installing: /home/mercus/Humanoids/ros_ws/install/hdwr_pkg/share/hdwr_pkg/cmake/rosidl_cmake_export_typesupport_targets-extras.cmake
-- Installing: /home/mercus/Humanoids/ros_ws/install/hdwr_pkg/share/hdwr_pkg/cmake/ament_cmake_export_dependencies-extras.cmake
-- Installing: /home/mercus/Humanoids/ros_ws/install/hdwr_pkg/share/hdwr_pkg/cmake/rosidl_cmake_export_typesupport_libraries-extras.cmake
-- Installing: /home/mercus/Humanoids/ros_ws/install/hdwr_pkg/share/hdwr_pkg/cmake/hdwr_pkgConfig.cmake
-- Installing: /home/mercus/Humanoids/ros_ws/install/hdwr_pkg/share/hdwr_pkg/cmake/hdwr_pkgConfig-version.cmake
-- Installing: /home/mercus/Humanoids/ros_ws/install/hdwr_pkg/share/hdwr_pkg/package.xml
