[0.012s] Invoking command in '/home/mercus/Humanoids/ros_ws/build/hdwr_pkg': CMAKE_PREFIX_PATH=${CMAKE_PREFIX_PATH}:/opt/ros/humble CONDA_PROMPT_MODIFIER=(base) /usr/bin/cmake --build /home/mercus/Humanoids/ros_ws/build/hdwr_pkg -- -j20 -l20
[0.040s] [35m[1mConsolidate compiler generated dependencies of target hdwr_pkg__rosidl_generator_c[0m
[0.044s] [  3%] Built target hdwr_pkg__cpp
[0.047s] [ 12%] Built target hdwr_pkg__rosidl_generator_c
[0.050s] [35m[1mConsolidate compiler generated dependencies of target hdwr_pkg__rosidl_typesupport_cpp[0m
[0.050s] [35m[1mConsolidate compiler generated dependencies of target hdwr_pkg__rosidl_typesupport_introspection_cpp[0m
[0.053s] [35m[1mConsolidate compiler generated dependencies of target hdwr_pkg__rosidl_typesupport_introspection_c[0m
[0.053s] [ 12%] Built target ament_cmake_python_copy_hdwr_pkg
[0.053s] [35m[1mConsolidate compiler generated dependencies of target hdwr_pkg__rosidl_typesupport_fastrtps_c[0m
[0.053s] [35m[1mConsolidate compiler generated dependencies of target hdwr_pkg__rosidl_typesupport_fastrtps_cpp[0m
[0.056s] [35m[1mConsolidate compiler generated dependencies of target hdwr_pkg__rosidl_typesupport_c[0m
[0.058s] [ 29%] Built target hdwr_pkg__rosidl_typesupport_cpp
[0.058s] [ 32%] Built target hdwr_pkg__rosidl_typesupport_introspection_cpp
[0.060s] [ 41%] Built target hdwr_pkg__rosidl_typesupport_introspection_c
[0.065s] [ 54%] Built target hdwr_pkg__rosidl_typesupport_fastrtps_cpp
[0.065s] [ 61%] Built target hdwr_pkg__rosidl_typesupport_c
[0.066s] [ 70%] Built target hdwr_pkg__rosidl_typesupport_fastrtps_c
[0.086s] [ 70%] Built target hdwr_pkg
[0.106s] [ 74%] Built target hdwr_pkg__py
[0.114s] [35m[1mConsolidate compiler generated dependencies of target hdwr_pkg__rosidl_generator_py[0m
[0.129s] [ 80%] Built target hdwr_pkg__rosidl_generator_py
[0.138s] [35m[1mConsolidate compiler generated dependencies of target hdwr_pkg__rosidl_typesupport_fastrtps_c__pyext[0m
[0.138s] [35m[1mConsolidate compiler generated dependencies of target hdwr_pkg__rosidl_typesupport_introspection_c__pyext[0m
[0.140s] [35m[1mConsolidate compiler generated dependencies of target hdwr_pkg__rosidl_typesupport_c__pyext[0m
[0.150s] [ 87%] Built target hdwr_pkg__rosidl_typesupport_fastrtps_c__pyext
[0.150s] [ 93%] Built target hdwr_pkg__rosidl_typesupport_c__pyext
[0.152s] [100%] Built target hdwr_pkg__rosidl_typesupport_introspection_c__pyext
[0.215s] running egg_info
[0.228s] writing hdwr_pkg.egg-info/PKG-INFO
[0.228s] writing dependency_links to hdwr_pkg.egg-info/dependency_links.txt
[0.229s] writing top-level names to hdwr_pkg.egg-info/top_level.txt
[0.255s] reading manifest file 'hdwr_pkg.egg-info/SOURCES.txt'
[0.256s] writing manifest file 'hdwr_pkg.egg-info/SOURCES.txt'
[0.282s] [100%] Built target ament_cmake_python_build_hdwr_pkg_egg
[0.315s] Invoked command in '/home/mercus/Humanoids/ros_ws/build/hdwr_pkg' returned '0': CMAKE_PREFIX_PATH=${CMAKE_PREFIX_PATH}:/opt/ros/humble CONDA_PROMPT_MODIFIER=(base) /usr/bin/cmake --build /home/mercus/Humanoids/ros_ws/build/hdwr_pkg -- -j20 -l20
[0.316s] Invoking command in '/home/mercus/Humanoids/ros_ws/build/hdwr_pkg': CMAKE_PREFIX_PATH=${CMAKE_PREFIX_PATH}:/opt/ros/humble CONDA_PROMPT_MODIFIER=(base) /usr/bin/cmake --install /home/mercus/Humanoids/ros_ws/build/hdwr_pkg
[0.321s] -- Install configuration: ""
[0.321s] -- Installing: /home/mercus/Humanoids/ros_ws/install/hdwr_pkg/share/ament_index/resource_index/rosidl_interfaces/hdwr_pkg
[0.321s] -- Installing: /home/mercus/Humanoids/ros_ws/install/hdwr_pkg/include/hdwr_pkg/hdwr_pkg
[0.321s] -- Installing: /home/mercus/Humanoids/ros_ws/install/hdwr_pkg/include/hdwr_pkg/hdwr_pkg/srv
[0.321s] -- Installing: /home/mercus/Humanoids/ros_ws/install/hdwr_pkg/include/hdwr_pkg/hdwr_pkg/srv/detail
[0.321s] -- Installing: /home/mercus/Humanoids/ros_ws/install/hdwr_pkg/include/hdwr_pkg/hdwr_pkg/srv/detail/human_srv__type_support.h
[0.321s] -- Installing: /home/mercus/Humanoids/ros_ws/install/hdwr_pkg/include/hdwr_pkg/hdwr_pkg/srv/detail/human_srv__struct.h
[0.321s] -- Installing: /home/mercus/Humanoids/ros_ws/install/hdwr_pkg/include/hdwr_pkg/hdwr_pkg/srv/detail/human_srv__functions.c
[0.321s] -- Installing: /home/mercus/Humanoids/ros_ws/install/hdwr_pkg/include/hdwr_pkg/hdwr_pkg/srv/detail/human_srv__functions.h
[0.321s] -- Installing: /home/mercus/Humanoids/ros_ws/install/hdwr_pkg/include/hdwr_pkg/hdwr_pkg/srv/human_srv.h
[0.321s] -- Installing: /home/mercus/Humanoids/ros_ws/install/hdwr_pkg/include/hdwr_pkg/hdwr_pkg/msg
[0.321s] -- Installing: /home/mercus/Humanoids/ros_ws/install/hdwr_pkg/include/hdwr_pkg/hdwr_pkg/msg/rosidl_generator_c__visibility_control.h
[0.321s] -- Installing: /home/mercus/Humanoids/ros_ws/install/hdwr_pkg/share/hdwr_pkg/environment/library_path.sh
[0.322s] -- Installing: /home/mercus/Humanoids/ros_ws/install/hdwr_pkg/share/hdwr_pkg/environment/library_path.dsv
[0.322s] -- Installing: /home/mercus/Humanoids/ros_ws/install/hdwr_pkg/lib/libhdwr_pkg__rosidl_generator_c.so
[0.322s] -- Set runtime path of "/home/mercus/Humanoids/ros_ws/install/hdwr_pkg/lib/libhdwr_pkg__rosidl_generator_c.so" to ""
[0.322s] -- Up-to-date: /home/mercus/Humanoids/ros_ws/install/hdwr_pkg/include/hdwr_pkg/hdwr_pkg
[0.322s] -- Up-to-date: /home/mercus/Humanoids/ros_ws/install/hdwr_pkg/include/hdwr_pkg/hdwr_pkg/srv
[0.322s] -- Up-to-date: /home/mercus/Humanoids/ros_ws/install/hdwr_pkg/include/hdwr_pkg/hdwr_pkg/srv/detail
[0.322s] -- Installing: /home/mercus/Humanoids/ros_ws/install/hdwr_pkg/include/hdwr_pkg/hdwr_pkg/srv/detail/human_srv__rosidl_typesupport_fastrtps_c.h
[0.322s] -- Up-to-date: /home/mercus/Humanoids/ros_ws/install/hdwr_pkg/include/hdwr_pkg/hdwr_pkg/msg
[0.322s] -- Installing: /home/mercus/Humanoids/ros_ws/install/hdwr_pkg/include/hdwr_pkg/hdwr_pkg/msg/rosidl_typesupport_fastrtps_c__visibility_control.h
[0.322s] -- Installing: /home/mercus/Humanoids/ros_ws/install/hdwr_pkg/lib/libhdwr_pkg__rosidl_typesupport_fastrtps_c.so
[0.322s] -- Set runtime path of "/home/mercus/Humanoids/ros_ws/install/hdwr_pkg/lib/libhdwr_pkg__rosidl_typesupport_fastrtps_c.so" to ""
[0.322s] -- Up-to-date: /home/mercus/Humanoids/ros_ws/install/hdwr_pkg/include/hdwr_pkg/hdwr_pkg
[0.322s] -- Up-to-date: /home/mercus/Humanoids/ros_ws/install/hdwr_pkg/include/hdwr_pkg/hdwr_pkg/srv
[0.322s] -- Up-to-date: /home/mercus/Humanoids/ros_ws/install/hdwr_pkg/include/hdwr_pkg/hdwr_pkg/srv/detail
[0.322s] -- Installing: /home/mercus/Humanoids/ros_ws/install/hdwr_pkg/include/hdwr_pkg/hdwr_pkg/srv/detail/human_srv__type_support.c
[0.322s] -- Installing: /home/mercus/Humanoids/ros_ws/install/hdwr_pkg/include/hdwr_pkg/hdwr_pkg/srv/detail/human_srv__rosidl_typesupport_introspection_c.h
[0.322s] -- Up-to-date: /home/mercus/Humanoids/ros_ws/install/hdwr_pkg/include/hdwr_pkg/hdwr_pkg/msg
[0.322s] -- Installing: /home/mercus/Humanoids/ros_ws/install/hdwr_pkg/include/hdwr_pkg/hdwr_pkg/msg/rosidl_typesupport_introspection_c__visibility_control.h
[0.322s] -- Installing: /home/mercus/Humanoids/ros_ws/install/hdwr_pkg/lib/libhdwr_pkg__rosidl_typesupport_introspection_c.so
[0.322s] -- Set runtime path of "/home/mercus/Humanoids/ros_ws/install/hdwr_pkg/lib/libhdwr_pkg__rosidl_typesupport_introspection_c.so" to ""
[0.322s] -- Installing: /home/mercus/Humanoids/ros_ws/install/hdwr_pkg/lib/libhdwr_pkg__rosidl_typesupport_c.so
[0.323s] -- Set runtime path of "/home/mercus/Humanoids/ros_ws/install/hdwr_pkg/lib/libhdwr_pkg__rosidl_typesupport_c.so" to ""
[0.323s] -- Up-to-date: /home/mercus/Humanoids/ros_ws/install/hdwr_pkg/include/hdwr_pkg/hdwr_pkg
[0.323s] -- Up-to-date: /home/mercus/Humanoids/ros_ws/install/hdwr_pkg/include/hdwr_pkg/hdwr_pkg/srv
[0.323s] -- Up-to-date: /home/mercus/Humanoids/ros_ws/install/hdwr_pkg/include/hdwr_pkg/hdwr_pkg/srv/detail
[0.323s] -- Installing: /home/mercus/Humanoids/ros_ws/install/hdwr_pkg/include/hdwr_pkg/hdwr_pkg/srv/detail/human_srv__builder.hpp
[0.323s] -- Installing: /home/mercus/Humanoids/ros_ws/install/hdwr_pkg/include/hdwr_pkg/hdwr_pkg/srv/detail/human_srv__traits.hpp
[0.323s] -- Installing: /home/mercus/Humanoids/ros_ws/install/hdwr_pkg/include/hdwr_pkg/hdwr_pkg/srv/detail/human_srv__type_support.hpp
[0.323s] -- Installing: /home/mercus/Humanoids/ros_ws/install/hdwr_pkg/include/hdwr_pkg/hdwr_pkg/srv/detail/human_srv__struct.hpp
[0.323s] -- Installing: /home/mercus/Humanoids/ros_ws/install/hdwr_pkg/include/hdwr_pkg/hdwr_pkg/srv/human_srv.hpp
[0.323s] -- Up-to-date: /home/mercus/Humanoids/ros_ws/install/hdwr_pkg/include/hdwr_pkg/hdwr_pkg/msg
[0.323s] -- Installing: /home/mercus/Humanoids/ros_ws/install/hdwr_pkg/include/hdwr_pkg/hdwr_pkg/msg/rosidl_generator_cpp__visibility_control.hpp
[0.323s] -- Up-to-date: /home/mercus/Humanoids/ros_ws/install/hdwr_pkg/include/hdwr_pkg/hdwr_pkg
[0.323s] -- Up-to-date: /home/mercus/Humanoids/ros_ws/install/hdwr_pkg/include/hdwr_pkg/hdwr_pkg/srv
[0.323s] -- Up-to-date: /home/mercus/Humanoids/ros_ws/install/hdwr_pkg/include/hdwr_pkg/hdwr_pkg/srv/detail
[0.323s] -- Installing: /home/mercus/Humanoids/ros_ws/install/hdwr_pkg/include/hdwr_pkg/hdwr_pkg/srv/detail/human_srv__rosidl_typesupport_fastrtps_cpp.hpp
[0.323s] -- Installing: /home/mercus/Humanoids/ros_ws/install/hdwr_pkg/include/hdwr_pkg/hdwr_pkg/srv/detail/dds_fastrtps
[0.323s] -- Up-to-date: /home/mercus/Humanoids/ros_ws/install/hdwr_pkg/include/hdwr_pkg/hdwr_pkg/msg
[0.323s] -- Installing: /home/mercus/Humanoids/ros_ws/install/hdwr_pkg/include/hdwr_pkg/hdwr_pkg/msg/rosidl_typesupport_fastrtps_cpp__visibility_control.h
[0.323s] -- Installing: /home/mercus/Humanoids/ros_ws/install/hdwr_pkg/lib/libhdwr_pkg__rosidl_typesupport_fastrtps_cpp.so
[0.323s] -- Set runtime path of "/home/mercus/Humanoids/ros_ws/install/hdwr_pkg/lib/libhdwr_pkg__rosidl_typesupport_fastrtps_cpp.so" to ""
[0.323s] -- Up-to-date: /home/mercus/Humanoids/ros_ws/install/hdwr_pkg/include/hdwr_pkg/hdwr_pkg
[0.323s] -- Up-to-date: /home/mercus/Humanoids/ros_ws/install/hdwr_pkg/include/hdwr_pkg/hdwr_pkg/srv
[0.323s] -- Up-to-date: /home/mercus/Humanoids/ros_ws/install/hdwr_pkg/include/hdwr_pkg/hdwr_pkg/srv/detail
[0.323s] -- Installing: /home/mercus/Humanoids/ros_ws/install/hdwr_pkg/include/hdwr_pkg/hdwr_pkg/srv/detail/human_srv__type_support.cpp
[0.323s] -- Installing: /home/mercus/Humanoids/ros_ws/install/hdwr_pkg/include/hdwr_pkg/hdwr_pkg/srv/detail/human_srv__rosidl_typesupport_introspection_cpp.hpp
[0.323s] -- Installing: /home/mercus/Humanoids/ros_ws/install/hdwr_pkg/lib/libhdwr_pkg__rosidl_typesupport_introspection_cpp.so
[0.323s] -- Set runtime path of "/home/mercus/Humanoids/ros_ws/install/hdwr_pkg/lib/libhdwr_pkg__rosidl_typesupport_introspection_cpp.so" to ""
[0.323s] -- Installing: /home/mercus/Humanoids/ros_ws/install/hdwr_pkg/lib/libhdwr_pkg__rosidl_typesupport_cpp.so
[0.324s] -- Set runtime path of "/home/mercus/Humanoids/ros_ws/install/hdwr_pkg/lib/libhdwr_pkg__rosidl_typesupport_cpp.so" to ""
[0.324s] -- Installing: /home/mercus/Humanoids/ros_ws/install/hdwr_pkg/share/hdwr_pkg/environment/pythonpath.sh
[0.324s] -- Installing: /home/mercus/Humanoids/ros_ws/install/hdwr_pkg/share/hdwr_pkg/environment/pythonpath.dsv
[0.324s] -- Installing: /home/mercus/Humanoids/ros_ws/install/hdwr_pkg/lib/python3.13/site-packages/hdwr_pkg-0.0.0-py3.13.egg-info
[0.324s] -- Installing: /home/mercus/Humanoids/ros_ws/install/hdwr_pkg/lib/python3.13/site-packages/hdwr_pkg-0.0.0-py3.13.egg-info/top_level.txt
[0.324s] -- Installing: /home/mercus/Humanoids/ros_ws/install/hdwr_pkg/lib/python3.13/site-packages/hdwr_pkg-0.0.0-py3.13.egg-info/PKG-INFO
[0.324s] -- Installing: /home/mercus/Humanoids/ros_ws/install/hdwr_pkg/lib/python3.13/site-packages/hdwr_pkg-0.0.0-py3.13.egg-info/SOURCES.txt
[0.324s] -- Installing: /home/mercus/Humanoids/ros_ws/install/hdwr_pkg/lib/python3.13/site-packages/hdwr_pkg-0.0.0-py3.13.egg-info/dependency_links.txt
[0.324s] -- Installing: /home/mercus/Humanoids/ros_ws/install/hdwr_pkg/lib/python3.13/site-packages/hdwr_pkg
[0.324s] -- Installing: /home/mercus/Humanoids/ros_ws/install/hdwr_pkg/lib/python3.13/site-packages/hdwr_pkg/srv
[0.324s] -- Installing: /home/mercus/Humanoids/ros_ws/install/hdwr_pkg/lib/python3.13/site-packages/hdwr_pkg/srv/_human_srv_s.c
[0.324s] -- Installing: /home/mercus/Humanoids/ros_ws/install/hdwr_pkg/lib/python3.13/site-packages/hdwr_pkg/srv/__init__.py
[0.324s] -- Installing: /home/mercus/Humanoids/ros_ws/install/hdwr_pkg/lib/python3.13/site-packages/hdwr_pkg/srv/_human_srv.py
[0.324s] -- Installing: /home/mercus/Humanoids/ros_ws/install/hdwr_pkg/lib/python3.13/site-packages/hdwr_pkg/_hdwr_pkg_s.ep.rosidl_typesupport_introspection_c.c
[0.324s] -- Installing: /home/mercus/Humanoids/ros_ws/install/hdwr_pkg/lib/python3.13/site-packages/hdwr_pkg/_hdwr_pkg_s.ep.rosidl_typesupport_c.c
[0.324s] -- Installing: /home/mercus/Humanoids/ros_ws/install/hdwr_pkg/lib/python3.13/site-packages/hdwr_pkg/hdwr_pkg_s__rosidl_typesupport_fastrtps_c.cpython-313-x86_64-linux-gnu.so
[0.324s] -- Installing: /home/mercus/Humanoids/ros_ws/install/hdwr_pkg/lib/python3.13/site-packages/hdwr_pkg/hdwr_pkg_s__rosidl_typesupport_c.cpython-313-x86_64-linux-gnu.so
[0.324s] -- Installing: /home/mercus/Humanoids/ros_ws/install/hdwr_pkg/lib/python3.13/site-packages/hdwr_pkg/libhdwr_pkg__rosidl_generator_py.so
[0.324s] -- Installing: /home/mercus/Humanoids/ros_ws/install/hdwr_pkg/lib/python3.13/site-packages/hdwr_pkg/hdwr_pkg_s__rosidl_typesupport_introspection_c.cpython-313-x86_64-linux-gnu.so
[0.324s] -- Installing: /home/mercus/Humanoids/ros_ws/install/hdwr_pkg/lib/python3.13/site-packages/hdwr_pkg/__init__.py
[0.324s] -- Installing: /home/mercus/Humanoids/ros_ws/install/hdwr_pkg/lib/python3.13/site-packages/hdwr_pkg/_hdwr_pkg_s.ep.rosidl_typesupport_fastrtps_c.c
[0.350s] Listing '/home/mercus/Humanoids/ros_ws/install/hdwr_pkg/lib/python3.13/site-packages/hdwr_pkg'...
[0.350s] Compiling '/home/mercus/Humanoids/ros_ws/install/hdwr_pkg/lib/python3.13/site-packages/hdwr_pkg/__init__.py'...
[0.350s] Listing '/home/mercus/Humanoids/ros_ws/install/hdwr_pkg/lib/python3.13/site-packages/hdwr_pkg/srv'...
[0.350s] Compiling '/home/mercus/Humanoids/ros_ws/install/hdwr_pkg/lib/python3.13/site-packages/hdwr_pkg/srv/__init__.py'...
[0.350s] Compiling '/home/mercus/Humanoids/ros_ws/install/hdwr_pkg/lib/python3.13/site-packages/hdwr_pkg/srv/_human_srv.py'...
[0.353s] -- Installing: /home/mercus/Humanoids/ros_ws/install/hdwr_pkg/lib/python3.13/site-packages/hdwr_pkg/hdwr_pkg_s__rosidl_typesupport_fastrtps_c.cpython-313-x86_64-linux-gnu.so
[0.353s] -- Set runtime path of "/home/mercus/Humanoids/ros_ws/install/hdwr_pkg/lib/python3.13/site-packages/hdwr_pkg/hdwr_pkg_s__rosidl_typesupport_fastrtps_c.cpython-313-x86_64-linux-gnu.so" to ""
[0.353s] -- Installing: /home/mercus/Humanoids/ros_ws/install/hdwr_pkg/lib/python3.13/site-packages/hdwr_pkg/hdwr_pkg_s__rosidl_typesupport_introspection_c.cpython-313-x86_64-linux-gnu.so
[0.353s] -- Set runtime path of "/home/mercus/Humanoids/ros_ws/install/hdwr_pkg/lib/python3.13/site-packages/hdwr_pkg/hdwr_pkg_s__rosidl_typesupport_introspection_c.cpython-313-x86_64-linux-gnu.so" to ""
[0.353s] -- Installing: /home/mercus/Humanoids/ros_ws/install/hdwr_pkg/lib/python3.13/site-packages/hdwr_pkg/hdwr_pkg_s__rosidl_typesupport_c.cpython-313-x86_64-linux-gnu.so
[0.354s] -- Set runtime path of "/home/mercus/Humanoids/ros_ws/install/hdwr_pkg/lib/python3.13/site-packages/hdwr_pkg/hdwr_pkg_s__rosidl_typesupport_c.cpython-313-x86_64-linux-gnu.so" to ""
[0.354s] -- Installing: /home/mercus/Humanoids/ros_ws/install/hdwr_pkg/lib/libhdwr_pkg__rosidl_generator_py.so
[0.354s] -- Set runtime path of "/home/mercus/Humanoids/ros_ws/install/hdwr_pkg/lib/libhdwr_pkg__rosidl_generator_py.so" to ""
[0.354s] -- Installing: /home/mercus/Humanoids/ros_ws/install/hdwr_pkg/share/hdwr_pkg/srv/HumanSrv.idl
[0.354s] -- Installing: /home/mercus/Humanoids/ros_ws/install/hdwr_pkg/share/hdwr_pkg/srv/HumanSrv.srv
[0.354s] -- Installing: /home/mercus/Humanoids/ros_ws/install/hdwr_pkg/share/hdwr_pkg/srv/HumanSrv_Request.msg
[0.354s] -- Installing: /home/mercus/Humanoids/ros_ws/install/hdwr_pkg/share/hdwr_pkg/srv/HumanSrv_Response.msg
[0.354s] -- Installing: /home/mercus/Humanoids/ros_ws/install/hdwr_pkg/lib/hdwr_pkg/test_sdk_node.py
[0.354s] -- Installing: /home/mercus/Humanoids/ros_ws/install/hdwr_pkg/share/ament_index/resource_index/package_run_dependencies/hdwr_pkg
[0.354s] -- Installing: /home/mercus/Humanoids/ros_ws/install/hdwr_pkg/share/ament_index/resource_index/parent_prefix_path/hdwr_pkg
[0.354s] -- Installing: /home/mercus/Humanoids/ros_ws/install/hdwr_pkg/share/hdwr_pkg/environment/ament_prefix_path.sh
[0.354s] -- Installing: /home/mercus/Humanoids/ros_ws/install/hdwr_pkg/share/hdwr_pkg/environment/ament_prefix_path.dsv
[0.354s] -- Installing: /home/mercus/Humanoids/ros_ws/install/hdwr_pkg/share/hdwr_pkg/environment/path.sh
[0.354s] -- Installing: /home/mercus/Humanoids/ros_ws/install/hdwr_pkg/share/hdwr_pkg/environment/path.dsv
[0.354s] -- Installing: /home/mercus/Humanoids/ros_ws/install/hdwr_pkg/share/hdwr_pkg/local_setup.bash
[0.354s] -- Installing: /home/mercus/Humanoids/ros_ws/install/hdwr_pkg/share/hdwr_pkg/local_setup.sh
[0.354s] -- Installing: /home/mercus/Humanoids/ros_ws/install/hdwr_pkg/share/hdwr_pkg/local_setup.zsh
[0.354s] -- Installing: /home/mercus/Humanoids/ros_ws/install/hdwr_pkg/share/hdwr_pkg/local_setup.dsv
[0.354s] -- Installing: /home/mercus/Humanoids/ros_ws/install/hdwr_pkg/share/hdwr_pkg/package.dsv
[0.354s] -- Installing: /home/mercus/Humanoids/ros_ws/install/hdwr_pkg/share/ament_index/resource_index/packages/hdwr_pkg
[0.354s] -- Installing: /home/mercus/Humanoids/ros_ws/install/hdwr_pkg/share/hdwr_pkg/cmake/export_hdwr_pkg__rosidl_generator_cExport.cmake
[0.354s] -- Installing: /home/mercus/Humanoids/ros_ws/install/hdwr_pkg/share/hdwr_pkg/cmake/export_hdwr_pkg__rosidl_generator_cExport-noconfig.cmake
[0.354s] -- Installing: /home/mercus/Humanoids/ros_ws/install/hdwr_pkg/share/hdwr_pkg/cmake/export_hdwr_pkg__rosidl_typesupport_fastrtps_cExport.cmake
[0.355s] -- Installing: /home/mercus/Humanoids/ros_ws/install/hdwr_pkg/share/hdwr_pkg/cmake/export_hdwr_pkg__rosidl_typesupport_fastrtps_cExport-noconfig.cmake
[0.355s] -- Installing: /home/mercus/Humanoids/ros_ws/install/hdwr_pkg/share/hdwr_pkg/cmake/hdwr_pkg__rosidl_typesupport_introspection_cExport.cmake
[0.355s] -- Installing: /home/mercus/Humanoids/ros_ws/install/hdwr_pkg/share/hdwr_pkg/cmake/hdwr_pkg__rosidl_typesupport_introspection_cExport-noconfig.cmake
[0.355s] -- Installing: /home/mercus/Humanoids/ros_ws/install/hdwr_pkg/share/hdwr_pkg/cmake/hdwr_pkg__rosidl_typesupport_cExport.cmake
[0.355s] -- Installing: /home/mercus/Humanoids/ros_ws/install/hdwr_pkg/share/hdwr_pkg/cmake/hdwr_pkg__rosidl_typesupport_cExport-noconfig.cmake
[0.355s] -- Installing: /home/mercus/Humanoids/ros_ws/install/hdwr_pkg/share/hdwr_pkg/cmake/export_hdwr_pkg__rosidl_generator_cppExport.cmake
[0.355s] -- Installing: /home/mercus/Humanoids/ros_ws/install/hdwr_pkg/share/hdwr_pkg/cmake/export_hdwr_pkg__rosidl_typesupport_fastrtps_cppExport.cmake
[0.355s] -- Installing: /home/mercus/Humanoids/ros_ws/install/hdwr_pkg/share/hdwr_pkg/cmake/export_hdwr_pkg__rosidl_typesupport_fastrtps_cppExport-noconfig.cmake
[0.355s] -- Installing: /home/mercus/Humanoids/ros_ws/install/hdwr_pkg/share/hdwr_pkg/cmake/hdwr_pkg__rosidl_typesupport_introspection_cppExport.cmake
[0.355s] -- Installing: /home/mercus/Humanoids/ros_ws/install/hdwr_pkg/share/hdwr_pkg/cmake/hdwr_pkg__rosidl_typesupport_introspection_cppExport-noconfig.cmake
[0.355s] -- Installing: /home/mercus/Humanoids/ros_ws/install/hdwr_pkg/share/hdwr_pkg/cmake/hdwr_pkg__rosidl_typesupport_cppExport.cmake
[0.355s] -- Installing: /home/mercus/Humanoids/ros_ws/install/hdwr_pkg/share/hdwr_pkg/cmake/hdwr_pkg__rosidl_typesupport_cppExport-noconfig.cmake
[0.355s] -- Installing: /home/mercus/Humanoids/ros_ws/install/hdwr_pkg/share/hdwr_pkg/cmake/export_hdwr_pkg__rosidl_generator_pyExport.cmake
[0.355s] -- Installing: /home/mercus/Humanoids/ros_ws/install/hdwr_pkg/share/hdwr_pkg/cmake/export_hdwr_pkg__rosidl_generator_pyExport-noconfig.cmake
[0.355s] -- Installing: /home/mercus/Humanoids/ros_ws/install/hdwr_pkg/share/hdwr_pkg/cmake/rosidl_cmake-extras.cmake
[0.355s] -- Installing: /home/mercus/Humanoids/ros_ws/install/hdwr_pkg/share/hdwr_pkg/cmake/ament_cmake_export_include_directories-extras.cmake
[0.355s] -- Installing: /home/mercus/Humanoids/ros_ws/install/hdwr_pkg/share/hdwr_pkg/cmake/ament_cmake_export_libraries-extras.cmake
[0.355s] -- Installing: /home/mercus/Humanoids/ros_ws/install/hdwr_pkg/share/hdwr_pkg/cmake/ament_cmake_export_targets-extras.cmake
[0.355s] -- Installing: /home/mercus/Humanoids/ros_ws/install/hdwr_pkg/share/hdwr_pkg/cmake/rosidl_cmake_export_typesupport_targets-extras.cmake
[0.355s] -- Installing: /home/mercus/Humanoids/ros_ws/install/hdwr_pkg/share/hdwr_pkg/cmake/ament_cmake_export_dependencies-extras.cmake
[0.356s] -- Installing: /home/mercus/Humanoids/ros_ws/install/hdwr_pkg/share/hdwr_pkg/cmake/rosidl_cmake_export_typesupport_libraries-extras.cmake
[0.356s] -- Installing: /home/mercus/Humanoids/ros_ws/install/hdwr_pkg/share/hdwr_pkg/cmake/hdwr_pkgConfig.cmake
[0.356s] -- Installing: /home/mercus/Humanoids/ros_ws/install/hdwr_pkg/share/hdwr_pkg/cmake/hdwr_pkgConfig-version.cmake
[0.356s] -- Installing: /home/mercus/Humanoids/ros_ws/install/hdwr_pkg/share/hdwr_pkg/package.xml
[0.358s] Invoked command in '/home/mercus/Humanoids/ros_ws/build/hdwr_pkg' returned '0': CMAKE_PREFIX_PATH=${CMAKE_PREFIX_PATH}:/opt/ros/humble CONDA_PROMPT_MODIFIER=(base) /usr/bin/cmake --install /home/mercus/Humanoids/ros_ws/build/hdwr_pkg
