[0.512s] DEBUG:colcon:Command line arguments: ['/usr/bin/colcon', 'build', '--packages-select', 'task_manager']
[0.513s] DEBUG:colcon:Parsed command line arguments: Namespace(log_base=None, log_level=None, verb_name='build', build_base='build', install_base='install', merge_install=False, symlink_install=False, test_result_base=None, continue_on_error=False, executor='parallel', parallel_workers=2, event_handlers=None, ignore_user_meta=False, metas=['./colcon.meta'], base_paths=['.'], packages_ignore=None, packages_ignore_regex=None, paths=None, packages_up_to=None, packages_up_to_regex=None, packages_above=None, packages_above_and_dependencies=None, packages_above_depth=None, packages_select_by_dep=None, packages_skip_by_dep=None, packages_skip_up_to=None, packages_select_build_failed=False, packages_skip_build_finished=False, packages_select_test_failures=False, packages_skip_test_passed=False, packages_select=['task_manager'], packages_skip=None, packages_select_regex=None, packages_skip_regex=None, packages_start=None, packages_end=None, allow_overriding=[], cmake_args=None, cmake_target=None, cmake_target_skip_unavailable=False, cmake_clean_cache=False, cmake_clean_first=False, cmake_force_configure=False, ament_cmake_args=None, catkin_cmake_args=None, catkin_skip_building_tests=False, mixin_files=None, mixin=None, verb_parser=<colcon_mixin.mixin.mixin_argument.MixinArgumentDecorator object at 0x79662c67fe50>, verb_extension=<colcon_core.verb.build.BuildVerb object at 0x79662c7a14b0>, main=<bound method BuildVerb.main of <colcon_core.verb.build.BuildVerb object at 0x79662c7a14b0>>, mixin_verb=('build',))
[1.615s] Level 1:colcon.colcon_core.package_discovery:discover_packages(colcon_meta) check parameters
[1.615s] Level 1:colcon.colcon_core.package_discovery:discover_packages(recursive) check parameters
[1.615s] Level 1:colcon.colcon_core.package_discovery:discover_packages(ignore) check parameters
[1.616s] Level 1:colcon.colcon_core.package_discovery:discover_packages(path) check parameters
[1.616s] Level 1:colcon.colcon_core.package_discovery:discover_packages(colcon_meta) discover
[1.616s] Level 1:colcon.colcon_core.package_discovery:discover_packages(recursive) discover
[1.616s] INFO:colcon.colcon_core.package_discovery:Crawling recursively for packages in '/home/rafael/Humanoids/ros_ws'
[1.617s] Level 1:colcon.colcon_core.package_identification:_identify(.) by extensions ['ignore', 'ignore_ament_install']
[1.617s] Level 1:colcon.colcon_core.package_identification:_identify(.) by extension 'ignore'
[1.618s] Level 1:colcon.colcon_core.package_identification:_identify(.) by extension 'ignore_ament_install'
[1.618s] Level 1:colcon.colcon_core.package_identification:_identify(.) by extensions ['colcon_pkg']
[1.618s] Level 1:colcon.colcon_core.package_identification:_identify(.) by extension 'colcon_pkg'
[1.618s] Level 1:colcon.colcon_core.package_identification:_identify(.) by extensions ['colcon_meta']
[1.618s] Level 1:colcon.colcon_core.package_identification:_identify(.) by extension 'colcon_meta'
[1.618s] Level 1:colcon.colcon_core.package_identification:_identify(.) by extensions ['ros']
[1.619s] Level 1:colcon.colcon_core.package_identification:_identify(.) by extension 'ros'
[1.665s] Level 1:colcon.colcon_core.package_identification:_identify(.) by extensions ['cmake', 'python']
[1.665s] Level 1:colcon.colcon_core.package_identification:_identify(.) by extension 'cmake'
[1.665s] Level 1:colcon.colcon_core.package_identification:_identify(.) by extension 'python'
[1.665s] Level 1:colcon.colcon_core.package_identification:_identify(.) by extensions ['python_setup_py']
[1.665s] Level 1:colcon.colcon_core.package_identification:_identify(.) by extension 'python_setup_py'
[1.666s] Level 1:colcon.colcon_core.package_identification:_identify(build) by extensions ['ignore', 'ignore_ament_install']
[1.666s] Level 1:colcon.colcon_core.package_identification:_identify(build) by extension 'ignore'
[1.667s] Level 1:colcon.colcon_core.package_identification:_identify(build) ignored
[1.667s] Level 1:colcon.colcon_core.package_identification:_identify(install) by extensions ['ignore', 'ignore_ament_install']
[1.667s] Level 1:colcon.colcon_core.package_identification:_identify(install) by extension 'ignore'
[1.668s] Level 1:colcon.colcon_core.package_identification:_identify(install) ignored
[1.668s] Level 1:colcon.colcon_core.package_identification:_identify(log) by extensions ['ignore', 'ignore_ament_install']
[1.668s] Level 1:colcon.colcon_core.package_identification:_identify(log) by extension 'ignore'
[1.669s] Level 1:colcon.colcon_core.package_identification:_identify(log) ignored
[1.669s] Level 1:colcon.colcon_core.package_identification:_identify(src) by extensions ['ignore', 'ignore_ament_install']
[1.669s] Level 1:colcon.colcon_core.package_identification:_identify(src) by extension 'ignore'
[1.669s] Level 1:colcon.colcon_core.package_identification:_identify(src) by extension 'ignore_ament_install'
[1.670s] Level 1:colcon.colcon_core.package_identification:_identify(src) by extensions ['colcon_pkg']
[1.670s] Level 1:colcon.colcon_core.package_identification:_identify(src) by extension 'colcon_pkg'
[1.670s] Level 1:colcon.colcon_core.package_identification:_identify(src) by extensions ['colcon_meta']
[1.670s] Level 1:colcon.colcon_core.package_identification:_identify(src) by extension 'colcon_meta'
[1.670s] Level 1:colcon.colcon_core.package_identification:_identify(src) by extensions ['ros']
[1.670s] Level 1:colcon.colcon_core.package_identification:_identify(src) by extension 'ros'
[1.671s] Level 1:colcon.colcon_core.package_identification:_identify(src) by extensions ['cmake', 'python']
[1.671s] Level 1:colcon.colcon_core.package_identification:_identify(src) by extension 'cmake'
[1.671s] Level 1:colcon.colcon_core.package_identification:_identify(src) by extension 'python'
[1.671s] Level 1:colcon.colcon_core.package_identification:_identify(src) by extensions ['python_setup_py']
[1.671s] Level 1:colcon.colcon_core.package_identification:_identify(src) by extension 'python_setup_py'
[1.672s] Level 1:colcon.colcon_core.package_identification:_identify(src/Hardware) by extensions ['ignore', 'ignore_ament_install']
[1.672s] Level 1:colcon.colcon_core.package_identification:_identify(src/Hardware) by extension 'ignore'
[1.672s] Level 1:colcon.colcon_core.package_identification:_identify(src/Hardware) by extension 'ignore_ament_install'
[1.673s] Level 1:colcon.colcon_core.package_identification:_identify(src/Hardware) by extensions ['colcon_pkg']
[1.673s] Level 1:colcon.colcon_core.package_identification:_identify(src/Hardware) by extension 'colcon_pkg'
[1.673s] Level 1:colcon.colcon_core.package_identification:_identify(src/Hardware) by extensions ['colcon_meta']
[1.673s] Level 1:colcon.colcon_core.package_identification:_identify(src/Hardware) by extension 'colcon_meta'
[1.673s] Level 1:colcon.colcon_core.package_identification:_identify(src/Hardware) by extensions ['ros']
[1.673s] Level 1:colcon.colcon_core.package_identification:_identify(src/Hardware) by extension 'ros'
[1.674s] Level 1:colcon.colcon_core.package_identification:_identify(src/Hardware) by extensions ['cmake', 'python']
[1.674s] Level 1:colcon.colcon_core.package_identification:_identify(src/Hardware) by extension 'cmake'
[1.674s] Level 1:colcon.colcon_core.package_identification:_identify(src/Hardware) by extension 'python'
[1.674s] Level 1:colcon.colcon_core.package_identification:_identify(src/Hardware) by extensions ['python_setup_py']
[1.674s] Level 1:colcon.colcon_core.package_identification:_identify(src/Hardware) by extension 'python_setup_py'
[1.675s] Level 1:colcon.colcon_core.package_identification:_identify(src/Hardware/hdwr_pkg) by extensions ['ignore', 'ignore_ament_install']
[1.675s] Level 1:colcon.colcon_core.package_identification:_identify(src/Hardware/hdwr_pkg) by extension 'ignore'
[1.675s] Level 1:colcon.colcon_core.package_identification:_identify(src/Hardware/hdwr_pkg) by extension 'ignore_ament_install'
[1.675s] Level 1:colcon.colcon_core.package_identification:_identify(src/Hardware/hdwr_pkg) by extensions ['colcon_pkg']
[1.676s] Level 1:colcon.colcon_core.package_identification:_identify(src/Hardware/hdwr_pkg) by extension 'colcon_pkg'
[1.676s] Level 1:colcon.colcon_core.package_identification:_identify(src/Hardware/hdwr_pkg) by extensions ['colcon_meta']
[1.676s] Level 1:colcon.colcon_core.package_identification:_identify(src/Hardware/hdwr_pkg) by extension 'colcon_meta'
[1.676s] Level 1:colcon.colcon_core.package_identification:_identify(src/Hardware/hdwr_pkg) by extensions ['ros']
[1.676s] Level 1:colcon.colcon_core.package_identification:_identify(src/Hardware/hdwr_pkg) by extension 'ros'
[1.686s] DEBUG:colcon.colcon_core.package_identification:Package 'src/Hardware/hdwr_pkg' with type 'ros.catkin' and name 'hdwr_pkg'
[1.687s] Level 1:colcon.colcon_core.package_identification:_identify(src/Plan) by extensions ['ignore', 'ignore_ament_install']
[1.687s] Level 1:colcon.colcon_core.package_identification:_identify(src/Plan) by extension 'ignore'
[1.687s] Level 1:colcon.colcon_core.package_identification:_identify(src/Plan) by extension 'ignore_ament_install'
[1.688s] Level 1:colcon.colcon_core.package_identification:_identify(src/Plan) by extensions ['colcon_pkg']
[1.688s] Level 1:colcon.colcon_core.package_identification:_identify(src/Plan) by extension 'colcon_pkg'
[1.688s] Level 1:colcon.colcon_core.package_identification:_identify(src/Plan) by extensions ['colcon_meta']
[1.688s] Level 1:colcon.colcon_core.package_identification:_identify(src/Plan) by extension 'colcon_meta'
[1.688s] Level 1:colcon.colcon_core.package_identification:_identify(src/Plan) by extensions ['ros']
[1.688s] Level 1:colcon.colcon_core.package_identification:_identify(src/Plan) by extension 'ros'
[1.689s] Level 1:colcon.colcon_core.package_identification:_identify(src/Plan) by extensions ['cmake', 'python']
[1.689s] Level 1:colcon.colcon_core.package_identification:_identify(src/Plan) by extension 'cmake'
[1.689s] Level 1:colcon.colcon_core.package_identification:_identify(src/Plan) by extension 'python'
[1.689s] Level 1:colcon.colcon_core.package_identification:_identify(src/Plan) by extensions ['python_setup_py']
[1.689s] Level 1:colcon.colcon_core.package_identification:_identify(src/Plan) by extension 'python_setup_py'
[1.690s] Level 1:colcon.colcon_core.package_identification:_identify(src/Plan/task_manager) by extensions ['ignore', 'ignore_ament_install']
[1.690s] Level 1:colcon.colcon_core.package_identification:_identify(src/Plan/task_manager) by extension 'ignore'
[1.690s] Level 1:colcon.colcon_core.package_identification:_identify(src/Plan/task_manager) by extension 'ignore_ament_install'
[1.691s] Level 1:colcon.colcon_core.package_identification:_identify(src/Plan/task_manager) by extensions ['colcon_pkg']
[1.691s] Level 1:colcon.colcon_core.package_identification:_identify(src/Plan/task_manager) by extension 'colcon_pkg'
[1.691s] Level 1:colcon.colcon_core.package_identification:_identify(src/Plan/task_manager) by extensions ['colcon_meta']
[1.691s] Level 1:colcon.colcon_core.package_identification:_identify(src/Plan/task_manager) by extension 'colcon_meta'
[1.691s] Level 1:colcon.colcon_core.package_identification:_identify(src/Plan/task_manager) by extensions ['ros']
[1.691s] Level 1:colcon.colcon_core.package_identification:_identify(src/Plan/task_manager) by extension 'ros'
[1.694s] DEBUG:colcon.colcon_core.package_identification:Package 'src/Plan/task_manager' with type 'ros.ament_cmake' and name 'task_manager'
[1.694s] Level 1:colcon.colcon_core.package_identification:_identify(src/RefBoxComm) by extensions ['ignore', 'ignore_ament_install']
[1.695s] Level 1:colcon.colcon_core.package_identification:_identify(src/RefBoxComm) by extension 'ignore'
[1.695s] Level 1:colcon.colcon_core.package_identification:_identify(src/RefBoxComm) by extension 'ignore_ament_install'
[1.695s] Level 1:colcon.colcon_core.package_identification:_identify(src/RefBoxComm) by extensions ['colcon_pkg']
[1.695s] Level 1:colcon.colcon_core.package_identification:_identify(src/RefBoxComm) by extension 'colcon_pkg'
[1.695s] Level 1:colcon.colcon_core.package_identification:_identify(src/RefBoxComm) by extensions ['colcon_meta']
[1.696s] Level 1:colcon.colcon_core.package_identification:_identify(src/RefBoxComm) by extension 'colcon_meta'
[1.696s] Level 1:colcon.colcon_core.package_identification:_identify(src/RefBoxComm) by extensions ['ros']
[1.696s] Level 1:colcon.colcon_core.package_identification:_identify(src/RefBoxComm) by extension 'ros'
[1.696s] Level 1:colcon.colcon_core.package_identification:_identify(src/RefBoxComm) by extensions ['cmake', 'python']
[1.696s] Level 1:colcon.colcon_core.package_identification:_identify(src/RefBoxComm) by extension 'cmake'
[1.697s] Level 1:colcon.colcon_core.package_identification:_identify(src/RefBoxComm) by extension 'python'
[1.697s] Level 1:colcon.colcon_core.package_identification:_identify(src/RefBoxComm) by extensions ['python_setup_py']
[1.697s] Level 1:colcon.colcon_core.package_identification:_identify(src/RefBoxComm) by extension 'python_setup_py'
[1.697s] Level 1:colcon.colcon_core.package_identification:_identify(src/RefBoxComm/refbox_comm_node) by extensions ['ignore', 'ignore_ament_install']
[1.698s] Level 1:colcon.colcon_core.package_identification:_identify(src/RefBoxComm/refbox_comm_node) by extension 'ignore'
[1.698s] Level 1:colcon.colcon_core.package_identification:_identify(src/RefBoxComm/refbox_comm_node) by extension 'ignore_ament_install'
[1.698s] Level 1:colcon.colcon_core.package_identification:_identify(src/RefBoxComm/refbox_comm_node) by extensions ['colcon_pkg']
[1.698s] Level 1:colcon.colcon_core.package_identification:_identify(src/RefBoxComm/refbox_comm_node) by extension 'colcon_pkg'
[1.698s] Level 1:colcon.colcon_core.package_identification:_identify(src/RefBoxComm/refbox_comm_node) by extensions ['colcon_meta']
[1.698s] Level 1:colcon.colcon_core.package_identification:_identify(src/RefBoxComm/refbox_comm_node) by extension 'colcon_meta'
[1.699s] Level 1:colcon.colcon_core.package_identification:_identify(src/RefBoxComm/refbox_comm_node) by extensions ['ros']
[1.699s] Level 1:colcon.colcon_core.package_identification:_identify(src/RefBoxComm/refbox_comm_node) by extension 'ros'
[1.702s] DEBUG:colcon.colcon_core.package_identification:Package 'src/RefBoxComm/refbox_comm_node' with type 'ros.catkin' and name 'refbox_comm_node'
[1.702s] Level 1:colcon.colcon_core.package_identification:_identify(src/SurgeEtAmbula) by extensions ['ignore', 'ignore_ament_install']
[1.703s] Level 1:colcon.colcon_core.package_identification:_identify(src/SurgeEtAmbula) by extension 'ignore'
[1.703s] Level 1:colcon.colcon_core.package_identification:_identify(src/SurgeEtAmbula) by extension 'ignore_ament_install'
[1.703s] Level 1:colcon.colcon_core.package_identification:_identify(src/SurgeEtAmbula) by extensions ['colcon_pkg']
[1.703s] Level 1:colcon.colcon_core.package_identification:_identify(src/SurgeEtAmbula) by extension 'colcon_pkg'
[1.703s] Level 1:colcon.colcon_core.package_identification:_identify(src/SurgeEtAmbula) by extensions ['colcon_meta']
[1.704s] Level 1:colcon.colcon_core.package_identification:_identify(src/SurgeEtAmbula) by extension 'colcon_meta'
[1.704s] Level 1:colcon.colcon_core.package_identification:_identify(src/SurgeEtAmbula) by extensions ['ros']
[1.704s] Level 1:colcon.colcon_core.package_identification:_identify(src/SurgeEtAmbula) by extension 'ros'
[1.704s] Level 1:colcon.colcon_core.package_identification:_identify(src/SurgeEtAmbula) by extensions ['cmake', 'python']
[1.704s] Level 1:colcon.colcon_core.package_identification:_identify(src/SurgeEtAmbula) by extension 'cmake'
[1.705s] Level 1:colcon.colcon_core.package_identification:_identify(src/SurgeEtAmbula) by extension 'python'
[1.705s] Level 1:colcon.colcon_core.package_identification:_identify(src/SurgeEtAmbula) by extensions ['python_setup_py']
[1.705s] Level 1:colcon.colcon_core.package_identification:_identify(src/SurgeEtAmbula) by extension 'python_setup_py'
[1.705s] Level 1:colcon.colcon_core.package_identification:_identify(src/SurgeEtAmbula/surge_et_ambula) by extensions ['ignore', 'ignore_ament_install']
[1.706s] Level 1:colcon.colcon_core.package_identification:_identify(src/SurgeEtAmbula/surge_et_ambula) by extension 'ignore'
[1.706s] Level 1:colcon.colcon_core.package_identification:_identify(src/SurgeEtAmbula/surge_et_ambula) by extension 'ignore_ament_install'
[1.706s] Level 1:colcon.colcon_core.package_identification:_identify(src/SurgeEtAmbula/surge_et_ambula) by extensions ['colcon_pkg']
[1.706s] Level 1:colcon.colcon_core.package_identification:_identify(src/SurgeEtAmbula/surge_et_ambula) by extension 'colcon_pkg'
[1.706s] Level 1:colcon.colcon_core.package_identification:_identify(src/SurgeEtAmbula/surge_et_ambula) by extensions ['colcon_meta']
[1.707s] Level 1:colcon.colcon_core.package_identification:_identify(src/SurgeEtAmbula/surge_et_ambula) by extension 'colcon_meta'
[1.707s] Level 1:colcon.colcon_core.package_identification:_identify(src/SurgeEtAmbula/surge_et_ambula) by extensions ['ros']
[1.707s] Level 1:colcon.colcon_core.package_identification:_identify(src/SurgeEtAmbula/surge_et_ambula) by extension 'ros'
[1.710s] DEBUG:colcon.colcon_core.package_identification:Package 'src/SurgeEtAmbula/surge_et_ambula' with type 'ros.catkin' and name 'surge_et_ambula'
[1.710s] Level 1:colcon.colcon_core.package_identification:_identify(src/Vision) by extensions ['ignore', 'ignore_ament_install']
[1.711s] Level 1:colcon.colcon_core.package_identification:_identify(src/Vision) by extension 'ignore'
[1.711s] Level 1:colcon.colcon_core.package_identification:_identify(src/Vision) by extension 'ignore_ament_install'
[1.711s] Level 1:colcon.colcon_core.package_identification:_identify(src/Vision) by extensions ['colcon_pkg']
[1.711s] Level 1:colcon.colcon_core.package_identification:_identify(src/Vision) by extension 'colcon_pkg'
[1.711s] Level 1:colcon.colcon_core.package_identification:_identify(src/Vision) by extensions ['colcon_meta']
[1.712s] Level 1:colcon.colcon_core.package_identification:_identify(src/Vision) by extension 'colcon_meta'
[1.712s] Level 1:colcon.colcon_core.package_identification:_identify(src/Vision) by extensions ['ros']
[1.712s] Level 1:colcon.colcon_core.package_identification:_identify(src/Vision) by extension 'ros'
[1.712s] Level 1:colcon.colcon_core.package_identification:_identify(src/Vision) by extensions ['cmake', 'python']
[1.712s] Level 1:colcon.colcon_core.package_identification:_identify(src/Vision) by extension 'cmake'
[1.713s] Level 1:colcon.colcon_core.package_identification:_identify(src/Vision) by extension 'python'
[1.713s] Level 1:colcon.colcon_core.package_identification:_identify(src/Vision) by extensions ['python_setup_py']
[1.713s] Level 1:colcon.colcon_core.package_identification:_identify(src/Vision) by extension 'python_setup_py'
[1.713s] Level 1:colcon.colcon_core.package_identification:_identify(src/Vision/vision_node) by extensions ['ignore', 'ignore_ament_install']
[1.714s] Level 1:colcon.colcon_core.package_identification:_identify(src/Vision/vision_node) by extension 'ignore'
[1.714s] Level 1:colcon.colcon_core.package_identification:_identify(src/Vision/vision_node) by extension 'ignore_ament_install'
[1.714s] Level 1:colcon.colcon_core.package_identification:_identify(src/Vision/vision_node) by extensions ['colcon_pkg']
[1.714s] Level 1:colcon.colcon_core.package_identification:_identify(src/Vision/vision_node) by extension 'colcon_pkg'
[1.714s] Level 1:colcon.colcon_core.package_identification:_identify(src/Vision/vision_node) by extensions ['colcon_meta']
[1.715s] Level 1:colcon.colcon_core.package_identification:_identify(src/Vision/vision_node) by extension 'colcon_meta'
[1.715s] Level 1:colcon.colcon_core.package_identification:_identify(src/Vision/vision_node) by extensions ['ros']
[1.715s] Level 1:colcon.colcon_core.package_identification:_identify(src/Vision/vision_node) by extension 'ros'
[1.718s] DEBUG:colcon.colcon_core.package_identification:Package 'src/Vision/vision_node' with type 'ros.catkin' and name 'vision_node'
[1.718s] Level 1:colcon.colcon_core.package_discovery:discover_packages(recursive) using defaults
[1.718s] Level 1:colcon.colcon_core.package_discovery:discover_packages(ignore) discover
[1.719s] Level 1:colcon.colcon_core.package_discovery:discover_packages(ignore) using defaults
[1.719s] Level 1:colcon.colcon_core.package_discovery:discover_packages(path) discover
[1.719s] Level 1:colcon.colcon_core.package_discovery:discover_packages(path) using defaults
[1.798s] INFO:colcon.colcon_core.package_selection:Skipping not selected package 'hdwr_pkg' in 'src/Hardware/hdwr_pkg'
[1.798s] INFO:colcon.colcon_core.package_selection:Skipping not selected package 'refbox_comm_node' in 'src/RefBoxComm/refbox_comm_node'
[1.798s] INFO:colcon.colcon_core.package_selection:Skipping not selected package 'surge_et_ambula' in 'src/SurgeEtAmbula/surge_et_ambula'
[1.798s] INFO:colcon.colcon_core.package_selection:Skipping not selected package 'vision_node' in 'src/Vision/vision_node'
[1.800s] Level 1:colcon.colcon_core.package_discovery:discover_packages(prefix_path) check parameters
[1.800s] Level 1:colcon.colcon_core.package_discovery:discover_packages(prefix_path) discover
[1.808s] DEBUG:colcon.colcon_installed_package_information.package_discovery:Found 2 installed packages in /home/rafael/ROS2Dev/fourier_ws/install
[1.816s] DEBUG:colcon.colcon_installed_package_information.package_discovery:Found 338 installed packages in /opt/ros/humble
[1.827s] Level 1:colcon.colcon_core.package_discovery:discover_packages(prefix_path) using defaults
[2.038s] Level 5:colcon.colcon_core.verb:set package 'task_manager' build argument 'cmake_args' from command line to 'None'
[2.038s] Level 5:colcon.colcon_core.verb:set package 'task_manager' build argument 'cmake_target' from command line to 'None'
[2.038s] Level 5:colcon.colcon_core.verb:set package 'task_manager' build argument 'cmake_target_skip_unavailable' from command line to 'False'
[2.039s] Level 5:colcon.colcon_core.verb:set package 'task_manager' build argument 'cmake_clean_cache' from command line to 'False'
[2.039s] Level 5:colcon.colcon_core.verb:set package 'task_manager' build argument 'cmake_clean_first' from command line to 'False'
[2.039s] Level 5:colcon.colcon_core.verb:set package 'task_manager' build argument 'cmake_force_configure' from command line to 'False'
[2.039s] Level 5:colcon.colcon_core.verb:set package 'task_manager' build argument 'ament_cmake_args' from command line to 'None'
[2.039s] Level 5:colcon.colcon_core.verb:set package 'task_manager' build argument 'catkin_cmake_args' from command line to 'None'
[2.039s] Level 5:colcon.colcon_core.verb:set package 'task_manager' build argument 'catkin_skip_building_tests' from command line to 'False'
[2.039s] DEBUG:colcon.colcon_core.verb:Building package 'task_manager' with the following arguments: {'ament_cmake_args': None, 'build_base': '/home/rafael/Humanoids/ros_ws/build/task_manager', 'catkin_cmake_args': None, 'catkin_skip_building_tests': False, 'cmake_args': None, 'cmake_clean_cache': False, 'cmake_clean_first': False, 'cmake_force_configure': False, 'cmake_target': None, 'cmake_target_skip_unavailable': False, 'install_base': '/home/rafael/Humanoids/ros_ws/install/task_manager', 'merge_install': False, 'path': '/home/rafael/Humanoids/ros_ws/src/Plan/task_manager', 'symlink_install': False, 'test_result_base': None}
[2.040s] INFO:colcon.colcon_core.executor:Executing jobs using 'parallel' executor
[2.044s] DEBUG:colcon.colcon_parallel_executor.executor.parallel:run_until_complete
[2.045s] INFO:colcon.colcon_ros.task.ament_cmake.build:Building ROS package in '/home/rafael/Humanoids/ros_ws/src/Plan/task_manager' with build type 'ament_cmake'
[2.046s] INFO:colcon.colcon_cmake.task.cmake.build:Building CMake package in '/home/rafael/Humanoids/ros_ws/src/Plan/task_manager'
[2.059s] INFO:colcon.colcon_core.plugin_system:Skipping extension 'colcon_core.shell.bat': Not used on non-Windows systems
[2.060s] INFO:colcon.colcon_core.shell:Skip shell extension 'powershell' for command environment: Not usable outside of PowerShell
[2.060s] DEBUG:colcon.colcon_core.shell:Skip shell extension 'dsv' for command environment
[2.108s] DEBUG:colcon.colcon_core.event_handler.log_command:Invoking command in '/home/rafael/Humanoids/ros_ws/build/task_manager': CMAKE_PREFIX_PATH=${CMAKE_PREFIX_PATH}:/opt/ros/humble /usr/bin/cmake /home/rafael/Humanoids/ros_ws/src/Plan/task_manager -DCMAKE_INSTALL_PREFIX=/home/rafael/Humanoids/ros_ws/install/task_manager
[3.975s] DEBUG:colcon.colcon_core.event_handler.log_command:Invoked command in '/home/rafael/Humanoids/ros_ws/build/task_manager' returned '0': CMAKE_PREFIX_PATH=${CMAKE_PREFIX_PATH}:/opt/ros/humble /usr/bin/cmake /home/rafael/Humanoids/ros_ws/src/Plan/task_manager -DCMAKE_INSTALL_PREFIX=/home/rafael/Humanoids/ros_ws/install/task_manager
[3.982s] DEBUG:colcon.colcon_core.event_handler.log_command:Invoking command in '/home/rafael/Humanoids/ros_ws/build/task_manager': CMAKE_PREFIX_PATH=${CMAKE_PREFIX_PATH}:/opt/ros/humble /usr/bin/cmake --build /home/rafael/Humanoids/ros_ws/build/task_manager -- -j2 -l2
[24.014s] DEBUG:colcon.colcon_core.event_handler.log_command:Invoked command in '/home/rafael/Humanoids/ros_ws/build/task_manager' returned '0': CMAKE_PREFIX_PATH=${CMAKE_PREFIX_PATH}:/opt/ros/humble /usr/bin/cmake --build /home/rafael/Humanoids/ros_ws/build/task_manager -- -j2 -l2
[24.034s] DEBUG:colcon.colcon_core.event_handler.log_command:Invoking command in '/home/rafael/Humanoids/ros_ws/build/task_manager': CMAKE_PREFIX_PATH=${CMAKE_PREFIX_PATH}:/opt/ros/humble /usr/bin/cmake --install /home/rafael/Humanoids/ros_ws/build/task_manager
[24.062s] Level 1:colcon.colcon_core.environment:create_environment_scripts_only(task_manager)
[24.064s] DEBUG:colcon.colcon_core.event_handler.log_command:Invoked command in '/home/rafael/Humanoids/ros_ws/build/task_manager' returned '0': CMAKE_PREFIX_PATH=${CMAKE_PREFIX_PATH}:/opt/ros/humble /usr/bin/cmake --install /home/rafael/Humanoids/ros_ws/build/task_manager
[24.073s] Level 1:colcon.colcon_core.environment:checking '/home/rafael/Humanoids/ros_ws/install/task_manager' for CMake module files
[24.076s] Level 1:colcon.colcon_core.environment:checking '/home/rafael/Humanoids/ros_ws/install/task_manager' for CMake config files
[24.077s] Level 1:colcon.colcon_core.shell:create_environment_hook('task_manager', 'cmake_prefix_path')
[24.078s] INFO:colcon.colcon_core.shell:Creating environment hook '/home/rafael/Humanoids/ros_ws/install/task_manager/share/task_manager/hook/cmake_prefix_path.ps1'
[24.094s] INFO:colcon.colcon_core.shell:Creating environment descriptor '/home/rafael/Humanoids/ros_ws/install/task_manager/share/task_manager/hook/cmake_prefix_path.dsv'
[24.120s] INFO:colcon.colcon_core.shell:Creating environment hook '/home/rafael/Humanoids/ros_ws/install/task_manager/share/task_manager/hook/cmake_prefix_path.sh'
[24.128s] Level 1:colcon.colcon_core.environment:checking '/home/rafael/Humanoids/ros_ws/install/task_manager/lib'
[24.130s] Level 1:colcon.colcon_core.environment:checking '/home/rafael/Humanoids/ros_ws/install/task_manager/bin'
[24.130s] Level 1:colcon.colcon_core.environment:checking '/home/rafael/Humanoids/ros_ws/install/task_manager/lib/pkgconfig/task_manager.pc'
[24.133s] Level 1:colcon.colcon_core.environment:checking '/home/rafael/Humanoids/ros_ws/install/task_manager/lib/python3.10/site-packages'
[24.135s] Level 1:colcon.colcon_core.environment:checking '/home/rafael/Humanoids/ros_ws/install/task_manager/bin'
[24.137s] INFO:colcon.colcon_core.shell:Creating package script '/home/rafael/Humanoids/ros_ws/install/task_manager/share/task_manager/package.ps1'
[24.143s] INFO:colcon.colcon_core.shell:Creating package descriptor '/home/rafael/Humanoids/ros_ws/install/task_manager/share/task_manager/package.dsv'
[24.147s] INFO:colcon.colcon_core.shell:Creating package script '/home/rafael/Humanoids/ros_ws/install/task_manager/share/task_manager/package.sh'
[24.153s] INFO:colcon.colcon_core.shell:Creating package script '/home/rafael/Humanoids/ros_ws/install/task_manager/share/task_manager/package.bash'
[24.158s] INFO:colcon.colcon_core.shell:Creating package script '/home/rafael/Humanoids/ros_ws/install/task_manager/share/task_manager/package.zsh'
[24.162s] Level 1:colcon.colcon_core.environment:create_file_with_runtime_dependencies(/home/rafael/Humanoids/ros_ws/install/task_manager/share/colcon-core/packages/task_manager)
[24.166s] Level 1:colcon.colcon_core.environment:create_environment_scripts_only(task_manager)
[24.167s] Level 1:colcon.colcon_core.environment:checking '/home/rafael/Humanoids/ros_ws/install/task_manager' for CMake module files
[24.172s] Level 1:colcon.colcon_core.environment:checking '/home/rafael/Humanoids/ros_ws/install/task_manager' for CMake config files
[24.174s] Level 1:colcon.colcon_core.shell:create_environment_hook('task_manager', 'cmake_prefix_path')
[24.175s] INFO:colcon.colcon_core.shell:Creating environment hook '/home/rafael/Humanoids/ros_ws/install/task_manager/share/task_manager/hook/cmake_prefix_path.ps1'
[24.177s] INFO:colcon.colcon_core.shell:Creating environment descriptor '/home/rafael/Humanoids/ros_ws/install/task_manager/share/task_manager/hook/cmake_prefix_path.dsv'
[24.180s] INFO:colcon.colcon_core.shell:Creating environment hook '/home/rafael/Humanoids/ros_ws/install/task_manager/share/task_manager/hook/cmake_prefix_path.sh'
[24.183s] Level 1:colcon.colcon_core.environment:checking '/home/rafael/Humanoids/ros_ws/install/task_manager/lib'
[24.183s] Level 1:colcon.colcon_core.environment:checking '/home/rafael/Humanoids/ros_ws/install/task_manager/bin'
[24.184s] Level 1:colcon.colcon_core.environment:checking '/home/rafael/Humanoids/ros_ws/install/task_manager/lib/pkgconfig/task_manager.pc'
[24.185s] Level 1:colcon.colcon_core.environment:checking '/home/rafael/Humanoids/ros_ws/install/task_manager/lib/python3.10/site-packages'
[24.186s] Level 1:colcon.colcon_core.environment:checking '/home/rafael/Humanoids/ros_ws/install/task_manager/bin'
[24.188s] INFO:colcon.colcon_core.shell:Creating package script '/home/rafael/Humanoids/ros_ws/install/task_manager/share/task_manager/package.ps1'
[24.191s] INFO:colcon.colcon_core.shell:Creating package descriptor '/home/rafael/Humanoids/ros_ws/install/task_manager/share/task_manager/package.dsv'
[24.194s] INFO:colcon.colcon_core.shell:Creating package script '/home/rafael/Humanoids/ros_ws/install/task_manager/share/task_manager/package.sh'
[24.196s] INFO:colcon.colcon_core.shell:Creating package script '/home/rafael/Humanoids/ros_ws/install/task_manager/share/task_manager/package.bash'
[24.199s] INFO:colcon.colcon_core.shell:Creating package script '/home/rafael/Humanoids/ros_ws/install/task_manager/share/task_manager/package.zsh'
[24.202s] Level 1:colcon.colcon_core.environment:create_file_with_runtime_dependencies(/home/rafael/Humanoids/ros_ws/install/task_manager/share/colcon-core/packages/task_manager)
[24.203s] DEBUG:colcon.colcon_parallel_executor.executor.parallel:closing loop
[24.204s] DEBUG:colcon.colcon_parallel_executor.executor.parallel:loop closed
[24.204s] DEBUG:colcon.colcon_parallel_executor.executor.parallel:run_until_complete finished with '0'
[24.204s] DEBUG:colcon.colcon_core.event_reactor:joining thread
[24.253s] INFO:colcon.colcon_core.plugin_system:Skipping extension 'colcon_notification.desktop_notification.terminal_notifier': Not used on non-Darwin systems
[24.254s] INFO:colcon.colcon_core.plugin_system:Skipping extension 'colcon_notification.desktop_notification.win32': Not used on non-Windows systems
[24.254s] INFO:colcon.colcon_notification.desktop_notification:Sending desktop notification using 'notify2'
[24.315s] DEBUG:colcon.colcon_core.event_reactor:joined thread
[24.316s] INFO:colcon.colcon_core.shell:Creating prefix script '/home/rafael/Humanoids/ros_ws/install/local_setup.ps1'
[24.345s] INFO:colcon.colcon_core.shell:Creating prefix util module '/home/rafael/Humanoids/ros_ws/install/_local_setup_util_ps1.py'
[24.352s] INFO:colcon.colcon_core.shell:Creating prefix chain script '/home/rafael/Humanoids/ros_ws/install/setup.ps1'
[24.358s] INFO:colcon.colcon_core.shell:Creating prefix script '/home/rafael/Humanoids/ros_ws/install/local_setup.sh'
[24.361s] INFO:colcon.colcon_core.shell:Creating prefix util module '/home/rafael/Humanoids/ros_ws/install/_local_setup_util_sh.py'
[24.365s] INFO:colcon.colcon_core.shell:Creating prefix chain script '/home/rafael/Humanoids/ros_ws/install/setup.sh'
[24.372s] INFO:colcon.colcon_core.shell:Creating prefix script '/home/rafael/Humanoids/ros_ws/install/local_setup.bash'
[24.374s] INFO:colcon.colcon_core.shell:Creating prefix chain script '/home/rafael/Humanoids/ros_ws/install/setup.bash'
[24.380s] INFO:colcon.colcon_core.shell:Creating prefix script '/home/rafael/Humanoids/ros_ws/install/local_setup.zsh'
[24.382s] INFO:colcon.colcon_core.shell:Creating prefix chain script '/home/rafael/Humanoids/ros_ws/install/setup.zsh'
