[0.050s] Invoking command in '/home/rafael/Humanoids/ros_ws/build/task_manager': CMAKE_PREFIX_PATH=${CMAKE_PREFIX_PATH}:/opt/ros/humble /usr/bin/cmake /home/rafael/Humanoids/ros_ws/src/Plan/task_manager -DCMAKE_INSTALL_PREFIX=/home/rafael/Humanoids/ros_ws/install/task_manager
[0.254s] -- The C compiler identification is GNU 11.4.0
[0.513s] -- The CXX compiler identification is GNU 11.4.0
[0.549s] -- Detecting C compiler ABI info
[0.773s] -- Detecting C compiler ABI info - done
[0.813s] -- Check for working C compiler: /usr/bin/cc - skipped
[0.818s] -- Detecting C compile features
[0.819s] -- Detecting C compile features - done
[0.827s] -- Detecting CXX compiler ABI info
[1.096s] -- Detecting CXX compiler ABI info - done
[1.147s] -- Check for working CXX compiler: /usr/bin/c++ - skipped
[1.148s] -- Detecting CXX compile features
[1.150s] -- Detecting CXX compile features - done
[1.152s] -- Found ament_cmake: 1.3.12 (/opt/ros/humble/share/ament_cmake/cmake)
[1.649s] -- Found Python3: /usr/bin/python3 (found version "3.10.12") found components: Interpreter 
[1.996s] -- Found rclcpp: 16.0.14 (/opt/ros/humble/share/rclcpp/cmake)
[2.162s] -- Found rosidl_generator_c: 3.1.7 (/opt/ros/humble/share/rosidl_generator_c/cmake)
[2.178s] -- Found rosidl_adapter: 3.1.7 (/opt/ros/humble/share/rosidl_adapter/cmake)
[2.224s] -- Found rosidl_generator_cpp: 3.1.7 (/opt/ros/humble/share/rosidl_generator_cpp/cmake)
[2.287s] -- Using all available rosidl_typesupport_c: rosidl_typesupport_fastrtps_c;rosidl_typesupport_introspection_c
[2.365s] -- Using all available rosidl_typesupport_cpp: rosidl_typesupport_fastrtps_cpp;rosidl_typesupport_introspection_cpp
[2.570s] -- Found rmw_implementation_cmake: 6.1.2 (/opt/ros/humble/share/rmw_implementation_cmake/cmake)
[2.580s] -- Found rmw_fastrtps_cpp: 6.2.8 (/opt/ros/humble/share/rmw_fastrtps_cpp/cmake)
[2.896s] -- Found OpenSSL: /usr/lib/x86_64-linux-gnu/libcrypto.so (found version "3.0.2")  
[2.998s] -- Found FastRTPS: /opt/ros/humble/include  
[3.141s] -- Using RMW implementation 'rmw_fastrtps_cpp' as default
[3.174s] -- Performing Test CMAKE_HAVE_LIBC_PTHREAD
[3.421s] -- Performing Test CMAKE_HAVE_LIBC_PTHREAD - Success
[3.427s] -- Found Threads: TRUE  
[3.933s] -- Configuring done
[3.965s] -- Generating done
[3.981s] -- Build files have been written to: /home/rafael/Humanoids/ros_ws/build/task_manager
[4.020s] Invoked command in '/home/rafael/Humanoids/ros_ws/build/task_manager' returned '0': CMAKE_PREFIX_PATH=${CMAKE_PREFIX_PATH}:/opt/ros/humble /usr/bin/cmake /home/rafael/Humanoids/ros_ws/src/Plan/task_manager -DCMAKE_INSTALL_PREFIX=/home/rafael/Humanoids/ros_ws/install/task_manager
[4.034s] Invoking command in '/home/rafael/Humanoids/ros_ws/build/task_manager': CMAKE_PREFIX_PATH=${CMAKE_PREFIX_PATH}:/opt/ros/humble /usr/bin/cmake --build /home/rafael/Humanoids/ros_ws/build/task_manager -- -j2 -l2
[4.123s] [ 50%] [32mBuilding CXX object CMakeFiles/push_recovery.dir/src/push_recovery.cpp.o[0m
[17.479s] [100%] [32m[1mLinking CXX executable push_recovery[0m
[18.036s] [100%] Built target push_recovery
[18.056s] Invoked command in '/home/rafael/Humanoids/ros_ws/build/task_manager' returned '0': CMAKE_PREFIX_PATH=${CMAKE_PREFIX_PATH}:/opt/ros/humble /usr/bin/cmake --build /home/rafael/Humanoids/ros_ws/build/task_manager -- -j2 -l2
[18.083s] Invoking command in '/home/rafael/Humanoids/ros_ws/build/task_manager': CMAKE_PREFIX_PATH=${CMAKE_PREFIX_PATH}:/opt/ros/humble /usr/bin/cmake --install /home/rafael/Humanoids/ros_ws/build/task_manager
[18.093s] -- Install configuration: ""
[18.093s] -- Installing: /home/rafael/Humanoids/ros_ws/install/task_manager/lib/task_manager/push_recovery
[18.096s] -- Set runtime path of "/home/rafael/Humanoids/ros_ws/install/task_manager/lib/task_manager/push_recovery" to ""
[18.097s] -- Installing: /home/rafael/Humanoids/ros_ws/install/task_manager/share/ament_index/resource_index/package_run_dependencies/task_manager
[18.098s] -- Installing: /home/rafael/Humanoids/ros_ws/install/task_manager/share/ament_index/resource_index/parent_prefix_path/task_manager
[18.099s] -- Installing: /home/rafael/Humanoids/ros_ws/install/task_manager/share/task_manager/environment/ament_prefix_path.sh
[18.100s] -- Installing: /home/rafael/Humanoids/ros_ws/install/task_manager/share/task_manager/environment/ament_prefix_path.dsv
[18.100s] -- Installing: /home/rafael/Humanoids/ros_ws/install/task_manager/share/task_manager/environment/path.sh
[18.101s] -- Installing: /home/rafael/Humanoids/ros_ws/install/task_manager/share/task_manager/environment/path.dsv
[18.101s] -- Installing: /home/rafael/Humanoids/ros_ws/install/task_manager/share/task_manager/local_setup.bash
[18.102s] -- Installing: /home/rafael/Humanoids/ros_ws/install/task_manager/share/task_manager/local_setup.sh
[18.102s] -- Installing: /home/rafael/Humanoids/ros_ws/install/task_manager/share/task_manager/local_setup.zsh
[18.103s] -- Installing: /home/rafael/Humanoids/ros_ws/install/task_manager/share/task_manager/local_setup.dsv
[18.103s] -- Installing: /home/rafael/Humanoids/ros_ws/install/task_manager/share/task_manager/package.dsv
[18.104s] -- Installing: /home/rafael/Humanoids/ros_ws/install/task_manager/share/ament_index/resource_index/packages/task_manager
[18.104s] -- Installing: /home/rafael/Humanoids/ros_ws/install/task_manager/share/task_manager/cmake/task_managerConfig.cmake
[18.105s] -- Installing: /home/rafael/Humanoids/ros_ws/install/task_manager/share/task_manager/cmake/task_managerConfig-version.cmake
[18.105s] -- Installing: /home/rafael/Humanoids/ros_ws/install/task_manager/share/task_manager/package.xml
[18.111s] Invoked command in '/home/rafael/Humanoids/ros_ws/build/task_manager' returned '0': CMAKE_PREFIX_PATH=${CMAKE_PREFIX_PATH}:/opt/ros/humble /usr/bin/cmake --install /home/rafael/Humanoids/ros_ws/build/task_manager
