[0.043s] Invoking command in '/home/rafael/Humanoids/ros_ws/build/task_manager': CMAKE_PREFIX_PATH=${CMAKE_PREFIX_PATH}:/opt/ros/humble /usr/bin/cmake /home/rafael/Humanoids/ros_ws/src/Plan/task_manager -DCMAKE_INSTALL_PREFIX=/home/rafael/Humanoids/ros_ws/install/task_manager
[0.078s] -- Found ament_cmake: 1.3.12 (/opt/ros/humble/share/ament_cmake/cmake)
[0.465s] -- Found rclcpp: 16.0.14 (/opt/ros/humble/share/rclcpp/cmake)
[0.584s] -- Found rosidl_generator_c: 3.1.7 (/opt/ros/humble/share/rosidl_generator_c/cmake)
[0.597s] -- Found rosidl_adapter: 3.1.7 (/opt/ros/humble/share/rosidl_adapter/cmake)
[0.626s] -- Found rosidl_generator_cpp: 3.1.7 (/opt/ros/humble/share/rosidl_generator_cpp/cmake)
[0.673s] -- Using all available rosidl_typesupport_c: rosidl_typesupport_fastrtps_c;rosidl_typesupport_introspection_c
[0.735s] -- Using all available rosidl_typesupport_cpp: rosidl_typesupport_fastrtps_cpp;rosidl_typesupport_introspection_cpp
[0.884s] -- Found rmw_implementation_cmake: 6.1.2 (/opt/ros/humble/share/rmw_implementation_cmake/cmake)
[0.890s] -- Found rmw_fastrtps_cpp: 6.2.8 (/opt/ros/humble/share/rmw_fastrtps_cpp/cmake)
[1.261s] -- Using RMW implementation 'rmw_fastrtps_cpp' as default
[1.759s] -- Configuring done
[1.765s] [31mCMake Error at CMakeLists.txt:7 (add_executable):
[1.767s]   Cannot find source file:
[1.770s] 
[1.771s]     src/stricker.cpp
[1.774s] 
[1.778s]   Tried extensions .c .C .c++ .cc .cpp .cxx .cu .mpp .m .M .mm .ixx .cppm .h
[1.779s]   .hh .h++ .hm .hpp .hxx .in .txx .f .F .for .f77 .f90 .f95 .f03 .hip .ispc
[1.780s] 
[1.781s] [0m
[1.782s] [31mCMake Error at CMakeLists.txt:7 (add_executable):
[1.783s]   No SOURCES given to target: stricker
[1.783s] 
[1.784s] [0m
[1.785s] [0mCMake Generate step failed.  Build files cannot be regenerated correctly.[0m
[1.800s] Invoked command in '/home/rafael/Humanoids/ros_ws/build/task_manager' returned '1': CMAKE_PREFIX_PATH=${CMAKE_PREFIX_PATH}:/opt/ros/humble /usr/bin/cmake /home/rafael/Humanoids/ros_ws/src/Plan/task_manager -DCMAKE_INSTALL_PREFIX=/home/rafael/Humanoids/ros_ws/install/task_manager
