[0.010s] Invoking command in '/home/mercus/Humanoids/ros_ws/build/task_manager': CONDA_PROMPT_MODIFIER=(base) /usr/bin/cmake /home/mercus/Humanoids/ros_ws/src/Plan/task_manager -DCATKIN_INSTALL_INTO_PREFIX_ROOT=0 -DCMAKE_INSTALL_PREFIX=/home/mercus/Humanoids/ros_ws/install/task_manager
[0.051s] -- The C compiler identification is GNU 11.4.0
[0.090s] -- The CXX compiler identification is GNU 11.4.0
[0.098s] -- Detecting C compiler ABI info
[0.153s] -- Detecting C compiler ABI info - done
[0.163s] -- Check for working C compiler: /usr/bin/cc - skipped
[0.163s] -- Detecting C compile features
[0.164s] -- Detecting C compile features - done
[0.166s] -- Detecting CXX compiler ABI info
[0.229s] -- Detecting CXX compiler ABI info - done
[0.236s] -- Check for working CXX compiler: /usr/bin/c++ - skipped
[0.236s] -- Detecting CXX compile features
[0.236s] -- Detecting CXX compile features - done
[0.243s] [31mCMake Error at CMakeLists.txt:10 (find_package):
[0.243s]   By not providing "Findcatkin.cmake" in CMAKE_MODULE_PATH this project has
[0.243s]   asked CMake to find a package configuration file provided by "catkin", but
[0.243s]   CMake did not find one.
[0.243s] 
[0.243s]   Could not find a package configuration file provided by "catkin" with any
[0.243s]   of the following names:
[0.243s] 
[0.243s]     catkinConfig.cmake
[0.243s]     catkin-config.cmake
[0.243s] 
[0.244s]   Add the installation prefix of "catkin" to CMAKE_PREFIX_PATH or set
[0.244s]   "catkin_DIR" to a directory containing one of the above files.  If "catkin"
[0.244s]   provides a separate development package or SDK, be sure it has been
[0.244s]   installed.
[0.244s] 
[0.244s] [0m
[0.244s] -- Configuring incomplete, errors occurred!
[0.244s] See also "/home/mercus/Humanoids/ros_ws/build/task_manager/CMakeFiles/CMakeOutput.log".
[0.246s] Invoked command in '/home/mercus/Humanoids/ros_ws/build/task_manager' returned '1': CONDA_PROMPT_MODIFIER=(base) /usr/bin/cmake /home/mercus/Humanoids/ros_ws/src/Plan/task_manager -DCATKIN_INSTALL_INTO_PREFIX_ROOT=0 -DCMAKE_INSTALL_PREFIX=/home/mercus/Humanoids/ros_ws/install/task_manager
