[  3%] [34m[1mGenerating C code for ROS interfaces[0m
[  6%] [34m[1mGenerating C++ code for ROS interfaces[0m
[  6%] Built target ament_cmake_python_copy_hdwr_pkg
running egg_info
[  9%] [32mBuilding C object CMakeFiles/hdwr_pkg__rosidl_generator_c.dir/rosidl_generator_c/hdwr_pkg/srv/detail/human_srv__functions.c.o[0m
creating hdwr_pkg.egg-info
writing hdwr_pkg.egg-info/PKG-INFO
writing dependency_links to hdwr_pkg.egg-info/dependency_links.txt
writing top-level names to hdwr_pkg.egg-info/top_level.txt
[  9%] Built target hdwr_pkg__cpp
writing manifest file 'hdwr_pkg.egg-info/SOURCES.txt'
[ 12%] [34m[1mGenerating C++ type support dispatch for ROS interfaces[0m
[ 16%] [34m[1mGenerating C++ type support for eProsima Fast-RTPS[0m
[ 19%] [34m[1mGenerating C++ introspection for ROS interfaces[0m
reading manifest file 'hdwr_pkg.egg-info/SOURCES.txt'
writing manifest file 'hdwr_pkg.egg-info/SOURCES.txt'
[ 22%] [32m[1mLinking C shared library libhdwr_pkg__rosidl_generator_c.so[0m
[ 22%] Built target ament_cmake_python_build_hdwr_pkg_egg
[ 22%] Built target hdwr_pkg__rosidl_generator_c
[ 29%] [34m[1mGenerating C type support for eProsima Fast-RTPS[0m
[ 29%] [34m[1mGenerating C introspection for ROS interfaces[0m
[ 32%] [34m[1mGenerating C type support dispatch for ROS interfaces[0m
[ 35%] [32mBuilding CXX object CMakeFiles/hdwr_pkg__rosidl_typesupport_cpp.dir/rosidl_typesupport_cpp/hdwr_pkg/srv/human_srv__type_support.cpp.o[0m
[ 38%] [32mBuilding CXX object CMakeFiles/hdwr_pkg__rosidl_typesupport_fastrtps_cpp.dir/rosidl_typesupport_fastrtps_cpp/hdwr_pkg/srv/detail/dds_fastrtps/human_srv__type_support.cpp.o[0m
[ 41%] [32mBuilding CXX object CMakeFiles/hdwr_pkg__rosidl_typesupport_introspection_cpp.dir/rosidl_typesupport_introspection_cpp/hdwr_pkg/srv/detail/human_srv__type_support.cpp.o[0m
[ 45%] [32mBuilding CXX object CMakeFiles/hdwr_pkg__rosidl_typesupport_c.dir/rosidl_typesupport_c/hdwr_pkg/srv/human_srv__type_support.cpp.o[0m
[ 48%] [32m[1mLinking CXX shared library libhdwr_pkg__rosidl_typesupport_c.so[0m
[ 51%] [32mBuilding C object CMakeFiles/hdwr_pkg__rosidl_typesupport_introspection_c.dir/rosidl_typesupport_introspection_c/hdwr_pkg/srv/detail/human_srv__type_support.c.o[0m
[ 54%] [32mBuilding CXX object CMakeFiles/hdwr_pkg__rosidl_typesupport_fastrtps_c.dir/rosidl_typesupport_fastrtps_c/hdwr_pkg/srv/detail/human_srv__type_support_c.cpp.o[0m
[ 54%] Built target hdwr_pkg__rosidl_typesupport_c
[ 58%] [32m[1mLinking CXX shared library libhdwr_pkg__rosidl_typesupport_cpp.so[0m
[ 61%] [32m[1mLinking C shared library libhdwr_pkg__rosidl_typesupport_introspection_c.so[0m
[ 61%] Built target hdwr_pkg__rosidl_typesupport_cpp
[ 61%] Built target hdwr_pkg__rosidl_typesupport_introspection_c
[ 64%] [32m[1mLinking CXX shared library libhdwr_pkg__rosidl_typesupport_introspection_cpp.so[0m
[ 67%] [32m[1mLinking CXX shared library libhdwr_pkg__rosidl_typesupport_fastrtps_cpp.so[0m
[ 67%] Built target hdwr_pkg__rosidl_typesupport_introspection_cpp
[ 67%] Built target hdwr_pkg__rosidl_typesupport_fastrtps_cpp
[ 70%] [32m[1mLinking CXX shared library libhdwr_pkg__rosidl_typesupport_fastrtps_c.so[0m
[ 70%] Built target hdwr_pkg__rosidl_typesupport_fastrtps_c
[ 70%] Built target hdwr_pkg
[ 74%] [34m[1mGenerating Python code for ROS interfaces[0m
[ 74%] Built target hdwr_pkg__py
[ 77%] [32mBuilding C object CMakeFiles/hdwr_pkg__rosidl_generator_py.dir/rosidl_generator_py/hdwr_pkg/srv/_human_srv_s.c.o[0m
[ 80%] [32m[1mLinking C shared library rosidl_generator_py/hdwr_pkg/libhdwr_pkg__rosidl_generator_py.so[0m
[ 80%] Built target hdwr_pkg__rosidl_generator_py
[ 83%] [32mBuilding C object CMakeFiles/hdwr_pkg__rosidl_typesupport_introspection_c__pyext.dir/rosidl_generator_py/hdwr_pkg/_hdwr_pkg_s.ep.rosidl_typesupport_introspection_c.c.o[0m
[ 87%] [32mBuilding C object CMakeFiles/hdwr_pkg__rosidl_typesupport_fastrtps_c__pyext.dir/rosidl_generator_py/hdwr_pkg/_hdwr_pkg_s.ep.rosidl_typesupport_fastrtps_c.c.o[0m
[ 90%] [32mBuilding C object CMakeFiles/hdwr_pkg__rosidl_typesupport_c__pyext.dir/rosidl_generator_py/hdwr_pkg/_hdwr_pkg_s.ep.rosidl_typesupport_c.c.o[0m
[ 93%] [32m[1mLinking C shared library rosidl_generator_py/hdwr_pkg/hdwr_pkg_s__rosidl_typesupport_introspection_c.cpython-313-x86_64-linux-gnu.so[0m
[ 96%] [32m[1mLinking C shared library rosidl_generator_py/hdwr_pkg/hdwr_pkg_s__rosidl_typesupport_c.cpython-313-x86_64-linux-gnu.so[0m
[100%] [32m[1mLinking C shared library rosidl_generator_py/hdwr_pkg/hdwr_pkg_s__rosidl_typesupport_fastrtps_c.cpython-313-x86_64-linux-gnu.so[0m
[100%] Built target hdwr_pkg__rosidl_typesupport_c__pyext
[100%] Built target hdwr_pkg__rosidl_typesupport_introspection_c__pyext
[100%] Built target hdwr_pkg__rosidl_typesupport_fastrtps_c__pyext
