[0.012s] Invoking command in '/home/mercus/Humanoids/ros_ws/build/hdwr_pkg': CMAKE_PREFIX_PATH=${CMAKE_PREFIX_PATH}:/opt/ros/humble CONDA_PROMPT_MODIFIER=(base) /usr/bin/cmake --build /home/mercus/Humanoids/ros_ws/build/hdwr_pkg -- -j20 -l20
[0.039s] [  3%] [34m[1mGenerating C code for ROS interfaces[0m
[0.045s] [  6%] [34m[1mGenerating C++ code for ROS interfaces[0m
[0.052s] [  6%] Built target ament_cmake_python_copy_hdwr_pkg
[0.236s] running egg_info
[0.245s] [  9%] [32mBuilding C object CMakeFiles/hdwr_pkg__rosidl_generator_c.dir/rosidl_generator_c/hdwr_pkg/srv/detail/human_srv__functions.c.o[0m
[0.250s] creating hdwr_pkg.egg-info
[0.250s] writing hdwr_pkg.egg-info/PKG-INFO
[0.250s] writing dependency_links to hdwr_pkg.egg-info/dependency_links.txt
[0.250s] writing top-level names to hdwr_pkg.egg-info/top_level.txt
[0.251s] [  9%] Built target hdwr_pkg__cpp
[0.251s] writing manifest file 'hdwr_pkg.egg-info/SOURCES.txt'
[0.260s] [ 12%] [34m[1mGenerating C++ type support dispatch for ROS interfaces[0m
[0.262s] [ 16%] [34m[1mGenerating C++ type support for eProsima Fast-RTPS[0m
[0.263s] [ 19%] [34m[1mGenerating C++ introspection for ROS interfaces[0m
[0.282s] reading manifest file 'hdwr_pkg.egg-info/SOURCES.txt'
[0.282s] writing manifest file 'hdwr_pkg.egg-info/SOURCES.txt'
[0.301s] [ 22%] [32m[1mLinking C shared library libhdwr_pkg__rosidl_generator_c.so[0m
[0.314s] [ 22%] Built target ament_cmake_python_build_hdwr_pkg_egg
[0.349s] [ 22%] Built target hdwr_pkg__rosidl_generator_c
[0.362s] [ 29%] [34m[1mGenerating C type support for eProsima Fast-RTPS[0m
[0.362s] [ 29%] [34m[1mGenerating C introspection for ROS interfaces[0m
[0.362s] [ 32%] [34m[1mGenerating C type support dispatch for ROS interfaces[0m
[0.470s] [ 35%] [32mBuilding CXX object CMakeFiles/hdwr_pkg__rosidl_typesupport_cpp.dir/rosidl_typesupport_cpp/hdwr_pkg/srv/human_srv__type_support.cpp.o[0m
[0.490s] [ 38%] [32mBuilding CXX object CMakeFiles/hdwr_pkg__rosidl_typesupport_fastrtps_cpp.dir/rosidl_typesupport_fastrtps_cpp/hdwr_pkg/srv/detail/dds_fastrtps/human_srv__type_support.cpp.o[0m
[0.510s] [ 41%] [32mBuilding CXX object CMakeFiles/hdwr_pkg__rosidl_typesupport_introspection_cpp.dir/rosidl_typesupport_introspection_cpp/hdwr_pkg/srv/detail/human_srv__type_support.cpp.o[0m
[0.589s] [ 45%] [32mBuilding CXX object CMakeFiles/hdwr_pkg__rosidl_typesupport_c.dir/rosidl_typesupport_c/hdwr_pkg/srv/human_srv__type_support.cpp.o[0m
[0.624s] [ 48%] [32m[1mLinking CXX shared library libhdwr_pkg__rosidl_typesupport_c.so[0m
[0.661s] [ 51%] [32mBuilding C object CMakeFiles/hdwr_pkg__rosidl_typesupport_introspection_c.dir/rosidl_typesupport_introspection_c/hdwr_pkg/srv/detail/human_srv__type_support.c.o[0m
[0.661s] [ 54%] [32mBuilding CXX object CMakeFiles/hdwr_pkg__rosidl_typesupport_fastrtps_c.dir/rosidl_typesupport_fastrtps_c/hdwr_pkg/srv/detail/human_srv__type_support_c.cpp.o[0m
[0.663s] [ 54%] Built target hdwr_pkg__rosidl_typesupport_c
[0.675s] [ 58%] [32m[1mLinking CXX shared library libhdwr_pkg__rosidl_typesupport_cpp.so[0m
[0.689s] [ 61%] [32m[1mLinking C shared library libhdwr_pkg__rosidl_typesupport_introspection_c.so[0m
[0.709s] [ 61%] Built target hdwr_pkg__rosidl_typesupport_cpp
[0.718s] [ 61%] Built target hdwr_pkg__rosidl_typesupport_introspection_c
[0.773s] [ 64%] [32m[1mLinking CXX shared library libhdwr_pkg__rosidl_typesupport_introspection_cpp.so[0m
[0.778s] [ 67%] [32m[1mLinking CXX shared library libhdwr_pkg__rosidl_typesupport_fastrtps_cpp.so[0m
[0.815s] [ 67%] Built target hdwr_pkg__rosidl_typesupport_introspection_cpp
[0.827s] [ 67%] Built target hdwr_pkg__rosidl_typesupport_fastrtps_cpp
[0.863s] [ 70%] [32m[1mLinking CXX shared library libhdwr_pkg__rosidl_typesupport_fastrtps_c.so[0m
[0.907s] [ 70%] Built target hdwr_pkg__rosidl_typesupport_fastrtps_c
[0.921s] [ 70%] Built target hdwr_pkg
[0.935s] [ 74%] [34m[1mGenerating Python code for ROS interfaces[0m
[1.097s] [ 74%] Built target hdwr_pkg__py
[1.109s] [ 77%] [32mBuilding C object CMakeFiles/hdwr_pkg__rosidl_generator_py.dir/rosidl_generator_py/hdwr_pkg/srv/_human_srv_s.c.o[0m
[1.173s] [ 80%] [32m[1mLinking C shared library rosidl_generator_py/hdwr_pkg/libhdwr_pkg__rosidl_generator_py.so[0m
[1.197s] [ 80%] Built target hdwr_pkg__rosidl_generator_py
[1.211s] [ 83%] [32mBuilding C object CMakeFiles/hdwr_pkg__rosidl_typesupport_introspection_c__pyext.dir/rosidl_generator_py/hdwr_pkg/_hdwr_pkg_s.ep.rosidl_typesupport_introspection_c.c.o[0m
[1.212s] [ 87%] [32mBuilding C object CMakeFiles/hdwr_pkg__rosidl_typesupport_fastrtps_c__pyext.dir/rosidl_generator_py/hdwr_pkg/_hdwr_pkg_s.ep.rosidl_typesupport_fastrtps_c.c.o[0m
[1.213s] [ 90%] [32mBuilding C object CMakeFiles/hdwr_pkg__rosidl_typesupport_c__pyext.dir/rosidl_generator_py/hdwr_pkg/_hdwr_pkg_s.ep.rosidl_typesupport_c.c.o[0m
[1.266s] [ 93%] [32m[1mLinking C shared library rosidl_generator_py/hdwr_pkg/hdwr_pkg_s__rosidl_typesupport_introspection_c.cpython-313-x86_64-linux-gnu.so[0m
[1.266s] [ 96%] [32m[1mLinking C shared library rosidl_generator_py/hdwr_pkg/hdwr_pkg_s__rosidl_typesupport_c.cpython-313-x86_64-linux-gnu.so[0m
[1.274s] [100%] [32m[1mLinking C shared library rosidl_generator_py/hdwr_pkg/hdwr_pkg_s__rosidl_typesupport_fastrtps_c.cpython-313-x86_64-linux-gnu.so[0m
[1.289s] [100%] Built target hdwr_pkg__rosidl_typesupport_c__pyext
[1.291s] [100%] Built target hdwr_pkg__rosidl_typesupport_introspection_c__pyext
[1.295s] [100%] Built target hdwr_pkg__rosidl_typesupport_fastrtps_c__pyext
