[0.050s] DEBUG:colcon:Command line arguments: ['/usr/bin/colcon', 'build']
[0.050s] DEBUG:colcon:Parsed command line arguments: Namespace(log_base=None, log_level=None, verb_name='build', build_base='build', install_base='install', merge_install=False, symlink_install=False, test_result_base=None, continue_on_error=False, executor='parallel', parallel_workers=20, event_handlers=None, ignore_user_meta=False, metas=['./colcon.meta'], base_paths=['.'], packages_ignore=None, packages_ignore_regex=None, paths=None, packages_up_to=None, packages_up_to_regex=None, packages_above=None, packages_above_and_dependencies=None, packages_above_depth=None, packages_select_by_dep=None, packages_skip_by_dep=None, packages_skip_up_to=None, packages_select_build_failed=False, packages_skip_build_finished=False, packages_select_test_failures=False, packages_skip_test_passed=False, packages_select=None, packages_skip=None, packages_select_regex=None, packages_skip_regex=None, packages_start=None, packages_end=None, allow_overriding=[], cmake_args=None, cmake_target=None, cmake_target_skip_unavailable=False, cmake_clean_cache=False, cmake_clean_first=False, cmake_force_configure=False, ament_cmake_args=None, catkin_cmake_args=None, catkin_skip_building_tests=False, verb_parser=<colcon_defaults.argument_parser.defaults.DefaultArgumentsDecorator object at 0x785c9d650280>, verb_extension=<colcon_core.verb.build.BuildVerb object at 0x785c9d75d630>, main=<bound method BuildVerb.main of <colcon_core.verb.build.BuildVerb object at 0x785c9d75d630>>)
[0.122s] Level 1:colcon.colcon_core.package_discovery:discover_packages(colcon_meta) check parameters
[0.122s] Level 1:colcon.colcon_core.package_discovery:discover_packages(recursive) check parameters
[0.122s] Level 1:colcon.colcon_core.package_discovery:discover_packages(ignore) check parameters
[0.122s] Level 1:colcon.colcon_core.package_discovery:discover_packages(path) check parameters
[0.123s] Level 1:colcon.colcon_core.package_discovery:discover_packages(colcon_meta) discover
[0.123s] Level 1:colcon.colcon_core.package_discovery:discover_packages(recursive) discover
[0.123s] INFO:colcon.colcon_core.package_discovery:Crawling recursively for packages in '/home/mercus/Humanoids/ros_ws'
[0.123s] Level 1:colcon.colcon_core.package_identification:_identify(.) by extensions ['ignore', 'ignore_ament_install']
[0.123s] Level 1:colcon.colcon_core.package_identification:_identify(.) by extension 'ignore'
[0.123s] Level 1:colcon.colcon_core.package_identification:_identify(.) by extension 'ignore_ament_install'
[0.123s] Level 1:colcon.colcon_core.package_identification:_identify(.) by extensions ['colcon_pkg']
[0.123s] Level 1:colcon.colcon_core.package_identification:_identify(.) by extension 'colcon_pkg'
[0.123s] Level 1:colcon.colcon_core.package_identification:_identify(.) by extensions ['colcon_meta']
[0.123s] Level 1:colcon.colcon_core.package_identification:_identify(.) by extension 'colcon_meta'
[0.123s] Level 1:colcon.colcon_core.package_identification:_identify(.) by extensions ['ros']
[0.123s] Level 1:colcon.colcon_core.package_identification:_identify(.) by extension 'ros'
[0.129s] Level 1:colcon.colcon_core.package_identification:_identify(.) by extensions ['cmake', 'python']
[0.129s] Level 1:colcon.colcon_core.package_identification:_identify(.) by extension 'cmake'
[0.129s] Level 1:colcon.colcon_core.package_identification:_identify(.) by extension 'python'
[0.129s] Level 1:colcon.colcon_core.package_identification:_identify(.) by extensions ['python_setup_py']
[0.129s] Level 1:colcon.colcon_core.package_identification:_identify(.) by extension 'python_setup_py'
[0.129s] Level 1:colcon.colcon_core.package_identification:_identify(build) by extensions ['ignore', 'ignore_ament_install']
[0.129s] Level 1:colcon.colcon_core.package_identification:_identify(build) by extension 'ignore'
[0.129s] Level 1:colcon.colcon_core.package_identification:_identify(build) ignored
[0.129s] Level 1:colcon.colcon_core.package_identification:_identify(install) by extensions ['ignore', 'ignore_ament_install']
[0.129s] Level 1:colcon.colcon_core.package_identification:_identify(install) by extension 'ignore'
[0.129s] Level 1:colcon.colcon_core.package_identification:_identify(install) ignored
[0.129s] Level 1:colcon.colcon_core.package_identification:_identify(log) by extensions ['ignore', 'ignore_ament_install']
[0.129s] Level 1:colcon.colcon_core.package_identification:_identify(log) by extension 'ignore'
[0.129s] Level 1:colcon.colcon_core.package_identification:_identify(log) ignored
[0.129s] Level 1:colcon.colcon_core.package_identification:_identify(src) by extensions ['ignore', 'ignore_ament_install']
[0.129s] Level 1:colcon.colcon_core.package_identification:_identify(src) by extension 'ignore'
[0.129s] Level 1:colcon.colcon_core.package_identification:_identify(src) by extension 'ignore_ament_install'
[0.129s] Level 1:colcon.colcon_core.package_identification:_identify(src) by extensions ['colcon_pkg']
[0.129s] Level 1:colcon.colcon_core.package_identification:_identify(src) by extension 'colcon_pkg'
[0.129s] Level 1:colcon.colcon_core.package_identification:_identify(src) by extensions ['colcon_meta']
[0.129s] Level 1:colcon.colcon_core.package_identification:_identify(src) by extension 'colcon_meta'
[0.129s] Level 1:colcon.colcon_core.package_identification:_identify(src) by extensions ['ros']
[0.129s] Level 1:colcon.colcon_core.package_identification:_identify(src) by extension 'ros'
[0.129s] Level 1:colcon.colcon_core.package_identification:_identify(src) by extensions ['cmake', 'python']
[0.129s] Level 1:colcon.colcon_core.package_identification:_identify(src) by extension 'cmake'
[0.129s] Level 1:colcon.colcon_core.package_identification:_identify(src) by extension 'python'
[0.129s] Level 1:colcon.colcon_core.package_identification:_identify(src) by extensions ['python_setup_py']
[0.129s] Level 1:colcon.colcon_core.package_identification:_identify(src) by extension 'python_setup_py'
[0.129s] Level 1:colcon.colcon_core.package_identification:_identify(src/Hardware) by extensions ['ignore', 'ignore_ament_install']
[0.129s] Level 1:colcon.colcon_core.package_identification:_identify(src/Hardware) by extension 'ignore'
[0.129s] Level 1:colcon.colcon_core.package_identification:_identify(src/Hardware) by extension 'ignore_ament_install'
[0.129s] Level 1:colcon.colcon_core.package_identification:_identify(src/Hardware) by extensions ['colcon_pkg']
[0.129s] Level 1:colcon.colcon_core.package_identification:_identify(src/Hardware) by extension 'colcon_pkg'
[0.129s] Level 1:colcon.colcon_core.package_identification:_identify(src/Hardware) by extensions ['colcon_meta']
[0.129s] Level 1:colcon.colcon_core.package_identification:_identify(src/Hardware) by extension 'colcon_meta'
[0.129s] Level 1:colcon.colcon_core.package_identification:_identify(src/Hardware) by extensions ['ros']
[0.129s] Level 1:colcon.colcon_core.package_identification:_identify(src/Hardware) by extension 'ros'
[0.130s] Level 1:colcon.colcon_core.package_identification:_identify(src/Hardware) by extensions ['cmake', 'python']
[0.130s] Level 1:colcon.colcon_core.package_identification:_identify(src/Hardware) by extension 'cmake'
[0.130s] Level 1:colcon.colcon_core.package_identification:_identify(src/Hardware) by extension 'python'
[0.130s] Level 1:colcon.colcon_core.package_identification:_identify(src/Hardware) by extensions ['python_setup_py']
[0.130s] Level 1:colcon.colcon_core.package_identification:_identify(src/Hardware) by extension 'python_setup_py'
[0.130s] Level 1:colcon.colcon_core.package_identification:_identify(src/Hardware/hdwr_pkg) by extensions ['ignore', 'ignore_ament_install']
[0.130s] Level 1:colcon.colcon_core.package_identification:_identify(src/Hardware/hdwr_pkg) by extension 'ignore'
[0.130s] Level 1:colcon.colcon_core.package_identification:_identify(src/Hardware/hdwr_pkg) by extension 'ignore_ament_install'
[0.130s] Level 1:colcon.colcon_core.package_identification:_identify(src/Hardware/hdwr_pkg) by extensions ['colcon_pkg']
[0.130s] Level 1:colcon.colcon_core.package_identification:_identify(src/Hardware/hdwr_pkg) by extension 'colcon_pkg'
[0.130s] Level 1:colcon.colcon_core.package_identification:_identify(src/Hardware/hdwr_pkg) by extensions ['colcon_meta']
[0.130s] Level 1:colcon.colcon_core.package_identification:_identify(src/Hardware/hdwr_pkg) by extension 'colcon_meta'
[0.130s] Level 1:colcon.colcon_core.package_identification:_identify(src/Hardware/hdwr_pkg) by extensions ['ros']
[0.130s] Level 1:colcon.colcon_core.package_identification:_identify(src/Hardware/hdwr_pkg) by extension 'ros'
[0.131s] DEBUG:colcon.colcon_core.package_identification:Package 'src/Hardware/hdwr_pkg' with type 'ros.ament_cmake' and name 'hdwr_pkg'
[0.131s] Level 1:colcon.colcon_core.package_identification:_identify(src/Plan) by extensions ['ignore', 'ignore_ament_install']
[0.131s] Level 1:colcon.colcon_core.package_identification:_identify(src/Plan) by extension 'ignore'
[0.131s] Level 1:colcon.colcon_core.package_identification:_identify(src/Plan) by extension 'ignore_ament_install'
[0.131s] Level 1:colcon.colcon_core.package_identification:_identify(src/Plan) by extensions ['colcon_pkg']
[0.131s] Level 1:colcon.colcon_core.package_identification:_identify(src/Plan) by extension 'colcon_pkg'
[0.131s] Level 1:colcon.colcon_core.package_identification:_identify(src/Plan) by extensions ['colcon_meta']
[0.131s] Level 1:colcon.colcon_core.package_identification:_identify(src/Plan) by extension 'colcon_meta'
[0.131s] Level 1:colcon.colcon_core.package_identification:_identify(src/Plan) by extensions ['ros']
[0.131s] Level 1:colcon.colcon_core.package_identification:_identify(src/Plan) by extension 'ros'
[0.131s] Level 1:colcon.colcon_core.package_identification:_identify(src/Plan) by extensions ['cmake', 'python']
[0.131s] Level 1:colcon.colcon_core.package_identification:_identify(src/Plan) by extension 'cmake'
[0.131s] Level 1:colcon.colcon_core.package_identification:_identify(src/Plan) by extension 'python'
[0.131s] Level 1:colcon.colcon_core.package_identification:_identify(src/Plan) by extensions ['python_setup_py']
[0.131s] Level 1:colcon.colcon_core.package_identification:_identify(src/Plan) by extension 'python_setup_py'
[0.131s] Level 1:colcon.colcon_core.package_identification:_identify(src/Plan/task_manager) by extensions ['ignore', 'ignore_ament_install']
[0.131s] Level 1:colcon.colcon_core.package_identification:_identify(src/Plan/task_manager) by extension 'ignore'
[0.131s] Level 1:colcon.colcon_core.package_identification:_identify(src/Plan/task_manager) by extension 'ignore_ament_install'
[0.131s] Level 1:colcon.colcon_core.package_identification:_identify(src/Plan/task_manager) by extensions ['colcon_pkg']
[0.131s] Level 1:colcon.colcon_core.package_identification:_identify(src/Plan/task_manager) by extension 'colcon_pkg'
[0.131s] Level 1:colcon.colcon_core.package_identification:_identify(src/Plan/task_manager) by extensions ['colcon_meta']
[0.132s] Level 1:colcon.colcon_core.package_identification:_identify(src/Plan/task_manager) by extension 'colcon_meta'
[0.132s] Level 1:colcon.colcon_core.package_identification:_identify(src/Plan/task_manager) by extensions ['ros']
[0.132s] Level 1:colcon.colcon_core.package_identification:_identify(src/Plan/task_manager) by extension 'ros'
[0.132s] DEBUG:colcon.colcon_core.package_identification:Package 'src/Plan/task_manager' with type 'ros.catkin' and name 'task_manager'
[0.132s] Level 1:colcon.colcon_core.package_identification:_identify(src/RefBoxComm) by extensions ['ignore', 'ignore_ament_install']
[0.132s] Level 1:colcon.colcon_core.package_identification:_identify(src/RefBoxComm) by extension 'ignore'
[0.132s] Level 1:colcon.colcon_core.package_identification:_identify(src/RefBoxComm) by extension 'ignore_ament_install'
[0.132s] Level 1:colcon.colcon_core.package_identification:_identify(src/RefBoxComm) by extensions ['colcon_pkg']
[0.132s] Level 1:colcon.colcon_core.package_identification:_identify(src/RefBoxComm) by extension 'colcon_pkg'
[0.132s] Level 1:colcon.colcon_core.package_identification:_identify(src/RefBoxComm) by extensions ['colcon_meta']
[0.132s] Level 1:colcon.colcon_core.package_identification:_identify(src/RefBoxComm) by extension 'colcon_meta'
[0.132s] Level 1:colcon.colcon_core.package_identification:_identify(src/RefBoxComm) by extensions ['ros']
[0.132s] Level 1:colcon.colcon_core.package_identification:_identify(src/RefBoxComm) by extension 'ros'
[0.132s] Level 1:colcon.colcon_core.package_identification:_identify(src/RefBoxComm) by extensions ['cmake', 'python']
[0.132s] Level 1:colcon.colcon_core.package_identification:_identify(src/RefBoxComm) by extension 'cmake'
[0.132s] Level 1:colcon.colcon_core.package_identification:_identify(src/RefBoxComm) by extension 'python'
[0.132s] Level 1:colcon.colcon_core.package_identification:_identify(src/RefBoxComm) by extensions ['python_setup_py']
[0.132s] Level 1:colcon.colcon_core.package_identification:_identify(src/RefBoxComm) by extension 'python_setup_py'
[0.132s] Level 1:colcon.colcon_core.package_identification:_identify(src/RefBoxComm/refbox_comm_node) by extensions ['ignore', 'ignore_ament_install']
[0.132s] Level 1:colcon.colcon_core.package_identification:_identify(src/RefBoxComm/refbox_comm_node) by extension 'ignore'
[0.132s] Level 1:colcon.colcon_core.package_identification:_identify(src/RefBoxComm/refbox_comm_node) by extension 'ignore_ament_install'
[0.132s] Level 1:colcon.colcon_core.package_identification:_identify(src/RefBoxComm/refbox_comm_node) by extensions ['colcon_pkg']
[0.132s] Level 1:colcon.colcon_core.package_identification:_identify(src/RefBoxComm/refbox_comm_node) by extension 'colcon_pkg'
[0.132s] Level 1:colcon.colcon_core.package_identification:_identify(src/RefBoxComm/refbox_comm_node) by extensions ['colcon_meta']
[0.132s] Level 1:colcon.colcon_core.package_identification:_identify(src/RefBoxComm/refbox_comm_node) by extension 'colcon_meta'
[0.132s] Level 1:colcon.colcon_core.package_identification:_identify(src/RefBoxComm/refbox_comm_node) by extensions ['ros']
[0.132s] Level 1:colcon.colcon_core.package_identification:_identify(src/RefBoxComm/refbox_comm_node) by extension 'ros'
[0.133s] DEBUG:colcon.colcon_core.package_identification:Package 'src/RefBoxComm/refbox_comm_node' with type 'ros.catkin' and name 'refbox_comm_node'
[0.133s] Level 1:colcon.colcon_core.package_identification:_identify(src/SurgeEtAmbula) by extensions ['ignore', 'ignore_ament_install']
[0.133s] Level 1:colcon.colcon_core.package_identification:_identify(src/SurgeEtAmbula) by extension 'ignore'
[0.133s] Level 1:colcon.colcon_core.package_identification:_identify(src/SurgeEtAmbula) by extension 'ignore_ament_install'
[0.133s] Level 1:colcon.colcon_core.package_identification:_identify(src/SurgeEtAmbula) by extensions ['colcon_pkg']
[0.133s] Level 1:colcon.colcon_core.package_identification:_identify(src/SurgeEtAmbula) by extension 'colcon_pkg'
[0.133s] Level 1:colcon.colcon_core.package_identification:_identify(src/SurgeEtAmbula) by extensions ['colcon_meta']
[0.133s] Level 1:colcon.colcon_core.package_identification:_identify(src/SurgeEtAmbula) by extension 'colcon_meta'
[0.133s] Level 1:colcon.colcon_core.package_identification:_identify(src/SurgeEtAmbula) by extensions ['ros']
[0.133s] Level 1:colcon.colcon_core.package_identification:_identify(src/SurgeEtAmbula) by extension 'ros'
[0.133s] Level 1:colcon.colcon_core.package_identification:_identify(src/SurgeEtAmbula) by extensions ['cmake', 'python']
[0.133s] Level 1:colcon.colcon_core.package_identification:_identify(src/SurgeEtAmbula) by extension 'cmake'
[0.133s] Level 1:colcon.colcon_core.package_identification:_identify(src/SurgeEtAmbula) by extension 'python'
[0.133s] Level 1:colcon.colcon_core.package_identification:_identify(src/SurgeEtAmbula) by extensions ['python_setup_py']
[0.133s] Level 1:colcon.colcon_core.package_identification:_identify(src/SurgeEtAmbula) by extension 'python_setup_py'
[0.133s] Level 1:colcon.colcon_core.package_identification:_identify(src/SurgeEtAmbula/surge_et_ambula) by extensions ['ignore', 'ignore_ament_install']
[0.133s] Level 1:colcon.colcon_core.package_identification:_identify(src/SurgeEtAmbula/surge_et_ambula) by extension 'ignore'
[0.133s] Level 1:colcon.colcon_core.package_identification:_identify(src/SurgeEtAmbula/surge_et_ambula) by extension 'ignore_ament_install'
[0.133s] Level 1:colcon.colcon_core.package_identification:_identify(src/SurgeEtAmbula/surge_et_ambula) by extensions ['colcon_pkg']
[0.133s] Level 1:colcon.colcon_core.package_identification:_identify(src/SurgeEtAmbula/surge_et_ambula) by extension 'colcon_pkg'
[0.133s] Level 1:colcon.colcon_core.package_identification:_identify(src/SurgeEtAmbula/surge_et_ambula) by extensions ['colcon_meta']
[0.133s] Level 1:colcon.colcon_core.package_identification:_identify(src/SurgeEtAmbula/surge_et_ambula) by extension 'colcon_meta'
[0.133s] Level 1:colcon.colcon_core.package_identification:_identify(src/SurgeEtAmbula/surge_et_ambula) by extensions ['ros']
[0.133s] Level 1:colcon.colcon_core.package_identification:_identify(src/SurgeEtAmbula/surge_et_ambula) by extension 'ros'
[0.134s] DEBUG:colcon.colcon_core.package_identification:Package 'src/SurgeEtAmbula/surge_et_ambula' with type 'ros.catkin' and name 'surge_et_ambula'
[0.134s] Level 1:colcon.colcon_core.package_identification:_identify(src/Vision) by extensions ['ignore', 'ignore_ament_install']
[0.134s] Level 1:colcon.colcon_core.package_identification:_identify(src/Vision) by extension 'ignore'
[0.134s] Level 1:colcon.colcon_core.package_identification:_identify(src/Vision) by extension 'ignore_ament_install'
[0.134s] Level 1:colcon.colcon_core.package_identification:_identify(src/Vision) by extensions ['colcon_pkg']
[0.134s] Level 1:colcon.colcon_core.package_identification:_identify(src/Vision) by extension 'colcon_pkg'
[0.134s] Level 1:colcon.colcon_core.package_identification:_identify(src/Vision) by extensions ['colcon_meta']
[0.134s] Level 1:colcon.colcon_core.package_identification:_identify(src/Vision) by extension 'colcon_meta'
[0.134s] Level 1:colcon.colcon_core.package_identification:_identify(src/Vision) by extensions ['ros']
[0.134s] Level 1:colcon.colcon_core.package_identification:_identify(src/Vision) by extension 'ros'
[0.134s] Level 1:colcon.colcon_core.package_identification:_identify(src/Vision) by extensions ['cmake', 'python']
[0.134s] Level 1:colcon.colcon_core.package_identification:_identify(src/Vision) by extension 'cmake'
[0.134s] Level 1:colcon.colcon_core.package_identification:_identify(src/Vision) by extension 'python'
[0.134s] Level 1:colcon.colcon_core.package_identification:_identify(src/Vision) by extensions ['python_setup_py']
[0.134s] Level 1:colcon.colcon_core.package_identification:_identify(src/Vision) by extension 'python_setup_py'
[0.134s] Level 1:colcon.colcon_core.package_identification:_identify(src/Vision/vision_node) by extensions ['ignore', 'ignore_ament_install']
[0.134s] Level 1:colcon.colcon_core.package_identification:_identify(src/Vision/vision_node) by extension 'ignore'
[0.134s] Level 1:colcon.colcon_core.package_identification:_identify(src/Vision/vision_node) by extension 'ignore_ament_install'
[0.134s] Level 1:colcon.colcon_core.package_identification:_identify(src/Vision/vision_node) by extensions ['colcon_pkg']
[0.134s] Level 1:colcon.colcon_core.package_identification:_identify(src/Vision/vision_node) by extension 'colcon_pkg'
[0.134s] Level 1:colcon.colcon_core.package_identification:_identify(src/Vision/vision_node) by extensions ['colcon_meta']
[0.134s] Level 1:colcon.colcon_core.package_identification:_identify(src/Vision/vision_node) by extension 'colcon_meta'
[0.134s] Level 1:colcon.colcon_core.package_identification:_identify(src/Vision/vision_node) by extensions ['ros']
[0.134s] Level 1:colcon.colcon_core.package_identification:_identify(src/Vision/vision_node) by extension 'ros'
[0.134s] DEBUG:colcon.colcon_core.package_identification:Package 'src/Vision/vision_node' with type 'ros.catkin' and name 'vision_node'
[0.134s] Level 1:colcon.colcon_core.package_discovery:discover_packages(recursive) using defaults
[0.134s] Level 1:colcon.colcon_core.package_discovery:discover_packages(ignore) discover
[0.134s] Level 1:colcon.colcon_core.package_discovery:discover_packages(ignore) using defaults
[0.134s] Level 1:colcon.colcon_core.package_discovery:discover_packages(path) discover
[0.134s] Level 1:colcon.colcon_core.package_discovery:discover_packages(path) using defaults
[0.144s] Level 1:colcon.colcon_core.package_discovery:discover_packages(prefix_path) check parameters
[0.144s] Level 1:colcon.colcon_core.package_discovery:discover_packages(prefix_path) discover
[0.145s] WARNING:colcon.colcon_core.prefix_path.colcon:The path '/home/mercus/fourier_ws/install' in the environment variable COLCON_PREFIX_PATH doesn't exist
[0.145s] WARNING:colcon.colcon_ros.prefix_path.ament:The path '/home/mercus/Humanoids/ros_ws/install/hdwr_pkg' in the environment variable AMENT_PREFIX_PATH doesn't exist
[0.145s] WARNING:colcon.colcon_ros.prefix_path.ament:The path '/home/mercus/fourier_ws/install/hardware' in the environment variable AMENT_PREFIX_PATH doesn't exist
[0.145s] WARNING:colcon.colcon_ros.prefix_path.catkin:The path '/home/mercus/Humanoids/ros_ws/install/hdwr_pkg' in the environment variable CMAKE_PREFIX_PATH doesn't exist
[0.145s] WARNING:colcon.colcon_ros.prefix_path.catkin:The path '/home/mercus/fourier_ws/install/hardware' in the environment variable CMAKE_PREFIX_PATH doesn't exist
[0.146s] DEBUG:colcon.colcon_installed_package_information.package_discovery:Found 2 installed packages in /home/mercus/Humanoids/ros_ws/install
[0.146s] DEBUG:colcon.colcon_installed_package_information.package_discovery:Found 274 installed packages in /opt/ros/humble
[0.151s] Level 1:colcon.colcon_core.package_discovery:discover_packages(prefix_path) using defaults
[0.169s] Level 5:colcon.colcon_core.verb:set package 'hdwr_pkg' build argument 'cmake_args' from command line to 'None'
[0.169s] Level 5:colcon.colcon_core.verb:set package 'hdwr_pkg' build argument 'cmake_target' from command line to 'None'
[0.169s] Level 5:colcon.colcon_core.verb:set package 'hdwr_pkg' build argument 'cmake_target_skip_unavailable' from command line to 'False'
[0.169s] Level 5:colcon.colcon_core.verb:set package 'hdwr_pkg' build argument 'cmake_clean_cache' from command line to 'False'
[0.169s] Level 5:colcon.colcon_core.verb:set package 'hdwr_pkg' build argument 'cmake_clean_first' from command line to 'False'
[0.169s] Level 5:colcon.colcon_core.verb:set package 'hdwr_pkg' build argument 'cmake_force_configure' from command line to 'False'
[0.169s] Level 5:colcon.colcon_core.verb:set package 'hdwr_pkg' build argument 'ament_cmake_args' from command line to 'None'
[0.169s] Level 5:colcon.colcon_core.verb:set package 'hdwr_pkg' build argument 'catkin_cmake_args' from command line to 'None'
[0.169s] Level 5:colcon.colcon_core.verb:set package 'hdwr_pkg' build argument 'catkin_skip_building_tests' from command line to 'False'
[0.169s] DEBUG:colcon.colcon_core.verb:Building package 'hdwr_pkg' with the following arguments: {'ament_cmake_args': None, 'build_base': '/home/mercus/Humanoids/ros_ws/build/hdwr_pkg', 'catkin_cmake_args': None, 'catkin_skip_building_tests': False, 'cmake_args': None, 'cmake_clean_cache': False, 'cmake_clean_first': False, 'cmake_force_configure': False, 'cmake_target': None, 'cmake_target_skip_unavailable': False, 'install_base': '/home/mercus/Humanoids/ros_ws/install/hdwr_pkg', 'merge_install': False, 'path': '/home/mercus/Humanoids/ros_ws/src/Hardware/hdwr_pkg', 'symlink_install': False, 'test_result_base': None}
[0.169s] Level 5:colcon.colcon_core.verb:set package 'refbox_comm_node' build argument 'cmake_args' from command line to 'None'
[0.169s] Level 5:colcon.colcon_core.verb:set package 'refbox_comm_node' build argument 'cmake_target' from command line to 'None'
[0.169s] Level 5:colcon.colcon_core.verb:set package 'refbox_comm_node' build argument 'cmake_target_skip_unavailable' from command line to 'False'
[0.169s] Level 5:colcon.colcon_core.verb:set package 'refbox_comm_node' build argument 'cmake_clean_cache' from command line to 'False'
[0.169s] Level 5:colcon.colcon_core.verb:set package 'refbox_comm_node' build argument 'cmake_clean_first' from command line to 'False'
[0.169s] Level 5:colcon.colcon_core.verb:set package 'refbox_comm_node' build argument 'cmake_force_configure' from command line to 'False'
[0.169s] Level 5:colcon.colcon_core.verb:set package 'refbox_comm_node' build argument 'ament_cmake_args' from command line to 'None'
[0.169s] Level 5:colcon.colcon_core.verb:set package 'refbox_comm_node' build argument 'catkin_cmake_args' from command line to 'None'
[0.169s] Level 5:colcon.colcon_core.verb:set package 'refbox_comm_node' build argument 'catkin_skip_building_tests' from command line to 'False'
[0.170s] DEBUG:colcon.colcon_core.verb:Building package 'refbox_comm_node' with the following arguments: {'ament_cmake_args': None, 'build_base': '/home/mercus/Humanoids/ros_ws/build/refbox_comm_node', 'catkin_cmake_args': None, 'catkin_skip_building_tests': False, 'cmake_args': None, 'cmake_clean_cache': False, 'cmake_clean_first': False, 'cmake_force_configure': False, 'cmake_target': None, 'cmake_target_skip_unavailable': False, 'install_base': '/home/mercus/Humanoids/ros_ws/install/refbox_comm_node', 'merge_install': False, 'path': '/home/mercus/Humanoids/ros_ws/src/RefBoxComm/refbox_comm_node', 'symlink_install': False, 'test_result_base': None}
[0.170s] Level 5:colcon.colcon_core.verb:set package 'surge_et_ambula' build argument 'cmake_args' from command line to 'None'
[0.170s] Level 5:colcon.colcon_core.verb:set package 'surge_et_ambula' build argument 'cmake_target' from command line to 'None'
[0.170s] Level 5:colcon.colcon_core.verb:set package 'surge_et_ambula' build argument 'cmake_target_skip_unavailable' from command line to 'False'
[0.170s] Level 5:colcon.colcon_core.verb:set package 'surge_et_ambula' build argument 'cmake_clean_cache' from command line to 'False'
[0.170s] Level 5:colcon.colcon_core.verb:set package 'surge_et_ambula' build argument 'cmake_clean_first' from command line to 'False'
[0.170s] Level 5:colcon.colcon_core.verb:set package 'surge_et_ambula' build argument 'cmake_force_configure' from command line to 'False'
[0.170s] Level 5:colcon.colcon_core.verb:set package 'surge_et_ambula' build argument 'ament_cmake_args' from command line to 'None'
[0.170s] Level 5:colcon.colcon_core.verb:set package 'surge_et_ambula' build argument 'catkin_cmake_args' from command line to 'None'
[0.170s] Level 5:colcon.colcon_core.verb:set package 'surge_et_ambula' build argument 'catkin_skip_building_tests' from command line to 'False'
[0.170s] DEBUG:colcon.colcon_core.verb:Building package 'surge_et_ambula' with the following arguments: {'ament_cmake_args': None, 'build_base': '/home/mercus/Humanoids/ros_ws/build/surge_et_ambula', 'catkin_cmake_args': None, 'catkin_skip_building_tests': False, 'cmake_args': None, 'cmake_clean_cache': False, 'cmake_clean_first': False, 'cmake_force_configure': False, 'cmake_target': None, 'cmake_target_skip_unavailable': False, 'install_base': '/home/mercus/Humanoids/ros_ws/install/surge_et_ambula', 'merge_install': False, 'path': '/home/mercus/Humanoids/ros_ws/src/SurgeEtAmbula/surge_et_ambula', 'symlink_install': False, 'test_result_base': None}
[0.170s] Level 5:colcon.colcon_core.verb:set package 'task_manager' build argument 'cmake_args' from command line to 'None'
[0.170s] Level 5:colcon.colcon_core.verb:set package 'task_manager' build argument 'cmake_target' from command line to 'None'
[0.170s] Level 5:colcon.colcon_core.verb:set package 'task_manager' build argument 'cmake_target_skip_unavailable' from command line to 'False'
[0.170s] Level 5:colcon.colcon_core.verb:set package 'task_manager' build argument 'cmake_clean_cache' from command line to 'False'
[0.170s] Level 5:colcon.colcon_core.verb:set package 'task_manager' build argument 'cmake_clean_first' from command line to 'False'
[0.170s] Level 5:colcon.colcon_core.verb:set package 'task_manager' build argument 'cmake_force_configure' from command line to 'False'
[0.170s] Level 5:colcon.colcon_core.verb:set package 'task_manager' build argument 'ament_cmake_args' from command line to 'None'
[0.170s] Level 5:colcon.colcon_core.verb:set package 'task_manager' build argument 'catkin_cmake_args' from command line to 'None'
[0.170s] Level 5:colcon.colcon_core.verb:set package 'task_manager' build argument 'catkin_skip_building_tests' from command line to 'False'
[0.170s] DEBUG:colcon.colcon_core.verb:Building package 'task_manager' with the following arguments: {'ament_cmake_args': None, 'build_base': '/home/mercus/Humanoids/ros_ws/build/task_manager', 'catkin_cmake_args': None, 'catkin_skip_building_tests': False, 'cmake_args': None, 'cmake_clean_cache': False, 'cmake_clean_first': False, 'cmake_force_configure': False, 'cmake_target': None, 'cmake_target_skip_unavailable': False, 'install_base': '/home/mercus/Humanoids/ros_ws/install/task_manager', 'merge_install': False, 'path': '/home/mercus/Humanoids/ros_ws/src/Plan/task_manager', 'symlink_install': False, 'test_result_base': None}
[0.170s] Level 5:colcon.colcon_core.verb:set package 'vision_node' build argument 'cmake_args' from command line to 'None'
[0.170s] Level 5:colcon.colcon_core.verb:set package 'vision_node' build argument 'cmake_target' from command line to 'None'
[0.170s] Level 5:colcon.colcon_core.verb:set package 'vision_node' build argument 'cmake_target_skip_unavailable' from command line to 'False'
[0.170s] Level 5:colcon.colcon_core.verb:set package 'vision_node' build argument 'cmake_clean_cache' from command line to 'False'
[0.170s] Level 5:colcon.colcon_core.verb:set package 'vision_node' build argument 'cmake_clean_first' from command line to 'False'
[0.170s] Level 5:colcon.colcon_core.verb:set package 'vision_node' build argument 'cmake_force_configure' from command line to 'False'
[0.170s] Level 5:colcon.colcon_core.verb:set package 'vision_node' build argument 'ament_cmake_args' from command line to 'None'
[0.170s] Level 5:colcon.colcon_core.verb:set package 'vision_node' build argument 'catkin_cmake_args' from command line to 'None'
[0.170s] Level 5:colcon.colcon_core.verb:set package 'vision_node' build argument 'catkin_skip_building_tests' from command line to 'False'
[0.170s] DEBUG:colcon.colcon_core.verb:Building package 'vision_node' with the following arguments: {'ament_cmake_args': None, 'build_base': '/home/mercus/Humanoids/ros_ws/build/vision_node', 'catkin_cmake_args': None, 'catkin_skip_building_tests': False, 'cmake_args': None, 'cmake_clean_cache': False, 'cmake_clean_first': False, 'cmake_force_configure': False, 'cmake_target': None, 'cmake_target_skip_unavailable': False, 'install_base': '/home/mercus/Humanoids/ros_ws/install/vision_node', 'merge_install': False, 'path': '/home/mercus/Humanoids/ros_ws/src/Vision/vision_node', 'symlink_install': False, 'test_result_base': None}
[0.170s] INFO:colcon.colcon_core.executor:Executing jobs using 'parallel' executor
[0.171s] DEBUG:colcon.colcon_parallel_executor.executor.parallel:run_until_complete
[0.171s] INFO:colcon.colcon_ros.task.ament_cmake.build:Building ROS package in '/home/mercus/Humanoids/ros_ws/src/Hardware/hdwr_pkg' with build type 'ament_cmake'
[0.171s] INFO:colcon.colcon_cmake.task.cmake.build:Building CMake package in '/home/mercus/Humanoids/ros_ws/src/Hardware/hdwr_pkg'
[0.173s] INFO:colcon.colcon_core.plugin_system:Skipping extension 'colcon_core.shell.bat': Not used on non-Windows systems
[0.173s] INFO:colcon.colcon_core.shell:Skip shell extension 'powershell' for command environment: Not usable outside of PowerShell
[0.173s] DEBUG:colcon.colcon_core.shell:Skip shell extension 'dsv' for command environment
[0.175s] INFO:colcon.colcon_ros.task.catkin.build:Building ROS package in '/home/mercus/Humanoids/ros_ws/src/RefBoxComm/refbox_comm_node' with build type 'catkin'
[0.175s] INFO:colcon.colcon_cmake.task.cmake.build:Building CMake package in '/home/mercus/Humanoids/ros_ws/src/RefBoxComm/refbox_comm_node'
[0.175s] INFO:colcon.colcon_core.shell:Skip shell extension 'powershell' for command environment: Not usable outside of PowerShell
[0.175s] DEBUG:colcon.colcon_core.shell:Skip shell extension 'dsv' for command environment
[0.176s] INFO:colcon.colcon_ros.task.catkin.build:Building ROS package in '/home/mercus/Humanoids/ros_ws/src/SurgeEtAmbula/surge_et_ambula' with build type 'catkin'
[0.177s] INFO:colcon.colcon_cmake.task.cmake.build:Building CMake package in '/home/mercus/Humanoids/ros_ws/src/SurgeEtAmbula/surge_et_ambula'
[0.177s] INFO:colcon.colcon_core.shell:Skip shell extension 'powershell' for command environment: Not usable outside of PowerShell
[0.177s] DEBUG:colcon.colcon_core.shell:Skip shell extension 'dsv' for command environment
[0.178s] INFO:colcon.colcon_ros.task.catkin.build:Building ROS package in '/home/mercus/Humanoids/ros_ws/src/Plan/task_manager' with build type 'catkin'
[0.178s] INFO:colcon.colcon_cmake.task.cmake.build:Building CMake package in '/home/mercus/Humanoids/ros_ws/src/Plan/task_manager'
[0.178s] INFO:colcon.colcon_core.shell:Skip shell extension 'powershell' for command environment: Not usable outside of PowerShell
[0.178s] DEBUG:colcon.colcon_core.shell:Skip shell extension 'dsv' for command environment
[0.180s] INFO:colcon.colcon_ros.task.catkin.build:Building ROS package in '/home/mercus/Humanoids/ros_ws/src/Vision/vision_node' with build type 'catkin'
[0.180s] INFO:colcon.colcon_cmake.task.cmake.build:Building CMake package in '/home/mercus/Humanoids/ros_ws/src/Vision/vision_node'
[0.180s] INFO:colcon.colcon_core.shell:Skip shell extension 'powershell' for command environment: Not usable outside of PowerShell
[0.180s] DEBUG:colcon.colcon_core.shell:Skip shell extension 'dsv' for command environment
[0.184s] DEBUG:colcon.colcon_core.event_handler.log_command:Invoking command in '/home/mercus/Humanoids/ros_ws/build/hdwr_pkg': CMAKE_PREFIX_PATH=${CMAKE_PREFIX_PATH}:/opt/ros/humble CONDA_PROMPT_MODIFIER=(base) /usr/bin/cmake --build /home/mercus/Humanoids/ros_ws/build/hdwr_pkg -- -j20 -l20
[0.184s] DEBUG:colcon.colcon_core.event_handler.log_command:Invoking command in '/home/mercus/Humanoids/ros_ws/build/refbox_comm_node': CONDA_PROMPT_MODIFIER=(base) /usr/bin/cmake /home/mercus/Humanoids/ros_ws/src/RefBoxComm/refbox_comm_node -DCATKIN_INSTALL_INTO_PREFIX_ROOT=0 -DCMAKE_INSTALL_PREFIX=/home/mercus/Humanoids/ros_ws/install/refbox_comm_node
[0.185s] DEBUG:colcon.colcon_core.event_handler.log_command:Invoking command in '/home/mercus/Humanoids/ros_ws/build/surge_et_ambula': CONDA_PROMPT_MODIFIER=(base) /usr/bin/cmake /home/mercus/Humanoids/ros_ws/src/SurgeEtAmbula/surge_et_ambula -DCATKIN_INSTALL_INTO_PREFIX_ROOT=0 -DCMAKE_INSTALL_PREFIX=/home/mercus/Humanoids/ros_ws/install/surge_et_ambula
[0.187s] DEBUG:colcon.colcon_core.event_handler.log_command:Invoking command in '/home/mercus/Humanoids/ros_ws/build/task_manager': CONDA_PROMPT_MODIFIER=(base) /usr/bin/cmake /home/mercus/Humanoids/ros_ws/src/Plan/task_manager -DCATKIN_INSTALL_INTO_PREFIX_ROOT=0 -DCMAKE_INSTALL_PREFIX=/home/mercus/Humanoids/ros_ws/install/task_manager
[0.190s] DEBUG:colcon.colcon_core.event_handler.log_command:Invoking command in '/home/mercus/Humanoids/ros_ws/build/vision_node': CONDA_PROMPT_MODIFIER=(base) /usr/bin/cmake /home/mercus/Humanoids/ros_ws/src/Vision/vision_node -DCATKIN_INSTALL_INTO_PREFIX_ROOT=0 -DCMAKE_INSTALL_PREFIX=/home/mercus/Humanoids/ros_ws/install/vision_node
[0.391s] DEBUG:colcon.colcon_core.event_handler.log_command:Invoked command in '/home/mercus/Humanoids/ros_ws/build/vision_node' returned '0': CONDA_PROMPT_MODIFIER=(base) /usr/bin/cmake /home/mercus/Humanoids/ros_ws/src/Vision/vision_node -DCATKIN_INSTALL_INTO_PREFIX_ROOT=0 -DCMAKE_INSTALL_PREFIX=/home/mercus/Humanoids/ros_ws/install/vision_node
[0.394s] DEBUG:colcon.colcon_core.event_handler.log_command:Invoking command in '/home/mercus/Humanoids/ros_ws/build/vision_node': CONDA_PROMPT_MODIFIER=(base) /usr/bin/cmake --build /home/mercus/Humanoids/ros_ws/build/vision_node -- -j20 -l20
[0.403s] DEBUG:colcon.colcon_core.event_handler.log_command:Invoked command in '/home/mercus/Humanoids/ros_ws/build/surge_et_ambula' returned '0': CONDA_PROMPT_MODIFIER=(base) /usr/bin/cmake /home/mercus/Humanoids/ros_ws/src/SurgeEtAmbula/surge_et_ambula -DCATKIN_INSTALL_INTO_PREFIX_ROOT=0 -DCMAKE_INSTALL_PREFIX=/home/mercus/Humanoids/ros_ws/install/surge_et_ambula
[0.405s] DEBUG:colcon.colcon_core.event_handler.log_command:Invoking command in '/home/mercus/Humanoids/ros_ws/build/surge_et_ambula': CONDA_PROMPT_MODIFIER=(base) /usr/bin/cmake --build /home/mercus/Humanoids/ros_ws/build/surge_et_ambula -- -j20 -l20
[0.405s] DEBUG:colcon.colcon_core.event_handler.log_command:Invoked command in '/home/mercus/Humanoids/ros_ws/build/task_manager' returned '0': CONDA_PROMPT_MODIFIER=(base) /usr/bin/cmake /home/mercus/Humanoids/ros_ws/src/Plan/task_manager -DCATKIN_INSTALL_INTO_PREFIX_ROOT=0 -DCMAKE_INSTALL_PREFIX=/home/mercus/Humanoids/ros_ws/install/task_manager
[0.407s] DEBUG:colcon.colcon_core.event_handler.log_command:Invoking command in '/home/mercus/Humanoids/ros_ws/build/task_manager': CONDA_PROMPT_MODIFIER=(base) /usr/bin/cmake --build /home/mercus/Humanoids/ros_ws/build/task_manager -- -j20 -l20
[0.408s] DEBUG:colcon.colcon_core.event_handler.log_command:Invoked command in '/home/mercus/Humanoids/ros_ws/build/refbox_comm_node' returned '0': CONDA_PROMPT_MODIFIER=(base) /usr/bin/cmake /home/mercus/Humanoids/ros_ws/src/RefBoxComm/refbox_comm_node -DCATKIN_INSTALL_INTO_PREFIX_ROOT=0 -DCMAKE_INSTALL_PREFIX=/home/mercus/Humanoids/ros_ws/install/refbox_comm_node
[0.409s] DEBUG:colcon.colcon_core.event_handler.log_command:Invoking command in '/home/mercus/Humanoids/ros_ws/build/refbox_comm_node': CONDA_PROMPT_MODIFIER=(base) /usr/bin/cmake --build /home/mercus/Humanoids/ros_ws/build/refbox_comm_node -- -j20 -l20
[0.428s] DEBUG:colcon.colcon_core.event_handler.log_command:Invoked command in '/home/mercus/Humanoids/ros_ws/build/vision_node' returned '0': CONDA_PROMPT_MODIFIER=(base) /usr/bin/cmake --build /home/mercus/Humanoids/ros_ws/build/vision_node -- -j20 -l20
[0.439s] DEBUG:colcon.colcon_core.event_handler.log_command:Invoking command in '/home/mercus/Humanoids/ros_ws/build/vision_node': CONDA_PROMPT_MODIFIER=(base) /usr/bin/cmake --install /home/mercus/Humanoids/ros_ws/build/vision_node
[0.440s] DEBUG:colcon.colcon_core.event_handler.log_command:Invoked command in '/home/mercus/Humanoids/ros_ws/build/surge_et_ambula' returned '0': CONDA_PROMPT_MODIFIER=(base) /usr/bin/cmake --build /home/mercus/Humanoids/ros_ws/build/surge_et_ambula -- -j20 -l20
[0.442s] DEBUG:colcon.colcon_core.event_handler.log_command:Invoking command in '/home/mercus/Humanoids/ros_ws/build/surge_et_ambula': CONDA_PROMPT_MODIFIER=(base) /usr/bin/cmake --install /home/mercus/Humanoids/ros_ws/build/surge_et_ambula
[0.443s] DEBUG:colcon.colcon_core.event_handler.log_command:Invoked command in '/home/mercus/Humanoids/ros_ws/build/task_manager' returned '0': CONDA_PROMPT_MODIFIER=(base) /usr/bin/cmake --build /home/mercus/Humanoids/ros_ws/build/task_manager -- -j20 -l20
[0.444s] DEBUG:colcon.colcon_core.event_handler.log_command:Invoking command in '/home/mercus/Humanoids/ros_ws/build/task_manager': CONDA_PROMPT_MODIFIER=(base) /usr/bin/cmake --install /home/mercus/Humanoids/ros_ws/build/task_manager
[0.445s] DEBUG:colcon.colcon_core.event_handler.log_command:Invoked command in '/home/mercus/Humanoids/ros_ws/build/refbox_comm_node' returned '0': CONDA_PROMPT_MODIFIER=(base) /usr/bin/cmake --build /home/mercus/Humanoids/ros_ws/build/refbox_comm_node -- -j20 -l20
[0.448s] DEBUG:colcon.colcon_core.event_handler.log_command:Invoking command in '/home/mercus/Humanoids/ros_ws/build/refbox_comm_node': CONDA_PROMPT_MODIFIER=(base) /usr/bin/cmake --install /home/mercus/Humanoids/ros_ws/build/refbox_comm_node
[0.450s] Level 1:colcon.colcon_core.shell:create_environment_hook('vision_node', 'ros_package_path')
[0.451s] INFO:colcon.colcon_core.shell:Creating environment hook '/home/mercus/Humanoids/ros_ws/install/vision_node/share/vision_node/hook/ros_package_path.ps1'
[0.452s] INFO:colcon.colcon_core.shell:Creating environment descriptor '/home/mercus/Humanoids/ros_ws/install/vision_node/share/vision_node/hook/ros_package_path.dsv'
[0.452s] DEBUG:colcon.colcon_core.event_handler.log_command:Invoked command in '/home/mercus/Humanoids/ros_ws/build/vision_node' returned '0': CONDA_PROMPT_MODIFIER=(base) /usr/bin/cmake --install /home/mercus/Humanoids/ros_ws/build/vision_node
[0.453s] INFO:colcon.colcon_core.shell:Creating environment hook '/home/mercus/Humanoids/ros_ws/install/vision_node/share/vision_node/hook/ros_package_path.sh'
[0.455s] Level 1:colcon.colcon_core.shell:create_environment_hook('vision_node', 'pkg_config_path')
[0.455s] INFO:colcon.colcon_core.shell:Creating environment hook '/home/mercus/Humanoids/ros_ws/install/vision_node/share/vision_node/hook/pkg_config_path.ps1'
[0.456s] INFO:colcon.colcon_core.shell:Creating environment descriptor '/home/mercus/Humanoids/ros_ws/install/vision_node/share/vision_node/hook/pkg_config_path.dsv'
[0.457s] INFO:colcon.colcon_core.shell:Creating environment hook '/home/mercus/Humanoids/ros_ws/install/vision_node/share/vision_node/hook/pkg_config_path.sh'
[0.460s] Level 1:colcon.colcon_core.shell:create_environment_hook('vision_node', 'pkg_config_path_multiarch')
[0.460s] INFO:colcon.colcon_core.shell:Creating environment hook '/home/mercus/Humanoids/ros_ws/install/vision_node/share/vision_node/hook/pkg_config_path_multiarch.ps1'
[0.461s] INFO:colcon.colcon_core.shell:Creating environment descriptor '/home/mercus/Humanoids/ros_ws/install/vision_node/share/vision_node/hook/pkg_config_path_multiarch.dsv'
[0.461s] INFO:colcon.colcon_core.shell:Creating environment hook '/home/mercus/Humanoids/ros_ws/install/vision_node/share/vision_node/hook/pkg_config_path_multiarch.sh'
[0.462s] Level 1:colcon.colcon_core.environment:create_environment_scripts_only(vision_node)
[0.463s] Level 1:colcon.colcon_core.environment:checking '/home/mercus/Humanoids/ros_ws/install/vision_node' for CMake module files
[0.464s] Level 1:colcon.colcon_core.environment:checking '/home/mercus/Humanoids/ros_ws/install/vision_node' for CMake config files
[0.464s] Level 1:colcon.colcon_core.shell:create_environment_hook('vision_node', 'cmake_prefix_path')
[0.464s] INFO:colcon.colcon_core.shell:Creating environment hook '/home/mercus/Humanoids/ros_ws/install/vision_node/share/vision_node/hook/cmake_prefix_path.ps1'
[0.464s] INFO:colcon.colcon_core.shell:Creating environment descriptor '/home/mercus/Humanoids/ros_ws/install/vision_node/share/vision_node/hook/cmake_prefix_path.dsv'
[0.464s] INFO:colcon.colcon_core.shell:Creating environment hook '/home/mercus/Humanoids/ros_ws/install/vision_node/share/vision_node/hook/cmake_prefix_path.sh'
[0.465s] Level 1:colcon.colcon_core.environment:checking '/home/mercus/Humanoids/ros_ws/install/vision_node/bin'
[0.465s] Level 1:colcon.colcon_core.environment:checking '/home/mercus/Humanoids/ros_ws/install/vision_node/lib/pkgconfig/vision_node.pc'
[0.465s] Level 1:colcon.colcon_core.environment:checking '/home/mercus/Humanoids/ros_ws/install/vision_node/lib/python3.10/site-packages'
[0.465s] Level 1:colcon.colcon_core.environment:checking '/home/mercus/Humanoids/ros_ws/install/vision_node/bin'
[0.465s] INFO:colcon.colcon_core.shell:Creating package script '/home/mercus/Humanoids/ros_ws/install/vision_node/share/vision_node/package.ps1'
[0.466s] INFO:colcon.colcon_core.shell:Creating package descriptor '/home/mercus/Humanoids/ros_ws/install/vision_node/share/vision_node/package.dsv'
[0.466s] INFO:colcon.colcon_core.shell:Creating package script '/home/mercus/Humanoids/ros_ws/install/vision_node/share/vision_node/package.sh'
[0.467s] INFO:colcon.colcon_core.shell:Creating package script '/home/mercus/Humanoids/ros_ws/install/vision_node/share/vision_node/package.bash'
[0.467s] INFO:colcon.colcon_core.shell:Creating package script '/home/mercus/Humanoids/ros_ws/install/vision_node/share/vision_node/package.zsh'
[0.467s] Level 1:colcon.colcon_core.environment:create_file_with_runtime_dependencies(/home/mercus/Humanoids/ros_ws/install/vision_node/share/colcon-core/packages/vision_node)
[0.469s] Level 1:colcon.colcon_core.shell:create_environment_hook('task_manager', 'ros_package_path')
[0.469s] INFO:colcon.colcon_core.shell:Creating environment hook '/home/mercus/Humanoids/ros_ws/install/task_manager/share/task_manager/hook/ros_package_path.ps1'
[0.469s] DEBUG:colcon.colcon_core.event_handler.log_command:Invoked command in '/home/mercus/Humanoids/ros_ws/build/task_manager' returned '0': CONDA_PROMPT_MODIFIER=(base) /usr/bin/cmake --install /home/mercus/Humanoids/ros_ws/build/task_manager
[0.470s] INFO:colcon.colcon_core.shell:Creating environment descriptor '/home/mercus/Humanoids/ros_ws/install/task_manager/share/task_manager/hook/ros_package_path.dsv'
[0.470s] INFO:colcon.colcon_core.shell:Creating environment hook '/home/mercus/Humanoids/ros_ws/install/task_manager/share/task_manager/hook/ros_package_path.sh'
[0.470s] Level 1:colcon.colcon_core.shell:create_environment_hook('task_manager', 'pkg_config_path')
[0.470s] INFO:colcon.colcon_core.shell:Creating environment hook '/home/mercus/Humanoids/ros_ws/install/task_manager/share/task_manager/hook/pkg_config_path.ps1'
[0.470s] INFO:colcon.colcon_core.shell:Creating environment descriptor '/home/mercus/Humanoids/ros_ws/install/task_manager/share/task_manager/hook/pkg_config_path.dsv'
[0.471s] INFO:colcon.colcon_core.shell:Creating environment hook '/home/mercus/Humanoids/ros_ws/install/task_manager/share/task_manager/hook/pkg_config_path.sh'
[0.471s] Level 1:colcon.colcon_core.shell:create_environment_hook('task_manager', 'pkg_config_path_multiarch')
[0.471s] INFO:colcon.colcon_core.shell:Creating environment hook '/home/mercus/Humanoids/ros_ws/install/task_manager/share/task_manager/hook/pkg_config_path_multiarch.ps1'
[0.471s] INFO:colcon.colcon_core.shell:Creating environment descriptor '/home/mercus/Humanoids/ros_ws/install/task_manager/share/task_manager/hook/pkg_config_path_multiarch.dsv'
[0.471s] INFO:colcon.colcon_core.shell:Creating environment hook '/home/mercus/Humanoids/ros_ws/install/task_manager/share/task_manager/hook/pkg_config_path_multiarch.sh'
[0.472s] Level 1:colcon.colcon_core.environment:create_environment_scripts_only(task_manager)
[0.472s] Level 1:colcon.colcon_core.environment:checking '/home/mercus/Humanoids/ros_ws/install/task_manager' for CMake module files
[0.472s] Level 1:colcon.colcon_core.environment:checking '/home/mercus/Humanoids/ros_ws/install/task_manager' for CMake config files
[0.472s] Level 1:colcon.colcon_core.shell:create_environment_hook('task_manager', 'cmake_prefix_path')
[0.472s] INFO:colcon.colcon_core.shell:Creating environment hook '/home/mercus/Humanoids/ros_ws/install/task_manager/share/task_manager/hook/cmake_prefix_path.ps1'
[0.472s] INFO:colcon.colcon_core.shell:Creating environment descriptor '/home/mercus/Humanoids/ros_ws/install/task_manager/share/task_manager/hook/cmake_prefix_path.dsv'
[0.473s] INFO:colcon.colcon_core.shell:Creating environment hook '/home/mercus/Humanoids/ros_ws/install/task_manager/share/task_manager/hook/cmake_prefix_path.sh'
[0.473s] Level 1:colcon.colcon_core.environment:checking '/home/mercus/Humanoids/ros_ws/install/task_manager/bin'
[0.473s] Level 1:colcon.colcon_core.environment:checking '/home/mercus/Humanoids/ros_ws/install/task_manager/lib/pkgconfig/task_manager.pc'
[0.473s] Level 1:colcon.colcon_core.environment:checking '/home/mercus/Humanoids/ros_ws/install/task_manager/lib/python3.10/site-packages'
[0.473s] Level 1:colcon.colcon_core.environment:checking '/home/mercus/Humanoids/ros_ws/install/task_manager/bin'
[0.473s] INFO:colcon.colcon_core.shell:Creating package script '/home/mercus/Humanoids/ros_ws/install/task_manager/share/task_manager/package.ps1'
[0.474s] INFO:colcon.colcon_core.shell:Creating package descriptor '/home/mercus/Humanoids/ros_ws/install/task_manager/share/task_manager/package.dsv'
[0.474s] INFO:colcon.colcon_core.shell:Creating package script '/home/mercus/Humanoids/ros_ws/install/task_manager/share/task_manager/package.sh'
[0.474s] INFO:colcon.colcon_core.shell:Creating package script '/home/mercus/Humanoids/ros_ws/install/task_manager/share/task_manager/package.bash'
[0.474s] INFO:colcon.colcon_core.shell:Creating package script '/home/mercus/Humanoids/ros_ws/install/task_manager/share/task_manager/package.zsh'
[0.475s] Level 1:colcon.colcon_core.environment:create_file_with_runtime_dependencies(/home/mercus/Humanoids/ros_ws/install/task_manager/share/colcon-core/packages/task_manager)
[0.475s] Level 1:colcon.colcon_core.shell:create_environment_hook('surge_et_ambula', 'ros_package_path')
[0.475s] INFO:colcon.colcon_core.shell:Creating environment hook '/home/mercus/Humanoids/ros_ws/install/surge_et_ambula/share/surge_et_ambula/hook/ros_package_path.ps1'
[0.475s] DEBUG:colcon.colcon_core.event_handler.log_command:Invoked command in '/home/mercus/Humanoids/ros_ws/build/surge_et_ambula' returned '0': CONDA_PROMPT_MODIFIER=(base) /usr/bin/cmake --install /home/mercus/Humanoids/ros_ws/build/surge_et_ambula
[0.476s] INFO:colcon.colcon_core.shell:Creating environment descriptor '/home/mercus/Humanoids/ros_ws/install/surge_et_ambula/share/surge_et_ambula/hook/ros_package_path.dsv'
[0.476s] INFO:colcon.colcon_core.shell:Creating environment hook '/home/mercus/Humanoids/ros_ws/install/surge_et_ambula/share/surge_et_ambula/hook/ros_package_path.sh'
[0.476s] Level 1:colcon.colcon_core.shell:create_environment_hook('surge_et_ambula', 'pkg_config_path')
[0.476s] INFO:colcon.colcon_core.shell:Creating environment hook '/home/mercus/Humanoids/ros_ws/install/surge_et_ambula/share/surge_et_ambula/hook/pkg_config_path.ps1'
[0.476s] INFO:colcon.colcon_core.shell:Creating environment descriptor '/home/mercus/Humanoids/ros_ws/install/surge_et_ambula/share/surge_et_ambula/hook/pkg_config_path.dsv'
[0.476s] INFO:colcon.colcon_core.shell:Creating environment hook '/home/mercus/Humanoids/ros_ws/install/surge_et_ambula/share/surge_et_ambula/hook/pkg_config_path.sh'
[0.477s] Level 1:colcon.colcon_core.shell:create_environment_hook('surge_et_ambula', 'pkg_config_path_multiarch')
[0.477s] INFO:colcon.colcon_core.shell:Creating environment hook '/home/mercus/Humanoids/ros_ws/install/surge_et_ambula/share/surge_et_ambula/hook/pkg_config_path_multiarch.ps1'
[0.477s] INFO:colcon.colcon_core.shell:Creating environment descriptor '/home/mercus/Humanoids/ros_ws/install/surge_et_ambula/share/surge_et_ambula/hook/pkg_config_path_multiarch.dsv'
[0.477s] INFO:colcon.colcon_core.shell:Creating environment hook '/home/mercus/Humanoids/ros_ws/install/surge_et_ambula/share/surge_et_ambula/hook/pkg_config_path_multiarch.sh'
[0.477s] Level 1:colcon.colcon_core.environment:create_environment_scripts_only(surge_et_ambula)
[0.478s] Level 1:colcon.colcon_core.environment:checking '/home/mercus/Humanoids/ros_ws/install/surge_et_ambula' for CMake module files
[0.478s] Level 1:colcon.colcon_core.environment:checking '/home/mercus/Humanoids/ros_ws/install/surge_et_ambula' for CMake config files
[0.478s] Level 1:colcon.colcon_core.shell:create_environment_hook('surge_et_ambula', 'cmake_prefix_path')
[0.478s] INFO:colcon.colcon_core.shell:Creating environment hook '/home/mercus/Humanoids/ros_ws/install/surge_et_ambula/share/surge_et_ambula/hook/cmake_prefix_path.ps1'
[0.478s] INFO:colcon.colcon_core.shell:Creating environment descriptor '/home/mercus/Humanoids/ros_ws/install/surge_et_ambula/share/surge_et_ambula/hook/cmake_prefix_path.dsv'
[0.478s] INFO:colcon.colcon_core.shell:Creating environment hook '/home/mercus/Humanoids/ros_ws/install/surge_et_ambula/share/surge_et_ambula/hook/cmake_prefix_path.sh'
[0.479s] Level 1:colcon.colcon_core.environment:checking '/home/mercus/Humanoids/ros_ws/install/surge_et_ambula/bin'
[0.479s] Level 1:colcon.colcon_core.environment:checking '/home/mercus/Humanoids/ros_ws/install/surge_et_ambula/lib/pkgconfig/surge_et_ambula.pc'
[0.479s] Level 1:colcon.colcon_core.environment:checking '/home/mercus/Humanoids/ros_ws/install/surge_et_ambula/lib/python3.10/site-packages'
[0.479s] Level 1:colcon.colcon_core.environment:checking '/home/mercus/Humanoids/ros_ws/install/surge_et_ambula/bin'
[0.479s] INFO:colcon.colcon_core.shell:Creating package script '/home/mercus/Humanoids/ros_ws/install/surge_et_ambula/share/surge_et_ambula/package.ps1'
[0.479s] INFO:colcon.colcon_core.shell:Creating package descriptor '/home/mercus/Humanoids/ros_ws/install/surge_et_ambula/share/surge_et_ambula/package.dsv'
[0.480s] INFO:colcon.colcon_core.shell:Creating package script '/home/mercus/Humanoids/ros_ws/install/surge_et_ambula/share/surge_et_ambula/package.sh'
[0.480s] INFO:colcon.colcon_core.shell:Creating package script '/home/mercus/Humanoids/ros_ws/install/surge_et_ambula/share/surge_et_ambula/package.bash'
[0.480s] INFO:colcon.colcon_core.shell:Creating package script '/home/mercus/Humanoids/ros_ws/install/surge_et_ambula/share/surge_et_ambula/package.zsh'
[0.480s] Level 1:colcon.colcon_core.environment:create_file_with_runtime_dependencies(/home/mercus/Humanoids/ros_ws/install/surge_et_ambula/share/colcon-core/packages/surge_et_ambula)
[0.481s] Level 1:colcon.colcon_core.shell:create_environment_hook('refbox_comm_node', 'ros_package_path')
[0.481s] INFO:colcon.colcon_core.shell:Creating environment hook '/home/mercus/Humanoids/ros_ws/install/refbox_comm_node/share/refbox_comm_node/hook/ros_package_path.ps1'
[0.481s] DEBUG:colcon.colcon_core.event_handler.log_command:Invoked command in '/home/mercus/Humanoids/ros_ws/build/refbox_comm_node' returned '0': CONDA_PROMPT_MODIFIER=(base) /usr/bin/cmake --install /home/mercus/Humanoids/ros_ws/build/refbox_comm_node
[0.482s] INFO:colcon.colcon_core.shell:Creating environment descriptor '/home/mercus/Humanoids/ros_ws/install/refbox_comm_node/share/refbox_comm_node/hook/ros_package_path.dsv'
[0.482s] INFO:colcon.colcon_core.shell:Creating environment hook '/home/mercus/Humanoids/ros_ws/install/refbox_comm_node/share/refbox_comm_node/hook/ros_package_path.sh'
[0.482s] Level 1:colcon.colcon_core.shell:create_environment_hook('refbox_comm_node', 'pkg_config_path')
[0.482s] INFO:colcon.colcon_core.shell:Creating environment hook '/home/mercus/Humanoids/ros_ws/install/refbox_comm_node/share/refbox_comm_node/hook/pkg_config_path.ps1'
[0.482s] INFO:colcon.colcon_core.shell:Creating environment descriptor '/home/mercus/Humanoids/ros_ws/install/refbox_comm_node/share/refbox_comm_node/hook/pkg_config_path.dsv'
[0.482s] INFO:colcon.colcon_core.shell:Creating environment hook '/home/mercus/Humanoids/ros_ws/install/refbox_comm_node/share/refbox_comm_node/hook/pkg_config_path.sh'
[0.483s] Level 1:colcon.colcon_core.shell:create_environment_hook('refbox_comm_node', 'pkg_config_path_multiarch')
[0.483s] INFO:colcon.colcon_core.shell:Creating environment hook '/home/mercus/Humanoids/ros_ws/install/refbox_comm_node/share/refbox_comm_node/hook/pkg_config_path_multiarch.ps1'
[0.483s] INFO:colcon.colcon_core.shell:Creating environment descriptor '/home/mercus/Humanoids/ros_ws/install/refbox_comm_node/share/refbox_comm_node/hook/pkg_config_path_multiarch.dsv'
[0.483s] INFO:colcon.colcon_core.shell:Creating environment hook '/home/mercus/Humanoids/ros_ws/install/refbox_comm_node/share/refbox_comm_node/hook/pkg_config_path_multiarch.sh'
[0.483s] Level 1:colcon.colcon_core.environment:create_environment_scripts_only(refbox_comm_node)
[0.483s] Level 1:colcon.colcon_core.environment:checking '/home/mercus/Humanoids/ros_ws/install/refbox_comm_node' for CMake module files
[0.484s] Level 1:colcon.colcon_core.environment:checking '/home/mercus/Humanoids/ros_ws/install/refbox_comm_node' for CMake config files
[0.484s] Level 1:colcon.colcon_core.shell:create_environment_hook('refbox_comm_node', 'cmake_prefix_path')
[0.484s] INFO:colcon.colcon_core.shell:Creating environment hook '/home/mercus/Humanoids/ros_ws/install/refbox_comm_node/share/refbox_comm_node/hook/cmake_prefix_path.ps1'
[0.484s] INFO:colcon.colcon_core.shell:Creating environment descriptor '/home/mercus/Humanoids/ros_ws/install/refbox_comm_node/share/refbox_comm_node/hook/cmake_prefix_path.dsv'
[0.484s] INFO:colcon.colcon_core.shell:Creating environment hook '/home/mercus/Humanoids/ros_ws/install/refbox_comm_node/share/refbox_comm_node/hook/cmake_prefix_path.sh'
[0.485s] Level 1:colcon.colcon_core.environment:checking '/home/mercus/Humanoids/ros_ws/install/refbox_comm_node/bin'
[0.485s] Level 1:colcon.colcon_core.environment:checking '/home/mercus/Humanoids/ros_ws/install/refbox_comm_node/lib/pkgconfig/refbox_comm_node.pc'
[0.485s] Level 1:colcon.colcon_core.environment:checking '/home/mercus/Humanoids/ros_ws/install/refbox_comm_node/lib/python3.10/site-packages'
[0.485s] Level 1:colcon.colcon_core.environment:checking '/home/mercus/Humanoids/ros_ws/install/refbox_comm_node/bin'
[0.485s] INFO:colcon.colcon_core.shell:Creating package script '/home/mercus/Humanoids/ros_ws/install/refbox_comm_node/share/refbox_comm_node/package.ps1'
[0.485s] INFO:colcon.colcon_core.shell:Creating package descriptor '/home/mercus/Humanoids/ros_ws/install/refbox_comm_node/share/refbox_comm_node/package.dsv'
[0.486s] INFO:colcon.colcon_core.shell:Creating package script '/home/mercus/Humanoids/ros_ws/install/refbox_comm_node/share/refbox_comm_node/package.sh'
[0.486s] INFO:colcon.colcon_core.shell:Creating package script '/home/mercus/Humanoids/ros_ws/install/refbox_comm_node/share/refbox_comm_node/package.bash'
[0.486s] INFO:colcon.colcon_core.shell:Creating package script '/home/mercus/Humanoids/ros_ws/install/refbox_comm_node/share/refbox_comm_node/package.zsh'
[0.486s] Level 1:colcon.colcon_core.environment:create_file_with_runtime_dependencies(/home/mercus/Humanoids/ros_ws/install/refbox_comm_node/share/colcon-core/packages/refbox_comm_node)
[0.487s] DEBUG:colcon.colcon_core.event_handler.log_command:Invoked command in '/home/mercus/Humanoids/ros_ws/build/hdwr_pkg' returned '0': CMAKE_PREFIX_PATH=${CMAKE_PREFIX_PATH}:/opt/ros/humble CONDA_PROMPT_MODIFIER=(base) /usr/bin/cmake --build /home/mercus/Humanoids/ros_ws/build/hdwr_pkg -- -j20 -l20
[0.488s] DEBUG:colcon.colcon_core.event_handler.log_command:Invoking command in '/home/mercus/Humanoids/ros_ws/build/hdwr_pkg': CMAKE_PREFIX_PATH=${CMAKE_PREFIX_PATH}:/opt/ros/humble CONDA_PROMPT_MODIFIER=(base) /usr/bin/cmake --install /home/mercus/Humanoids/ros_ws/build/hdwr_pkg
[0.529s] Level 1:colcon.colcon_core.environment:create_environment_scripts_only(hdwr_pkg)
[0.529s] Level 1:colcon.colcon_core.environment:checking '/home/mercus/Humanoids/ros_ws/install/hdwr_pkg' for CMake module files
[0.529s] DEBUG:colcon.colcon_core.event_handler.log_command:Invoked command in '/home/mercus/Humanoids/ros_ws/build/hdwr_pkg' returned '0': CMAKE_PREFIX_PATH=${CMAKE_PREFIX_PATH}:/opt/ros/humble CONDA_PROMPT_MODIFIER=(base) /usr/bin/cmake --install /home/mercus/Humanoids/ros_ws/build/hdwr_pkg
[0.530s] Level 1:colcon.colcon_core.environment:checking '/home/mercus/Humanoids/ros_ws/install/hdwr_pkg' for CMake config files
[0.530s] Level 1:colcon.colcon_core.shell:create_environment_hook('hdwr_pkg', 'cmake_prefix_path')
[0.530s] INFO:colcon.colcon_core.shell:Creating environment hook '/home/mercus/Humanoids/ros_ws/install/hdwr_pkg/share/hdwr_pkg/hook/cmake_prefix_path.ps1'
[0.531s] INFO:colcon.colcon_core.shell:Creating environment descriptor '/home/mercus/Humanoids/ros_ws/install/hdwr_pkg/share/hdwr_pkg/hook/cmake_prefix_path.dsv'
[0.531s] INFO:colcon.colcon_core.shell:Creating environment hook '/home/mercus/Humanoids/ros_ws/install/hdwr_pkg/share/hdwr_pkg/hook/cmake_prefix_path.sh'
[0.531s] Level 1:colcon.colcon_core.environment:checking '/home/mercus/Humanoids/ros_ws/install/hdwr_pkg/lib'
[0.531s] Level 1:colcon.colcon_core.shell:create_environment_hook('hdwr_pkg', 'ld_library_path_lib')
[0.531s] INFO:colcon.colcon_core.shell:Creating environment hook '/home/mercus/Humanoids/ros_ws/install/hdwr_pkg/share/hdwr_pkg/hook/ld_library_path_lib.ps1'
[0.532s] INFO:colcon.colcon_core.shell:Creating environment descriptor '/home/mercus/Humanoids/ros_ws/install/hdwr_pkg/share/hdwr_pkg/hook/ld_library_path_lib.dsv'
[0.532s] INFO:colcon.colcon_core.shell:Creating environment hook '/home/mercus/Humanoids/ros_ws/install/hdwr_pkg/share/hdwr_pkg/hook/ld_library_path_lib.sh'
[0.532s] Level 1:colcon.colcon_core.environment:checking '/home/mercus/Humanoids/ros_ws/install/hdwr_pkg/bin'
[0.532s] Level 1:colcon.colcon_core.environment:checking '/home/mercus/Humanoids/ros_ws/install/hdwr_pkg/lib/pkgconfig/hdwr_pkg.pc'
[0.532s] Level 1:colcon.colcon_core.environment:checking '/home/mercus/Humanoids/ros_ws/install/hdwr_pkg/lib/python3.10/site-packages'
[0.532s] Level 1:colcon.colcon_core.environment:checking '/home/mercus/Humanoids/ros_ws/install/hdwr_pkg/bin'
[0.532s] INFO:colcon.colcon_core.shell:Creating package script '/home/mercus/Humanoids/ros_ws/install/hdwr_pkg/share/hdwr_pkg/package.ps1'
[0.533s] INFO:colcon.colcon_core.shell:Creating package descriptor '/home/mercus/Humanoids/ros_ws/install/hdwr_pkg/share/hdwr_pkg/package.dsv'
[0.533s] INFO:colcon.colcon_core.shell:Creating package script '/home/mercus/Humanoids/ros_ws/install/hdwr_pkg/share/hdwr_pkg/package.sh'
[0.533s] INFO:colcon.colcon_core.shell:Creating package script '/home/mercus/Humanoids/ros_ws/install/hdwr_pkg/share/hdwr_pkg/package.bash'
[0.533s] INFO:colcon.colcon_core.shell:Creating package script '/home/mercus/Humanoids/ros_ws/install/hdwr_pkg/share/hdwr_pkg/package.zsh'
[0.533s] Level 1:colcon.colcon_core.environment:create_file_with_runtime_dependencies(/home/mercus/Humanoids/ros_ws/install/hdwr_pkg/share/colcon-core/packages/hdwr_pkg)
[0.534s] Level 1:colcon.colcon_core.environment:create_environment_scripts_only(hdwr_pkg)
[0.534s] Level 1:colcon.colcon_core.environment:checking '/home/mercus/Humanoids/ros_ws/install/hdwr_pkg' for CMake module files
[0.534s] Level 1:colcon.colcon_core.environment:checking '/home/mercus/Humanoids/ros_ws/install/hdwr_pkg' for CMake config files
[0.534s] Level 1:colcon.colcon_core.shell:create_environment_hook('hdwr_pkg', 'cmake_prefix_path')
[0.534s] INFO:colcon.colcon_core.shell:Creating environment hook '/home/mercus/Humanoids/ros_ws/install/hdwr_pkg/share/hdwr_pkg/hook/cmake_prefix_path.ps1'
[0.535s] INFO:colcon.colcon_core.shell:Creating environment descriptor '/home/mercus/Humanoids/ros_ws/install/hdwr_pkg/share/hdwr_pkg/hook/cmake_prefix_path.dsv'
[0.535s] INFO:colcon.colcon_core.shell:Creating environment hook '/home/mercus/Humanoids/ros_ws/install/hdwr_pkg/share/hdwr_pkg/hook/cmake_prefix_path.sh'
[0.535s] Level 1:colcon.colcon_core.environment:checking '/home/mercus/Humanoids/ros_ws/install/hdwr_pkg/lib'
[0.535s] Level 1:colcon.colcon_core.shell:create_environment_hook('hdwr_pkg', 'ld_library_path_lib')
[0.535s] INFO:colcon.colcon_core.shell:Creating environment hook '/home/mercus/Humanoids/ros_ws/install/hdwr_pkg/share/hdwr_pkg/hook/ld_library_path_lib.ps1'
[0.535s] INFO:colcon.colcon_core.shell:Creating environment descriptor '/home/mercus/Humanoids/ros_ws/install/hdwr_pkg/share/hdwr_pkg/hook/ld_library_path_lib.dsv'
[0.535s] INFO:colcon.colcon_core.shell:Creating environment hook '/home/mercus/Humanoids/ros_ws/install/hdwr_pkg/share/hdwr_pkg/hook/ld_library_path_lib.sh'
[0.536s] Level 1:colcon.colcon_core.environment:checking '/home/mercus/Humanoids/ros_ws/install/hdwr_pkg/bin'
[0.536s] Level 1:colcon.colcon_core.environment:checking '/home/mercus/Humanoids/ros_ws/install/hdwr_pkg/lib/pkgconfig/hdwr_pkg.pc'
[0.536s] Level 1:colcon.colcon_core.environment:checking '/home/mercus/Humanoids/ros_ws/install/hdwr_pkg/lib/python3.10/site-packages'
[0.536s] Level 1:colcon.colcon_core.environment:checking '/home/mercus/Humanoids/ros_ws/install/hdwr_pkg/bin'
[0.536s] INFO:colcon.colcon_core.shell:Creating package script '/home/mercus/Humanoids/ros_ws/install/hdwr_pkg/share/hdwr_pkg/package.ps1'
[0.536s] INFO:colcon.colcon_core.shell:Creating package descriptor '/home/mercus/Humanoids/ros_ws/install/hdwr_pkg/share/hdwr_pkg/package.dsv'
[0.537s] INFO:colcon.colcon_core.shell:Creating package script '/home/mercus/Humanoids/ros_ws/install/hdwr_pkg/share/hdwr_pkg/package.sh'
[0.537s] INFO:colcon.colcon_core.shell:Creating package script '/home/mercus/Humanoids/ros_ws/install/hdwr_pkg/share/hdwr_pkg/package.bash'
[0.537s] INFO:colcon.colcon_core.shell:Creating package script '/home/mercus/Humanoids/ros_ws/install/hdwr_pkg/share/hdwr_pkg/package.zsh'
[0.537s] Level 1:colcon.colcon_core.environment:create_file_with_runtime_dependencies(/home/mercus/Humanoids/ros_ws/install/hdwr_pkg/share/colcon-core/packages/hdwr_pkg)
[0.537s] DEBUG:colcon.colcon_parallel_executor.executor.parallel:closing loop
[0.538s] DEBUG:colcon.colcon_parallel_executor.executor.parallel:loop closed
[0.538s] DEBUG:colcon.colcon_parallel_executor.executor.parallel:run_until_complete finished with '0'
[0.538s] DEBUG:colcon.colcon_core.event_reactor:joining thread
[0.541s] INFO:colcon.colcon_core.plugin_system:Skipping extension 'colcon_notification.desktop_notification.terminal_notifier': Not used on non-Darwin systems
[0.541s] INFO:colcon.colcon_core.plugin_system:Skipping extension 'colcon_notification.desktop_notification.win32': Not used on non-Windows systems
[0.541s] INFO:colcon.colcon_notification.desktop_notification:Sending desktop notification using 'notify2'
[0.548s] DEBUG:colcon.colcon_core.event_reactor:joined thread
[0.548s] INFO:colcon.colcon_core.shell:Creating prefix script '/home/mercus/Humanoids/ros_ws/install/local_setup.ps1'
[0.549s] INFO:colcon.colcon_core.shell:Creating prefix util module '/home/mercus/Humanoids/ros_ws/install/_local_setup_util_ps1.py'
[0.550s] INFO:colcon.colcon_core.shell:Creating prefix chain script '/home/mercus/Humanoids/ros_ws/install/setup.ps1'
[0.550s] INFO:colcon.colcon_core.shell:Creating prefix script '/home/mercus/Humanoids/ros_ws/install/local_setup.sh'
[0.551s] INFO:colcon.colcon_core.shell:Creating prefix util module '/home/mercus/Humanoids/ros_ws/install/_local_setup_util_sh.py'
[0.551s] INFO:colcon.colcon_core.shell:Creating prefix chain script '/home/mercus/Humanoids/ros_ws/install/setup.sh'
[0.551s] INFO:colcon.colcon_core.shell:Creating prefix script '/home/mercus/Humanoids/ros_ws/install/local_setup.bash'
[0.552s] INFO:colcon.colcon_core.shell:Creating prefix chain script '/home/mercus/Humanoids/ros_ws/install/setup.bash'
[0.552s] INFO:colcon.colcon_core.shell:Creating prefix script '/home/mercus/Humanoids/ros_ws/install/local_setup.zsh'
[0.552s] INFO:colcon.colcon_core.shell:Creating prefix chain script '/home/mercus/Humanoids/ros_ws/install/setup.zsh'
