[100%] Built target humanoid_tools
-- Install configuration: ""
-- Up-to-date: /home/rafael/Humanoids/ros_ws/install/humanoid_tools/lib/libhumanoid_tools.a
-- Up-to-date: /home/rafael/Humanoids/ros_ws/install/humanoid_tools/include
-- Up-to-date: /home/rafael/Humanoids/ros_ws/install/humanoid_tools/include/humanoid_tools
-- Up-to-date: /home/rafael/Humanoids/ros_ws/install/humanoid_tools/include/humanoid_tools/vision.hpp
-- Up-to-date: /home/rafael/Humanoids/ros_ws/install/humanoid_tools/include/humanoid_tools/hardware.hpp
-- Up-to-date: /home/rafael/Humanoids/ros_ws/install/humanoid_tools/share/humanoid_tools/environment/library_path.sh
-- Up-to-date: /home/rafael/Humanoids/ros_ws/install/humanoid_tools/share/humanoid_tools/environment/library_path.dsv
-- Up-to-date: /home/rafael/Humanoids/ros_ws/install/humanoid_tools/share/ament_index/resource_index/package_run_dependencies/humanoid_tools
-- Up-to-date: /home/rafael/Humanoids/ros_ws/install/humanoid_tools/share/ament_index/resource_index/parent_prefix_path/humanoid_tools
-- Up-to-date: /home/rafael/Humanoids/ros_ws/install/humanoid_tools/share/humanoid_tools/environment/ament_prefix_path.sh
-- Up-to-date: /home/rafael/Humanoids/ros_ws/install/humanoid_tools/share/humanoid_tools/environment/ament_prefix_path.dsv
-- Up-to-date: /home/rafael/Humanoids/ros_ws/install/humanoid_tools/share/humanoid_tools/environment/path.sh
-- Up-to-date: /home/rafael/Humanoids/ros_ws/install/humanoid_tools/share/humanoid_tools/environment/path.dsv
-- Up-to-date: /home/rafael/Humanoids/ros_ws/install/humanoid_tools/share/humanoid_tools/local_setup.bash
-- Up-to-date: /home/rafael/Humanoids/ros_ws/install/humanoid_tools/share/humanoid_tools/local_setup.sh
-- Up-to-date: /home/rafael/Humanoids/ros_ws/install/humanoid_tools/share/humanoid_tools/local_setup.zsh
-- Up-to-date: /home/rafael/Humanoids/ros_ws/install/humanoid_tools/share/humanoid_tools/local_setup.dsv
-- Installing: /home/rafael/Humanoids/ros_ws/install/humanoid_tools/share/humanoid_tools/package.dsv
-- Up-to-date: /home/rafael/Humanoids/ros_ws/install/humanoid_tools/share/ament_index/resource_index/packages/humanoid_tools
-- Up-to-date: /home/rafael/Humanoids/ros_ws/install/humanoid_tools/share/humanoid_tools/cmake/ament_cmake_export_include_directories-extras.cmake
-- Up-to-date: /home/rafael/Humanoids/ros_ws/install/humanoid_tools/share/humanoid_tools/cmake/ament_cmake_export_libraries-extras.cmake
-- Up-to-date: /home/rafael/Humanoids/ros_ws/install/humanoid_tools/share/humanoid_tools/cmake/ament_cmake_export_dependencies-extras.cmake
-- Up-to-date: /home/rafael/Humanoids/ros_ws/install/humanoid_tools/share/humanoid_tools/cmake/humanoid_toolsConfig.cmake
-- Up-to-date: /home/rafael/Humanoids/ros_ws/install/humanoid_tools/share/humanoid_tools/cmake/humanoid_toolsConfig-version.cmake
-- Up-to-date: /home/rafael/Humanoids/ros_ws/install/humanoid_tools/share/humanoid_tools/package.xml
