[0.071s] Invoking command in '/home/rafael/Humanoids/ros_ws/build/humanoid_tools': CMAKE_PREFIX_PATH=${CMAKE_PREFIX_PATH}:/opt/ros/humble /usr/bin/cmake --build /home/rafael/Humanoids/ros_ws/build/humanoid_tools -- -j2 -l2
[0.416s] [100%] Built target humanoid_tools
[0.541s] Invoked command in '/home/rafael/Humanoids/ros_ws/build/humanoid_tools' returned '0': CMAKE_PREFIX_PATH=${CMAKE_PREFIX_PATH}:/opt/ros/humble /usr/bin/cmake --build /home/rafael/Humanoids/ros_ws/build/humanoid_tools -- -j2 -l2
[0.587s] Invoking command in '/home/rafael/Humanoids/ros_ws/build/humanoid_tools': CMAKE_PREFIX_PATH=${CMAKE_PREFIX_PATH}:/opt/ros/humble /usr/bin/cmake --install /home/rafael/Humanoids/ros_ws/build/humanoid_tools
[0.609s] -- Install configuration: ""
[0.612s] -- Up-to-date: /home/rafael/Humanoids/ros_ws/install/humanoid_tools/lib/libhumanoid_tools.a
[0.616s] -- Up-to-date: /home/rafael/Humanoids/ros_ws/install/humanoid_tools/include
[0.619s] -- Up-to-date: /home/rafael/Humanoids/ros_ws/install/humanoid_tools/include/humanoid_tools
[0.620s] -- Up-to-date: /home/rafael/Humanoids/ros_ws/install/humanoid_tools/include/humanoid_tools/vision.hpp
[0.620s] -- Up-to-date: /home/rafael/Humanoids/ros_ws/install/humanoid_tools/include/humanoid_tools/hardware.hpp
[0.621s] -- Up-to-date: /home/rafael/Humanoids/ros_ws/install/humanoid_tools/share/humanoid_tools/environment/library_path.sh
[0.626s] -- Up-to-date: /home/rafael/Humanoids/ros_ws/install/humanoid_tools/share/humanoid_tools/environment/library_path.dsv
[0.628s] -- Up-to-date: /home/rafael/Humanoids/ros_ws/install/humanoid_tools/share/ament_index/resource_index/package_run_dependencies/humanoid_tools
[0.629s] -- Up-to-date: /home/rafael/Humanoids/ros_ws/install/humanoid_tools/share/ament_index/resource_index/parent_prefix_path/humanoid_tools
[0.630s] -- Up-to-date: /home/rafael/Humanoids/ros_ws/install/humanoid_tools/share/humanoid_tools/environment/ament_prefix_path.sh
[0.631s] -- Up-to-date: /home/rafael/Humanoids/ros_ws/install/humanoid_tools/share/humanoid_tools/environment/ament_prefix_path.dsv
[0.633s] -- Up-to-date: /home/rafael/Humanoids/ros_ws/install/humanoid_tools/share/humanoid_tools/environment/path.sh
[0.634s] -- Up-to-date: /home/rafael/Humanoids/ros_ws/install/humanoid_tools/share/humanoid_tools/environment/path.dsv
[0.636s] -- Up-to-date: /home/rafael/Humanoids/ros_ws/install/humanoid_tools/share/humanoid_tools/local_setup.bash
[0.637s] -- Up-to-date: /home/rafael/Humanoids/ros_ws/install/humanoid_tools/share/humanoid_tools/local_setup.sh
[0.640s] -- Up-to-date: /home/rafael/Humanoids/ros_ws/install/humanoid_tools/share/humanoid_tools/local_setup.zsh
[0.643s] -- Up-to-date: /home/rafael/Humanoids/ros_ws/install/humanoid_tools/share/humanoid_tools/local_setup.dsv
[0.649s] -- Installing: /home/rafael/Humanoids/ros_ws/install/humanoid_tools/share/humanoid_tools/package.dsv
[0.650s] -- Up-to-date: /home/rafael/Humanoids/ros_ws/install/humanoid_tools/share/ament_index/resource_index/packages/humanoid_tools
[0.650s] -- Up-to-date: /home/rafael/Humanoids/ros_ws/install/humanoid_tools/share/humanoid_tools/cmake/ament_cmake_export_include_directories-extras.cmake
[0.651s] -- Up-to-date: /home/rafael/Humanoids/ros_ws/install/humanoid_tools/share/humanoid_tools/cmake/ament_cmake_export_libraries-extras.cmake
[0.651s] -- Up-to-date: /home/rafael/Humanoids/ros_ws/install/humanoid_tools/share/humanoid_tools/cmake/ament_cmake_export_dependencies-extras.cmake
[0.652s] -- Up-to-date: /home/rafael/Humanoids/ros_ws/install/humanoid_tools/share/humanoid_tools/cmake/humanoid_toolsConfig.cmake
[0.654s] -- Up-to-date: /home/rafael/Humanoids/ros_ws/install/humanoid_tools/share/humanoid_tools/cmake/humanoid_toolsConfig-version.cmake
[0.656s] -- Up-to-date: /home/rafael/Humanoids/ros_ws/install/humanoid_tools/share/humanoid_tools/package.xml
[0.658s] Invoked command in '/home/rafael/Humanoids/ros_ws/build/humanoid_tools' returned '0': CMAKE_PREFIX_PATH=${CMAKE_PREFIX_PATH}:/opt/ros/humble /usr/bin/cmake --install /home/rafael/Humanoids/ros_ws/build/humanoid_tools
