[0.011s] Invoking command in '/home/mercus/Humanoids/ros_ws/build/surge_et_ambula': CONDA_PROMPT_MODIFIER=(base) /usr/bin/cmake /home/mercus/Humanoids/ros_ws/src/SurgeEtAmbula/surge_et_ambula -DCATKIN_INSTALL_INTO_PREFIX_ROOT=0 -DCMAKE_INSTALL_PREFIX=/home/mercus/Humanoids/ros_ws/install/surge_et_ambula
[0.051s] -- The C compiler identification is GNU 11.4.0
[0.098s] -- The CXX compiler identification is GNU 11.4.0
[0.107s] -- Detecting C compiler ABI info
[0.167s] -- Detecting C compiler ABI info - done
[0.174s] -- Check for working C compiler: /usr/bin/cc - skipped
[0.174s] -- Detecting C compile features
[0.175s] -- Detecting C compile features - done
[0.177s] -- Detecting CXX compiler ABI info
[0.237s] -- Detecting CXX compiler ABI info - done
[0.244s] -- Check for working CXX compiler: /usr/bin/c++ - skipped
[0.244s] -- Detecting CXX compile features
[0.244s] -- Detecting CXX compile features - done
[0.252s] [31mCMake Error at CMakeLists.txt:10 (find_package):
[0.252s]   By not providing "Findcatkin.cmake" in CMAKE_MODULE_PATH this project has
[0.252s]   asked CMake to find a package configuration file provided by "catkin", but
[0.252s]   CMake did not find one.
[0.252s] 
[0.252s]   Could not find a package configuration file provided by "catkin" with any
[0.252s]   of the following names:
[0.252s] 
[0.252s]     catkinConfig.cmake
[0.253s]     catkin-config.cmake
[0.253s] 
[0.253s]   Add the installation prefix of "catkin" to CMAKE_PREFIX_PATH or set
[0.253s]   "catkin_DIR" to a directory containing one of the above files.  If "catkin"
[0.253s]   provides a separate development package or SDK, be sure it has been
[0.253s]   installed.
[0.253s] 
[0.253s] [0m
[0.253s] -- Configuring incomplete, errors occurred!
[0.253s] See also "/home/mercus/Humanoids/ros_ws/build/surge_et_ambula/CMakeFiles/CMakeOutput.log".
