[0.065s] Invoking command in '/home/rafael/Humanoids/ros_ws/build/humanoid_tools': CMAKE_PREFIX_PATH=${CMAKE_PREFIX_PATH}:/opt/ros/humble /usr/bin/cmake /home/rafael/Humanoids/ros_ws/src/humanoid_tools -DCMAKE_INSTALL_PREFIX=/home/rafael/Humanoids/ros_ws/install/humanoid_tools
[0.372s] -- The C compiler identification is GNU 11.4.0
[0.763s] -- The CXX compiler identification is GNU 11.4.0
[0.824s] -- Detecting C compiler ABI info
[1.149s] -- Detecting C compiler ABI info - done
[1.226s] -- Check for working C compiler: /usr/bin/cc - skipped
[1.231s] -- Detecting C compile features
[1.231s] -- Detecting C compile features - done
[1.268s] -- Detecting CXX compiler ABI info
[1.691s] -- Detecting CXX compiler ABI info - done
[1.762s] -- Check for working CXX compiler: /usr/bin/c++ - skipped
[1.763s] -- Detecting CXX compile features
[1.769s] -- Detecting CXX compile features - done
[1.783s] -- Found ament_cmake: 1.3.12 (/opt/ros/humble/share/ament_cmake/cmake)
[2.496s] -- Found Python3: /usr/bin/python3 (found version "3.10.12") found components: Interpreter 
[3.214s] -- Found rclcpp: 16.0.14 (/opt/ros/humble/share/rclcpp/cmake)
[3.604s] -- Found rosidl_generator_c: 3.1.7 (/opt/ros/humble/share/rosidl_generator_c/cmake)
[3.637s] -- Found rosidl_adapter: 3.1.7 (/opt/ros/humble/share/rosidl_adapter/cmake)
[3.751s] -- Found rosidl_generator_cpp: 3.1.7 (/opt/ros/humble/share/rosidl_generator_cpp/cmake)
[3.892s] -- Using all available rosidl_typesupport_c: rosidl_typesupport_fastrtps_c;rosidl_typesupport_introspection_c
[4.077s] -- Using all available rosidl_typesupport_cpp: rosidl_typesupport_fastrtps_cpp;rosidl_typesupport_introspection_cpp
[4.488s] -- Found rmw_implementation_cmake: 6.1.2 (/opt/ros/humble/share/rmw_implementation_cmake/cmake)
[4.504s] -- Found rmw_fastrtps_cpp: 6.2.8 (/opt/ros/humble/share/rmw_fastrtps_cpp/cmake)
[5.003s] -- Found OpenSSL: /usr/lib/x86_64-linux-gnu/libcrypto.so (found version "3.0.2")  
[5.167s] -- Found FastRTPS: /opt/ros/humble/include  
[5.386s] -- Using RMW implementation 'rmw_fastrtps_cpp' as default
[5.437s] -- Performing Test CMAKE_HAVE_LIBC_PTHREAD
[5.984s] -- Performing Test CMAKE_HAVE_LIBC_PTHREAD - Success
[5.991s] -- Found Threads: TRUE  
[6.365s] -- Found geometry_msgs: 4.9.0 (/opt/ros/humble/share/geometry_msgs/cmake)
[6.900s] -- Configuring done
[6.966s] -- Generating done
[6.987s] -- Build files have been written to: /home/rafael/Humanoids/ros_ws/build/humanoid_tools
[7.041s] Invoked command in '/home/rafael/Humanoids/ros_ws/build/humanoid_tools' returned '0': CMAKE_PREFIX_PATH=${CMAKE_PREFIX_PATH}:/opt/ros/humble /usr/bin/cmake /home/rafael/Humanoids/ros_ws/src/humanoid_tools -DCMAKE_INSTALL_PREFIX=/home/rafael/Humanoids/ros_ws/install/humanoid_tools
[7.056s] Invoking command in '/home/rafael/Humanoids/ros_ws/build/humanoid_tools': CMAKE_PREFIX_PATH=${CMAKE_PREFIX_PATH}:/opt/ros/humble /usr/bin/cmake --build /home/rafael/Humanoids/ros_ws/build/humanoid_tools -- -j2 -l2
[7.190s] [ 33%] [32mBuilding CXX object CMakeFiles/humanoid_tools.dir/src/hardware.cpp.o[0m
[7.198s] [ 66%] [32mBuilding CXX object CMakeFiles/humanoid_tools.dir/src/vision.cpp.o[0m
[36.625s] [100%] [32m[1mLinking CXX static library libhumanoid_tools.a[0m
[36.851s] [100%] Built target humanoid_tools
[36.881s] Invoked command in '/home/rafael/Humanoids/ros_ws/build/humanoid_tools' returned '0': CMAKE_PREFIX_PATH=${CMAKE_PREFIX_PATH}:/opt/ros/humble /usr/bin/cmake --build /home/rafael/Humanoids/ros_ws/build/humanoid_tools -- -j2 -l2
[36.918s] Invoking command in '/home/rafael/Humanoids/ros_ws/build/humanoid_tools': CMAKE_PREFIX_PATH=${CMAKE_PREFIX_PATH}:/opt/ros/humble /usr/bin/cmake --install /home/rafael/Humanoids/ros_ws/build/humanoid_tools
[36.942s] -- Install configuration: ""
[36.943s] -- Installing: /home/rafael/Humanoids/ros_ws/install/humanoid_tools/lib/libhumanoid_tools.a
[36.945s] -- Installing: /home/rafael/Humanoids/ros_ws/install/humanoid_tools/include
[36.946s] -- Installing: /home/rafael/Humanoids/ros_ws/install/humanoid_tools/include/humanoid_tools
[36.947s] -- Installing: /home/rafael/Humanoids/ros_ws/install/humanoid_tools/include/humanoid_tools/vision.hpp
[36.949s] -- Installing: /home/rafael/Humanoids/ros_ws/install/humanoid_tools/include/humanoid_tools/hardware.hpp
[36.951s] -- Installing: /home/rafael/Humanoids/ros_ws/install/humanoid_tools/share/humanoid_tools/environment/library_path.sh
[36.951s] -- Installing: /home/rafael/Humanoids/ros_ws/install/humanoid_tools/share/humanoid_tools/environment/library_path.dsv
[36.952s] -- Installing: /home/rafael/Humanoids/ros_ws/install/humanoid_tools/share/ament_index/resource_index/package_run_dependencies/humanoid_tools
[36.953s] -- Installing: /home/rafael/Humanoids/ros_ws/install/humanoid_tools/share/ament_index/resource_index/parent_prefix_path/humanoid_tools
[36.954s] -- Installing: /home/rafael/Humanoids/ros_ws/install/humanoid_tools/share/humanoid_tools/environment/ament_prefix_path.sh
[36.955s] -- Installing: /home/rafael/Humanoids/ros_ws/install/humanoid_tools/share/humanoid_tools/environment/ament_prefix_path.dsv
[36.956s] -- Installing: /home/rafael/Humanoids/ros_ws/install/humanoid_tools/share/humanoid_tools/environment/path.sh
[36.958s] -- Installing: /home/rafael/Humanoids/ros_ws/install/humanoid_tools/share/humanoid_tools/environment/path.dsv
[36.958s] -- Installing: /home/rafael/Humanoids/ros_ws/install/humanoid_tools/share/humanoid_tools/local_setup.bash
[36.959s] -- Installing: /home/rafael/Humanoids/ros_ws/install/humanoid_tools/share/humanoid_tools/local_setup.sh
[36.959s] -- Installing: /home/rafael/Humanoids/ros_ws/install/humanoid_tools/share/humanoid_tools/local_setup.zsh
[36.960s] -- Installing: /home/rafael/Humanoids/ros_ws/install/humanoid_tools/share/humanoid_tools/local_setup.dsv
[36.961s] -- Installing: /home/rafael/Humanoids/ros_ws/install/humanoid_tools/share/humanoid_tools/package.dsv
[36.963s] -- Installing: /home/rafael/Humanoids/ros_ws/install/humanoid_tools/share/ament_index/resource_index/packages/humanoid_tools
[36.965s] -- Installing: /home/rafael/Humanoids/ros_ws/install/humanoid_tools/share/humanoid_tools/cmake/ament_cmake_export_include_directories-extras.cmake
[36.965s] -- Installing: /home/rafael/Humanoids/ros_ws/install/humanoid_tools/share/humanoid_tools/cmake/ament_cmake_export_libraries-extras.cmake
[36.967s] -- Installing: /home/rafael/Humanoids/ros_ws/install/humanoid_tools/share/humanoid_tools/cmake/ament_cmake_export_dependencies-extras.cmake
[36.969s] -- Installing: /home/rafael/Humanoids/ros_ws/install/humanoid_tools/share/humanoid_tools/cmake/humanoid_toolsConfig.cmake
[36.972s] -- Installing: /home/rafael/Humanoids/ros_ws/install/humanoid_tools/share/humanoid_tools/cmake/humanoid_toolsConfig-version.cmake
[36.973s] -- Installing: /home/rafael/Humanoids/ros_ws/install/humanoid_tools/share/humanoid_tools/package.xml
[36.975s] Invoked command in '/home/rafael/Humanoids/ros_ws/build/humanoid_tools' returned '0': CMAKE_PREFIX_PATH=${CMAKE_PREFIX_PATH}:/opt/ros/humble /usr/bin/cmake --install /home/rafael/Humanoids/ros_ws/build/humanoid_tools
