[0.049s] Invoking command in '/home/rafael/Humanoids/ros_ws/build/task_manager': CMAKE_PREFIX_PATH=/home/rafael/Humanoids/ros_ws/install/humanoid_tools:/home/rafael/Humanoids/ros_ws/install/surge_et_ambula:/home/rafael/ROS2Dev/fourier_ws/install/human_actions:/home/rafael/ROS2Dev/fourier_ws/install/hardware:/opt/ros/humble /usr/bin/cmake /home/rafael/Humanoids/ros_ws/src/Plan/task_manager -DCMAKE_INSTALL_PREFIX=/home/rafael/Humanoids/ros_ws/install/task_manager
[0.282s] -- The C compiler identification is GNU 11.4.0
[0.550s] -- The CXX compiler identification is GNU 11.4.0
[0.590s] -- Detecting C compiler ABI info
[0.828s] -- Detecting C compiler ABI info - done
[0.868s] -- Check for working C compiler: /usr/bin/cc - skipped
[0.870s] -- Detecting C compile features
[0.873s] -- Detecting C compile features - done
[0.885s] -- Detecting CXX compiler ABI info
[1.177s] -- Detecting CXX compiler ABI info - done
[1.223s] -- Check for working CXX compiler: /usr/bin/c++ - skipped
[1.224s] -- Detecting CXX compile features
[1.228s] -- Detecting CXX compile features - done
[1.237s] -- Found ament_cmake: 1.3.12 (/opt/ros/humble/share/ament_cmake/cmake)
[1.746s] -- Found Python3: /usr/bin/python3 (found version "3.10.12") found components: Interpreter 
[2.113s] -- Found rclcpp: 16.0.14 (/opt/ros/humble/share/rclcpp/cmake)
[2.285s] -- Found rosidl_generator_c: 3.1.7 (/opt/ros/humble/share/rosidl_generator_c/cmake)
[2.310s] -- Found rosidl_adapter: 3.1.7 (/opt/ros/humble/share/rosidl_adapter/cmake)
[2.346s] -- Found rosidl_generator_cpp: 3.1.7 (/opt/ros/humble/share/rosidl_generator_cpp/cmake)
[2.422s] -- Using all available rosidl_typesupport_c: rosidl_typesupport_fastrtps_c;rosidl_typesupport_introspection_c
[2.509s] -- Using all available rosidl_typesupport_cpp: rosidl_typesupport_fastrtps_cpp;rosidl_typesupport_introspection_cpp
[2.756s] -- Found rmw_implementation_cmake: 6.1.2 (/opt/ros/humble/share/rmw_implementation_cmake/cmake)
[2.777s] -- Found rmw_fastrtps_cpp: 6.2.8 (/opt/ros/humble/share/rmw_fastrtps_cpp/cmake)
[3.262s] -- Found OpenSSL: /usr/lib/x86_64-linux-gnu/libcrypto.so (found version "3.0.2")  
[3.366s] -- Found FastRTPS: /opt/ros/humble/include  
[3.519s] -- Using RMW implementation 'rmw_fastrtps_cpp' as default
[3.554s] -- Performing Test CMAKE_HAVE_LIBC_PTHREAD
[3.832s] -- Performing Test CMAKE_HAVE_LIBC_PTHREAD - Success
[3.837s] -- Found Threads: TRUE  
[4.092s] -- Found geometry_msgs: 4.9.0 (/opt/ros/humble/share/geometry_msgs/cmake)
[4.153s] -- Found humanoid_tools: 0.1.0 (/home/rafael/Humanoids/ros_ws/install/humanoid_tools/share/humanoid_tools/cmake)
[4.457s] -- Configuring done
[4.513s] -- Generating done
[4.527s] -- Build files have been written to: /home/rafael/Humanoids/ros_ws/build/task_manager
[4.565s] Invoked command in '/home/rafael/Humanoids/ros_ws/build/task_manager' returned '0': CMAKE_PREFIX_PATH=/home/rafael/Humanoids/ros_ws/install/humanoid_tools:/home/rafael/Humanoids/ros_ws/install/surge_et_ambula:/home/rafael/ROS2Dev/fourier_ws/install/human_actions:/home/rafael/ROS2Dev/fourier_ws/install/hardware:/opt/ros/humble /usr/bin/cmake /home/rafael/Humanoids/ros_ws/src/Plan/task_manager -DCMAKE_INSTALL_PREFIX=/home/rafael/Humanoids/ros_ws/install/task_manager
[4.580s] Invoking command in '/home/rafael/Humanoids/ros_ws/build/task_manager': CMAKE_PREFIX_PATH=/home/rafael/Humanoids/ros_ws/install/humanoid_tools:/home/rafael/Humanoids/ros_ws/install/surge_et_ambula:/home/rafael/ROS2Dev/fourier_ws/install/human_actions:/home/rafael/ROS2Dev/fourier_ws/install/hardware:/opt/ros/humble /usr/bin/cmake --build /home/rafael/Humanoids/ros_ws/build/task_manager -- -j2 -l2
[4.706s] [ 50%] [32mBuilding CXX object CMakeFiles/striker_node.dir/src/striker.cpp.o[0m
[19.423s] [100%] [32m[1mLinking CXX executable striker_node[0m
[21.209s] [100%] Built target striker_node
[21.241s] Invoked command in '/home/rafael/Humanoids/ros_ws/build/task_manager' returned '0': CMAKE_PREFIX_PATH=/home/rafael/Humanoids/ros_ws/install/humanoid_tools:/home/rafael/Humanoids/ros_ws/install/surge_et_ambula:/home/rafael/ROS2Dev/fourier_ws/install/human_actions:/home/rafael/ROS2Dev/fourier_ws/install/hardware:/opt/ros/humble /usr/bin/cmake --build /home/rafael/Humanoids/ros_ws/build/task_manager -- -j2 -l2
[21.262s] Invoking command in '/home/rafael/Humanoids/ros_ws/build/task_manager': CMAKE_PREFIX_PATH=/home/rafael/Humanoids/ros_ws/install/humanoid_tools:/home/rafael/Humanoids/ros_ws/install/surge_et_ambula:/home/rafael/ROS2Dev/fourier_ws/install/human_actions:/home/rafael/ROS2Dev/fourier_ws/install/hardware:/opt/ros/humble /usr/bin/cmake --install /home/rafael/Humanoids/ros_ws/build/task_manager
[21.276s] -- Install configuration: ""
[21.278s] -- Installing: /home/rafael/Humanoids/ros_ws/install/task_manager/lib/task_manager/striker_node
[21.281s] -- Set runtime path of "/home/rafael/Humanoids/ros_ws/install/task_manager/lib/task_manager/striker_node" to ""
[21.284s] -- Installing: /home/rafael/Humanoids/ros_ws/install/task_manager/share/ament_index/resource_index/package_run_dependencies/task_manager
[21.285s] -- Installing: /home/rafael/Humanoids/ros_ws/install/task_manager/share/ament_index/resource_index/parent_prefix_path/task_manager
[21.286s] -- Installing: /home/rafael/Humanoids/ros_ws/install/task_manager/share/task_manager/environment/ament_prefix_path.sh
[21.288s] -- Installing: /home/rafael/Humanoids/ros_ws/install/task_manager/share/task_manager/environment/ament_prefix_path.dsv
[21.288s] -- Installing: /home/rafael/Humanoids/ros_ws/install/task_manager/share/task_manager/environment/path.sh
[21.288s] -- Installing: /home/rafael/Humanoids/ros_ws/install/task_manager/share/task_manager/environment/path.dsv
[21.291s] -- Installing: /home/rafael/Humanoids/ros_ws/install/task_manager/share/task_manager/local_setup.bash
[21.292s] -- Installing: /home/rafael/Humanoids/ros_ws/install/task_manager/share/task_manager/local_setup.sh
[21.292s] -- Installing: /home/rafael/Humanoids/ros_ws/install/task_manager/share/task_manager/local_setup.zsh
[21.295s] -- Installing: /home/rafael/Humanoids/ros_ws/install/task_manager/share/task_manager/local_setup.dsv
[21.297s] -- Installing: /home/rafael/Humanoids/ros_ws/install/task_manager/share/task_manager/package.dsv
[21.297s] -- Installing: /home/rafael/Humanoids/ros_ws/install/task_manager/share/ament_index/resource_index/packages/task_manager
[21.298s] -- Installing: /home/rafael/Humanoids/ros_ws/install/task_manager/share/task_manager/cmake/task_managerConfig.cmake
[21.298s] -- Installing: /home/rafael/Humanoids/ros_ws/install/task_manager/share/task_manager/cmake/task_managerConfig-version.cmake
[21.298s] -- Installing: /home/rafael/Humanoids/ros_ws/install/task_manager/share/task_manager/package.xml
[21.306s] Invoked command in '/home/rafael/Humanoids/ros_ws/build/task_manager' returned '0': CMAKE_PREFIX_PATH=/home/rafael/Humanoids/ros_ws/install/humanoid_tools:/home/rafael/Humanoids/ros_ws/install/surge_et_ambula:/home/rafael/ROS2Dev/fourier_ws/install/human_actions:/home/rafael/ROS2Dev/fourier_ws/install/hardware:/opt/ros/humble /usr/bin/cmake --install /home/rafael/Humanoids/ros_ws/build/task_manager
