[0.776s] DEBUG:colcon:Command line arguments: ['/usr/bin/colcon', 'build', '--packages-select', 'humanoid_tools']
[0.777s] DEBUG:colcon:Parsed command line arguments: Namespace(log_base=None, log_level=None, verb_name='build', build_base='build', install_base='install', merge_install=False, symlink_install=False, test_result_base=None, continue_on_error=False, executor='parallel', parallel_workers=2, event_handlers=None, ignore_user_meta=False, metas=['./colcon.meta'], base_paths=['.'], packages_ignore=None, packages_ignore_regex=None, paths=None, packages_up_to=None, packages_up_to_regex=None, packages_above=None, packages_above_and_dependencies=None, packages_above_depth=None, packages_select_by_dep=None, packages_skip_by_dep=None, packages_skip_up_to=None, packages_select_build_failed=False, packages_skip_build_finished=False, packages_select_test_failures=False, packages_skip_test_passed=False, packages_select=['humanoid_tools'], packages_skip=None, packages_select_regex=None, packages_skip_regex=None, packages_start=None, packages_end=None, allow_overriding=[], cmake_args=None, cmake_target=None, cmake_target_skip_unavailable=False, cmake_clean_cache=False, cmake_clean_first=False, cmake_force_configure=False, ament_cmake_args=None, catkin_cmake_args=None, catkin_skip_building_tests=False, mixin_files=None, mixin=None, verb_parser=<colcon_mixin.mixin.mixin_argument.MixinArgumentDecorator object at 0x7c38b217be50>, verb_extension=<colcon_core.verb.build.BuildVerb object at 0x7c38b229d4b0>, main=<bound method BuildVerb.main of <colcon_core.verb.build.BuildVerb object at 0x7c38b229d4b0>>, mixin_verb=('build',))
[2.477s] Level 1:colcon.colcon_core.package_discovery:discover_packages(colcon_meta) check parameters
[2.478s] Level 1:colcon.colcon_core.package_discovery:discover_packages(recursive) check parameters
[2.478s] Level 1:colcon.colcon_core.package_discovery:discover_packages(ignore) check parameters
[2.478s] Level 1:colcon.colcon_core.package_discovery:discover_packages(path) check parameters
[2.478s] Level 1:colcon.colcon_core.package_discovery:discover_packages(colcon_meta) discover
[2.479s] Level 1:colcon.colcon_core.package_discovery:discover_packages(recursive) discover
[2.479s] INFO:colcon.colcon_core.package_discovery:Crawling recursively for packages in '/home/rafael/Humanoids/ros_ws'
[2.480s] Level 1:colcon.colcon_core.package_identification:_identify(.) by extensions ['ignore', 'ignore_ament_install']
[2.480s] Level 1:colcon.colcon_core.package_identification:_identify(.) by extension 'ignore'
[2.481s] Level 1:colcon.colcon_core.package_identification:_identify(.) by extension 'ignore_ament_install'
[2.481s] Level 1:colcon.colcon_core.package_identification:_identify(.) by extensions ['colcon_pkg']
[2.481s] Level 1:colcon.colcon_core.package_identification:_identify(.) by extension 'colcon_pkg'
[2.482s] Level 1:colcon.colcon_core.package_identification:_identify(.) by extensions ['colcon_meta']
[2.482s] Level 1:colcon.colcon_core.package_identification:_identify(.) by extension 'colcon_meta'
[2.482s] Level 1:colcon.colcon_core.package_identification:_identify(.) by extensions ['ros']
[2.482s] Level 1:colcon.colcon_core.package_identification:_identify(.) by extension 'ros'
[2.554s] Level 1:colcon.colcon_core.package_identification:_identify(.) by extensions ['cmake', 'python']
[2.554s] Level 1:colcon.colcon_core.package_identification:_identify(.) by extension 'cmake'
[2.555s] Level 1:colcon.colcon_core.package_identification:_identify(.) by extension 'python'
[2.555s] Level 1:colcon.colcon_core.package_identification:_identify(.) by extensions ['python_setup_py']
[2.555s] Level 1:colcon.colcon_core.package_identification:_identify(.) by extension 'python_setup_py'
[2.556s] Level 1:colcon.colcon_core.package_identification:_identify(build) by extensions ['ignore', 'ignore_ament_install']
[2.556s] Level 1:colcon.colcon_core.package_identification:_identify(build) by extension 'ignore'
[2.557s] Level 1:colcon.colcon_core.package_identification:_identify(build) ignored
[2.557s] Level 1:colcon.colcon_core.package_identification:_identify(install) by extensions ['ignore', 'ignore_ament_install']
[2.558s] Level 1:colcon.colcon_core.package_identification:_identify(install) by extension 'ignore'
[2.558s] Level 1:colcon.colcon_core.package_identification:_identify(install) ignored
[2.559s] Level 1:colcon.colcon_core.package_identification:_identify(log) by extensions ['ignore', 'ignore_ament_install']
[2.559s] Level 1:colcon.colcon_core.package_identification:_identify(log) by extension 'ignore'
[2.560s] Level 1:colcon.colcon_core.package_identification:_identify(log) ignored
[2.560s] Level 1:colcon.colcon_core.package_identification:_identify(src) by extensions ['ignore', 'ignore_ament_install']
[2.561s] Level 1:colcon.colcon_core.package_identification:_identify(src) by extension 'ignore'
[2.561s] Level 1:colcon.colcon_core.package_identification:_identify(src) by extension 'ignore_ament_install'
[2.561s] Level 1:colcon.colcon_core.package_identification:_identify(src) by extensions ['colcon_pkg']
[2.562s] Level 1:colcon.colcon_core.package_identification:_identify(src) by extension 'colcon_pkg'
[2.562s] Level 1:colcon.colcon_core.package_identification:_identify(src) by extensions ['colcon_meta']
[2.562s] Level 1:colcon.colcon_core.package_identification:_identify(src) by extension 'colcon_meta'
[2.562s] Level 1:colcon.colcon_core.package_identification:_identify(src) by extensions ['ros']
[2.563s] Level 1:colcon.colcon_core.package_identification:_identify(src) by extension 'ros'
[2.563s] Level 1:colcon.colcon_core.package_identification:_identify(src) by extensions ['cmake', 'python']
[2.563s] Level 1:colcon.colcon_core.package_identification:_identify(src) by extension 'cmake'
[2.564s] Level 1:colcon.colcon_core.package_identification:_identify(src) by extension 'python'
[2.564s] Level 1:colcon.colcon_core.package_identification:_identify(src) by extensions ['python_setup_py']
[2.564s] Level 1:colcon.colcon_core.package_identification:_identify(src) by extension 'python_setup_py'
[2.565s] Level 1:colcon.colcon_core.package_identification:_identify(src/Hardware) by extensions ['ignore', 'ignore_ament_install']
[2.565s] Level 1:colcon.colcon_core.package_identification:_identify(src/Hardware) by extension 'ignore'
[2.566s] Level 1:colcon.colcon_core.package_identification:_identify(src/Hardware) by extension 'ignore_ament_install'
[2.566s] Level 1:colcon.colcon_core.package_identification:_identify(src/Hardware) by extensions ['colcon_pkg']
[2.566s] Level 1:colcon.colcon_core.package_identification:_identify(src/Hardware) by extension 'colcon_pkg'
[2.566s] Level 1:colcon.colcon_core.package_identification:_identify(src/Hardware) by extensions ['colcon_meta']
[2.567s] Level 1:colcon.colcon_core.package_identification:_identify(src/Hardware) by extension 'colcon_meta'
[2.567s] Level 1:colcon.colcon_core.package_identification:_identify(src/Hardware) by extensions ['ros']
[2.567s] Level 1:colcon.colcon_core.package_identification:_identify(src/Hardware) by extension 'ros'
[2.568s] Level 1:colcon.colcon_core.package_identification:_identify(src/Hardware) by extensions ['cmake', 'python']
[2.568s] Level 1:colcon.colcon_core.package_identification:_identify(src/Hardware) by extension 'cmake'
[2.568s] Level 1:colcon.colcon_core.package_identification:_identify(src/Hardware) by extension 'python'
[2.569s] Level 1:colcon.colcon_core.package_identification:_identify(src/Hardware) by extensions ['python_setup_py']
[2.569s] Level 1:colcon.colcon_core.package_identification:_identify(src/Hardware) by extension 'python_setup_py'
[2.569s] Level 1:colcon.colcon_core.package_identification:_identify(src/Hardware/hdwr_pkg) by extensions ['ignore', 'ignore_ament_install']
[2.570s] Level 1:colcon.colcon_core.package_identification:_identify(src/Hardware/hdwr_pkg) by extension 'ignore'
[2.570s] Level 1:colcon.colcon_core.package_identification:_identify(src/Hardware/hdwr_pkg) by extension 'ignore_ament_install'
[2.571s] Level 1:colcon.colcon_core.package_identification:_identify(src/Hardware/hdwr_pkg) by extensions ['colcon_pkg']
[2.571s] Level 1:colcon.colcon_core.package_identification:_identify(src/Hardware/hdwr_pkg) by extension 'colcon_pkg'
[2.571s] Level 1:colcon.colcon_core.package_identification:_identify(src/Hardware/hdwr_pkg) by extensions ['colcon_meta']
[2.572s] Level 1:colcon.colcon_core.package_identification:_identify(src/Hardware/hdwr_pkg) by extension 'colcon_meta'
[2.572s] Level 1:colcon.colcon_core.package_identification:_identify(src/Hardware/hdwr_pkg) by extensions ['ros']
[2.572s] Level 1:colcon.colcon_core.package_identification:_identify(src/Hardware/hdwr_pkg) by extension 'ros'
[2.587s] DEBUG:colcon.colcon_core.package_identification:Package 'src/Hardware/hdwr_pkg' with type 'ros.catkin' and name 'hdwr_pkg'
[2.587s] Level 1:colcon.colcon_core.package_identification:_identify(src/Plan) by extensions ['ignore', 'ignore_ament_install']
[2.588s] Level 1:colcon.colcon_core.package_identification:_identify(src/Plan) by extension 'ignore'
[2.588s] Level 1:colcon.colcon_core.package_identification:_identify(src/Plan) by extension 'ignore_ament_install'
[2.589s] Level 1:colcon.colcon_core.package_identification:_identify(src/Plan) by extensions ['colcon_pkg']
[2.589s] Level 1:colcon.colcon_core.package_identification:_identify(src/Plan) by extension 'colcon_pkg'
[2.589s] Level 1:colcon.colcon_core.package_identification:_identify(src/Plan) by extensions ['colcon_meta']
[2.590s] Level 1:colcon.colcon_core.package_identification:_identify(src/Plan) by extension 'colcon_meta'
[2.590s] Level 1:colcon.colcon_core.package_identification:_identify(src/Plan) by extensions ['ros']
[2.590s] Level 1:colcon.colcon_core.package_identification:_identify(src/Plan) by extension 'ros'
[2.591s] Level 1:colcon.colcon_core.package_identification:_identify(src/Plan) by extensions ['cmake', 'python']
[2.591s] Level 1:colcon.colcon_core.package_identification:_identify(src/Plan) by extension 'cmake'
[2.591s] Level 1:colcon.colcon_core.package_identification:_identify(src/Plan) by extension 'python'
[2.591s] Level 1:colcon.colcon_core.package_identification:_identify(src/Plan) by extensions ['python_setup_py']
[2.592s] Level 1:colcon.colcon_core.package_identification:_identify(src/Plan) by extension 'python_setup_py'
[2.592s] Level 1:colcon.colcon_core.package_identification:_identify(src/Plan/task_manager) by extensions ['ignore', 'ignore_ament_install']
[2.593s] Level 1:colcon.colcon_core.package_identification:_identify(src/Plan/task_manager) by extension 'ignore'
[2.593s] Level 1:colcon.colcon_core.package_identification:_identify(src/Plan/task_manager) by extension 'ignore_ament_install'
[2.594s] Level 1:colcon.colcon_core.package_identification:_identify(src/Plan/task_manager) by extensions ['colcon_pkg']
[2.594s] Level 1:colcon.colcon_core.package_identification:_identify(src/Plan/task_manager) by extension 'colcon_pkg'
[2.594s] Level 1:colcon.colcon_core.package_identification:_identify(src/Plan/task_manager) by extensions ['colcon_meta']
[2.594s] Level 1:colcon.colcon_core.package_identification:_identify(src/Plan/task_manager) by extension 'colcon_meta'
[2.595s] Level 1:colcon.colcon_core.package_identification:_identify(src/Plan/task_manager) by extensions ['ros']
[2.595s] Level 1:colcon.colcon_core.package_identification:_identify(src/Plan/task_manager) by extension 'ros'
[2.600s] DEBUG:colcon.colcon_core.package_identification:Package 'src/Plan/task_manager' with type 'ros.ament_cmake' and name 'task_manager'
[2.600s] Level 1:colcon.colcon_core.package_identification:_identify(src/RefBoxComm) by extensions ['ignore', 'ignore_ament_install']
[2.601s] Level 1:colcon.colcon_core.package_identification:_identify(src/RefBoxComm) by extension 'ignore'
[2.601s] Level 1:colcon.colcon_core.package_identification:_identify(src/RefBoxComm) by extension 'ignore_ament_install'
[2.602s] Level 1:colcon.colcon_core.package_identification:_identify(src/RefBoxComm) by extensions ['colcon_pkg']
[2.602s] Level 1:colcon.colcon_core.package_identification:_identify(src/RefBoxComm) by extension 'colcon_pkg'
[2.602s] Level 1:colcon.colcon_core.package_identification:_identify(src/RefBoxComm) by extensions ['colcon_meta']
[2.602s] Level 1:colcon.colcon_core.package_identification:_identify(src/RefBoxComm) by extension 'colcon_meta'
[2.603s] Level 1:colcon.colcon_core.package_identification:_identify(src/RefBoxComm) by extensions ['ros']
[2.603s] Level 1:colcon.colcon_core.package_identification:_identify(src/RefBoxComm) by extension 'ros'
[2.604s] Level 1:colcon.colcon_core.package_identification:_identify(src/RefBoxComm) by extensions ['cmake', 'python']
[2.604s] Level 1:colcon.colcon_core.package_identification:_identify(src/RefBoxComm) by extension 'cmake'
[2.604s] Level 1:colcon.colcon_core.package_identification:_identify(src/RefBoxComm) by extension 'python'
[2.604s] Level 1:colcon.colcon_core.package_identification:_identify(src/RefBoxComm) by extensions ['python_setup_py']
[2.605s] Level 1:colcon.colcon_core.package_identification:_identify(src/RefBoxComm) by extension 'python_setup_py'
[2.605s] Level 1:colcon.colcon_core.package_identification:_identify(src/RefBoxComm/refbox_comm_node) by extensions ['ignore', 'ignore_ament_install']
[2.606s] Level 1:colcon.colcon_core.package_identification:_identify(src/RefBoxComm/refbox_comm_node) by extension 'ignore'
[2.606s] Level 1:colcon.colcon_core.package_identification:_identify(src/RefBoxComm/refbox_comm_node) by extension 'ignore_ament_install'
[2.606s] Level 1:colcon.colcon_core.package_identification:_identify(src/RefBoxComm/refbox_comm_node) by extensions ['colcon_pkg']
[2.607s] Level 1:colcon.colcon_core.package_identification:_identify(src/RefBoxComm/refbox_comm_node) by extension 'colcon_pkg'
[2.607s] Level 1:colcon.colcon_core.package_identification:_identify(src/RefBoxComm/refbox_comm_node) by extensions ['colcon_meta']
[2.607s] Level 1:colcon.colcon_core.package_identification:_identify(src/RefBoxComm/refbox_comm_node) by extension 'colcon_meta'
[2.608s] Level 1:colcon.colcon_core.package_identification:_identify(src/RefBoxComm/refbox_comm_node) by extensions ['ros']
[2.608s] Level 1:colcon.colcon_core.package_identification:_identify(src/RefBoxComm/refbox_comm_node) by extension 'ros'
[2.612s] DEBUG:colcon.colcon_core.package_identification:Package 'src/RefBoxComm/refbox_comm_node' with type 'ros.catkin' and name 'refbox_comm_node'
[2.613s] Level 1:colcon.colcon_core.package_identification:_identify(src/SurgeEtAmbula) by extensions ['ignore', 'ignore_ament_install']
[2.614s] Level 1:colcon.colcon_core.package_identification:_identify(src/SurgeEtAmbula) by extension 'ignore'
[2.614s] Level 1:colcon.colcon_core.package_identification:_identify(src/SurgeEtAmbula) by extension 'ignore_ament_install'
[2.614s] Level 1:colcon.colcon_core.package_identification:_identify(src/SurgeEtAmbula) by extensions ['colcon_pkg']
[2.615s] Level 1:colcon.colcon_core.package_identification:_identify(src/SurgeEtAmbula) by extension 'colcon_pkg'
[2.615s] Level 1:colcon.colcon_core.package_identification:_identify(src/SurgeEtAmbula) by extensions ['colcon_meta']
[2.615s] Level 1:colcon.colcon_core.package_identification:_identify(src/SurgeEtAmbula) by extension 'colcon_meta'
[2.616s] Level 1:colcon.colcon_core.package_identification:_identify(src/SurgeEtAmbula) by extensions ['ros']
[2.616s] Level 1:colcon.colcon_core.package_identification:_identify(src/SurgeEtAmbula) by extension 'ros'
[2.616s] Level 1:colcon.colcon_core.package_identification:_identify(src/SurgeEtAmbula) by extensions ['cmake', 'python']
[2.617s] Level 1:colcon.colcon_core.package_identification:_identify(src/SurgeEtAmbula) by extension 'cmake'
[2.617s] Level 1:colcon.colcon_core.package_identification:_identify(src/SurgeEtAmbula) by extension 'python'
[2.617s] Level 1:colcon.colcon_core.package_identification:_identify(src/SurgeEtAmbula) by extensions ['python_setup_py']
[2.617s] Level 1:colcon.colcon_core.package_identification:_identify(src/SurgeEtAmbula) by extension 'python_setup_py'
[2.618s] Level 1:colcon.colcon_core.package_identification:_identify(src/SurgeEtAmbula/surge_et_ambula) by extensions ['ignore', 'ignore_ament_install']
[2.619s] Level 1:colcon.colcon_core.package_identification:_identify(src/SurgeEtAmbula/surge_et_ambula) by extension 'ignore'
[2.619s] Level 1:colcon.colcon_core.package_identification:_identify(src/SurgeEtAmbula/surge_et_ambula) by extension 'ignore_ament_install'
[2.619s] Level 1:colcon.colcon_core.package_identification:_identify(src/SurgeEtAmbula/surge_et_ambula) by extensions ['colcon_pkg']
[2.620s] Level 1:colcon.colcon_core.package_identification:_identify(src/SurgeEtAmbula/surge_et_ambula) by extension 'colcon_pkg'
[2.620s] Level 1:colcon.colcon_core.package_identification:_identify(src/SurgeEtAmbula/surge_et_ambula) by extensions ['colcon_meta']
[2.620s] Level 1:colcon.colcon_core.package_identification:_identify(src/SurgeEtAmbula/surge_et_ambula) by extension 'colcon_meta'
[2.620s] Level 1:colcon.colcon_core.package_identification:_identify(src/SurgeEtAmbula/surge_et_ambula) by extensions ['ros']
[2.621s] Level 1:colcon.colcon_core.package_identification:_identify(src/SurgeEtAmbula/surge_et_ambula) by extension 'ros'
[2.625s] DEBUG:colcon.colcon_core.package_identification:Package 'src/SurgeEtAmbula/surge_et_ambula' with type 'ros.catkin' and name 'surge_et_ambula'
[2.626s] Level 1:colcon.colcon_core.package_identification:_identify(src/Vision) by extensions ['ignore', 'ignore_ament_install']
[2.626s] Level 1:colcon.colcon_core.package_identification:_identify(src/Vision) by extension 'ignore'
[2.627s] Level 1:colcon.colcon_core.package_identification:_identify(src/Vision) by extension 'ignore_ament_install'
[2.627s] Level 1:colcon.colcon_core.package_identification:_identify(src/Vision) by extensions ['colcon_pkg']
[2.627s] Level 1:colcon.colcon_core.package_identification:_identify(src/Vision) by extension 'colcon_pkg'
[2.628s] Level 1:colcon.colcon_core.package_identification:_identify(src/Vision) by extensions ['colcon_meta']
[2.628s] Level 1:colcon.colcon_core.package_identification:_identify(src/Vision) by extension 'colcon_meta'
[2.628s] Level 1:colcon.colcon_core.package_identification:_identify(src/Vision) by extensions ['ros']
[2.628s] Level 1:colcon.colcon_core.package_identification:_identify(src/Vision) by extension 'ros'
[2.629s] Level 1:colcon.colcon_core.package_identification:_identify(src/Vision) by extensions ['cmake', 'python']
[2.629s] Level 1:colcon.colcon_core.package_identification:_identify(src/Vision) by extension 'cmake'
[2.629s] Level 1:colcon.colcon_core.package_identification:_identify(src/Vision) by extension 'python'
[2.630s] Level 1:colcon.colcon_core.package_identification:_identify(src/Vision) by extensions ['python_setup_py']
[2.630s] Level 1:colcon.colcon_core.package_identification:_identify(src/Vision) by extension 'python_setup_py'
[2.631s] Level 1:colcon.colcon_core.package_identification:_identify(src/Vision/vision_node) by extensions ['ignore', 'ignore_ament_install']
[2.631s] Level 1:colcon.colcon_core.package_identification:_identify(src/Vision/vision_node) by extension 'ignore'
[2.631s] Level 1:colcon.colcon_core.package_identification:_identify(src/Vision/vision_node) by extension 'ignore_ament_install'
[2.632s] Level 1:colcon.colcon_core.package_identification:_identify(src/Vision/vision_node) by extensions ['colcon_pkg']
[2.632s] Level 1:colcon.colcon_core.package_identification:_identify(src/Vision/vision_node) by extension 'colcon_pkg'
[2.632s] Level 1:colcon.colcon_core.package_identification:_identify(src/Vision/vision_node) by extensions ['colcon_meta']
[2.632s] Level 1:colcon.colcon_core.package_identification:_identify(src/Vision/vision_node) by extension 'colcon_meta'
[2.633s] Level 1:colcon.colcon_core.package_identification:_identify(src/Vision/vision_node) by extensions ['ros']
[2.633s] Level 1:colcon.colcon_core.package_identification:_identify(src/Vision/vision_node) by extension 'ros'
[2.638s] DEBUG:colcon.colcon_core.package_identification:Package 'src/Vision/vision_node' with type 'ros.catkin' and name 'vision_node'
[2.638s] Level 1:colcon.colcon_core.package_identification:_identify(src/humanoid_tools) by extensions ['ignore', 'ignore_ament_install']
[2.639s] Level 1:colcon.colcon_core.package_identification:_identify(src/humanoid_tools) by extension 'ignore'
[2.639s] Level 1:colcon.colcon_core.package_identification:_identify(src/humanoid_tools) by extension 'ignore_ament_install'
[2.640s] Level 1:colcon.colcon_core.package_identification:_identify(src/humanoid_tools) by extensions ['colcon_pkg']
[2.640s] Level 1:colcon.colcon_core.package_identification:_identify(src/humanoid_tools) by extension 'colcon_pkg'
[2.640s] Level 1:colcon.colcon_core.package_identification:_identify(src/humanoid_tools) by extensions ['colcon_meta']
[2.640s] Level 1:colcon.colcon_core.package_identification:_identify(src/humanoid_tools) by extension 'colcon_meta'
[2.641s] Level 1:colcon.colcon_core.package_identification:_identify(src/humanoid_tools) by extensions ['ros']
[2.641s] Level 1:colcon.colcon_core.package_identification:_identify(src/humanoid_tools) by extension 'ros'
[2.645s] DEBUG:colcon.colcon_core.package_identification:Package 'src/humanoid_tools' with type 'ros.ament_cmake' and name 'humanoid_tools'
[2.645s] Level 1:colcon.colcon_core.package_discovery:discover_packages(recursive) using defaults
[2.645s] Level 1:colcon.colcon_core.package_discovery:discover_packages(ignore) discover
[2.646s] Level 1:colcon.colcon_core.package_discovery:discover_packages(ignore) using defaults
[2.646s] Level 1:colcon.colcon_core.package_discovery:discover_packages(path) discover
[2.646s] Level 1:colcon.colcon_core.package_discovery:discover_packages(path) using defaults
[2.765s] INFO:colcon.colcon_core.package_selection:Skipping not selected package 'hdwr_pkg' in 'src/Hardware/hdwr_pkg'
[2.765s] INFO:colcon.colcon_core.package_selection:Skipping not selected package 'refbox_comm_node' in 'src/RefBoxComm/refbox_comm_node'
[2.765s] INFO:colcon.colcon_core.package_selection:Skipping not selected package 'surge_et_ambula' in 'src/SurgeEtAmbula/surge_et_ambula'
[2.765s] INFO:colcon.colcon_core.package_selection:Skipping not selected package 'vision_node' in 'src/Vision/vision_node'
[2.765s] INFO:colcon.colcon_core.package_selection:Skipping not selected package 'task_manager' in 'src/Plan/task_manager'
[2.768s] Level 1:colcon.colcon_core.package_discovery:discover_packages(prefix_path) check parameters
[2.768s] Level 1:colcon.colcon_core.package_discovery:discover_packages(prefix_path) discover
[2.780s] DEBUG:colcon.colcon_installed_package_information.package_discovery:Found 2 installed packages in /home/rafael/Humanoids/ros_ws/install
[2.783s] DEBUG:colcon.colcon_installed_package_information.package_discovery:Found 2 installed packages in /home/rafael/ROS2Dev/fourier_ws/install
[2.796s] DEBUG:colcon.colcon_installed_package_information.package_discovery:Found 338 installed packages in /opt/ros/humble
[2.811s] Level 1:colcon.colcon_core.package_discovery:discover_packages(prefix_path) using defaults
[3.141s] WARNING:colcon.colcon_core.package_selection:Some selected packages are already built in one or more underlay workspaces:
	'humanoid_tools' is in: /home/rafael/Humanoids/ros_ws/install/humanoid_tools
If a package in a merged underlay workspace is overridden and it installs headers, then all packages in the overlay must sort their include directories by workspace order. Failure to do so may result in build failures or undefined behavior at run time.
If the overridden package is used by another package in any underlay, then the overriding package in the overlay must be API and ABI compatible or undefined behavior at run time may occur.

If you understand the risks and want to override a package anyways, add the following to the command line:
	--allow-overriding humanoid_tools

This may be promoted to an error in a future release of colcon-override-check.
[3.147s] Level 5:colcon.colcon_core.verb:set package 'humanoid_tools' build argument 'cmake_args' from command line to 'None'
[3.147s] Level 5:colcon.colcon_core.verb:set package 'humanoid_tools' build argument 'cmake_target' from command line to 'None'
[3.147s] Level 5:colcon.colcon_core.verb:set package 'humanoid_tools' build argument 'cmake_target_skip_unavailable' from command line to 'False'
[3.148s] Level 5:colcon.colcon_core.verb:set package 'humanoid_tools' build argument 'cmake_clean_cache' from command line to 'False'
[3.148s] Level 5:colcon.colcon_core.verb:set package 'humanoid_tools' build argument 'cmake_clean_first' from command line to 'False'
[3.148s] Level 5:colcon.colcon_core.verb:set package 'humanoid_tools' build argument 'cmake_force_configure' from command line to 'False'
[3.148s] Level 5:colcon.colcon_core.verb:set package 'humanoid_tools' build argument 'ament_cmake_args' from command line to 'None'
[3.148s] Level 5:colcon.colcon_core.verb:set package 'humanoid_tools' build argument 'catkin_cmake_args' from command line to 'None'
[3.149s] Level 5:colcon.colcon_core.verb:set package 'humanoid_tools' build argument 'catkin_skip_building_tests' from command line to 'False'
[3.149s] DEBUG:colcon.colcon_core.verb:Building package 'humanoid_tools' with the following arguments: {'ament_cmake_args': None, 'build_base': '/home/rafael/Humanoids/ros_ws/build/humanoid_tools', 'catkin_cmake_args': None, 'catkin_skip_building_tests': False, 'cmake_args': None, 'cmake_clean_cache': False, 'cmake_clean_first': False, 'cmake_force_configure': False, 'cmake_target': None, 'cmake_target_skip_unavailable': False, 'install_base': '/home/rafael/Humanoids/ros_ws/install/humanoid_tools', 'merge_install': False, 'path': '/home/rafael/Humanoids/ros_ws/src/humanoid_tools', 'symlink_install': False, 'test_result_base': None}
[3.150s] INFO:colcon.colcon_core.executor:Executing jobs using 'parallel' executor
[3.155s] DEBUG:colcon.colcon_parallel_executor.executor.parallel:run_until_complete
[3.158s] INFO:colcon.colcon_ros.task.ament_cmake.build:Building ROS package in '/home/rafael/Humanoids/ros_ws/src/humanoid_tools' with build type 'ament_cmake'
[3.158s] INFO:colcon.colcon_cmake.task.cmake.build:Building CMake package in '/home/rafael/Humanoids/ros_ws/src/humanoid_tools'
[3.170s] INFO:colcon.colcon_core.plugin_system:Skipping extension 'colcon_core.shell.bat': Not used on non-Windows systems
[3.171s] INFO:colcon.colcon_core.shell:Skip shell extension 'powershell' for command environment: Not usable outside of PowerShell
[3.172s] DEBUG:colcon.colcon_core.shell:Skip shell extension 'dsv' for command environment
[3.231s] DEBUG:colcon.colcon_core.event_handler.log_command:Invoking command in '/home/rafael/Humanoids/ros_ws/build/humanoid_tools': CMAKE_PREFIX_PATH=${CMAKE_PREFIX_PATH}:/opt/ros/humble /usr/bin/cmake --build /home/rafael/Humanoids/ros_ws/build/humanoid_tools -- -j2 -l2
[3.701s] DEBUG:colcon.colcon_core.event_handler.log_command:Invoked command in '/home/rafael/Humanoids/ros_ws/build/humanoid_tools' returned '0': CMAKE_PREFIX_PATH=${CMAKE_PREFIX_PATH}:/opt/ros/humble /usr/bin/cmake --build /home/rafael/Humanoids/ros_ws/build/humanoid_tools -- -j2 -l2
[3.746s] DEBUG:colcon.colcon_core.event_handler.log_command:Invoking command in '/home/rafael/Humanoids/ros_ws/build/humanoid_tools': CMAKE_PREFIX_PATH=${CMAKE_PREFIX_PATH}:/opt/ros/humble /usr/bin/cmake --install /home/rafael/Humanoids/ros_ws/build/humanoid_tools
[3.807s] Level 1:colcon.colcon_core.environment:create_environment_scripts_only(humanoid_tools)
[3.818s] DEBUG:colcon.colcon_core.event_handler.log_command:Invoked command in '/home/rafael/Humanoids/ros_ws/build/humanoid_tools' returned '0': CMAKE_PREFIX_PATH=${CMAKE_PREFIX_PATH}:/opt/ros/humble /usr/bin/cmake --install /home/rafael/Humanoids/ros_ws/build/humanoid_tools
[3.841s] Level 1:colcon.colcon_core.environment:checking '/home/rafael/Humanoids/ros_ws/install/humanoid_tools' for CMake module files
[3.845s] Level 1:colcon.colcon_core.environment:checking '/home/rafael/Humanoids/ros_ws/install/humanoid_tools' for CMake config files
[3.846s] Level 1:colcon.colcon_core.shell:create_environment_hook('humanoid_tools', 'cmake_prefix_path')
[3.848s] INFO:colcon.colcon_core.shell:Creating environment hook '/home/rafael/Humanoids/ros_ws/install/humanoid_tools/share/humanoid_tools/hook/cmake_prefix_path.ps1'
[3.853s] INFO:colcon.colcon_core.shell:Creating environment descriptor '/home/rafael/Humanoids/ros_ws/install/humanoid_tools/share/humanoid_tools/hook/cmake_prefix_path.dsv'
[3.856s] INFO:colcon.colcon_core.shell:Creating environment hook '/home/rafael/Humanoids/ros_ws/install/humanoid_tools/share/humanoid_tools/hook/cmake_prefix_path.sh'
[3.862s] Level 1:colcon.colcon_core.environment:checking '/home/rafael/Humanoids/ros_ws/install/humanoid_tools/lib'
[3.864s] Level 1:colcon.colcon_core.environment:checking '/home/rafael/Humanoids/ros_ws/install/humanoid_tools/bin'
[3.864s] Level 1:colcon.colcon_core.environment:checking '/home/rafael/Humanoids/ros_ws/install/humanoid_tools/lib/pkgconfig/humanoid_tools.pc'
[3.866s] Level 1:colcon.colcon_core.environment:checking '/home/rafael/Humanoids/ros_ws/install/humanoid_tools/lib/python3.10/site-packages'
[3.869s] Level 1:colcon.colcon_core.environment:checking '/home/rafael/Humanoids/ros_ws/install/humanoid_tools/bin'
[3.873s] INFO:colcon.colcon_core.shell:Creating package script '/home/rafael/Humanoids/ros_ws/install/humanoid_tools/share/humanoid_tools/package.ps1'
[3.880s] INFO:colcon.colcon_core.shell:Creating package descriptor '/home/rafael/Humanoids/ros_ws/install/humanoid_tools/share/humanoid_tools/package.dsv'
[3.883s] INFO:colcon.colcon_core.shell:Creating package script '/home/rafael/Humanoids/ros_ws/install/humanoid_tools/share/humanoid_tools/package.sh'
[3.892s] INFO:colcon.colcon_core.shell:Creating package script '/home/rafael/Humanoids/ros_ws/install/humanoid_tools/share/humanoid_tools/package.bash'
[3.897s] INFO:colcon.colcon_core.shell:Creating package script '/home/rafael/Humanoids/ros_ws/install/humanoid_tools/share/humanoid_tools/package.zsh'
[3.903s] Level 1:colcon.colcon_core.environment:create_file_with_runtime_dependencies(/home/rafael/Humanoids/ros_ws/install/humanoid_tools/share/colcon-core/packages/humanoid_tools)
[3.907s] Level 1:colcon.colcon_core.environment:create_environment_scripts_only(humanoid_tools)
[3.909s] Level 1:colcon.colcon_core.environment:checking '/home/rafael/Humanoids/ros_ws/install/humanoid_tools' for CMake module files
[3.921s] Level 1:colcon.colcon_core.environment:checking '/home/rafael/Humanoids/ros_ws/install/humanoid_tools' for CMake config files
[3.922s] Level 1:colcon.colcon_core.shell:create_environment_hook('humanoid_tools', 'cmake_prefix_path')
[3.926s] INFO:colcon.colcon_core.shell:Creating environment hook '/home/rafael/Humanoids/ros_ws/install/humanoid_tools/share/humanoid_tools/hook/cmake_prefix_path.ps1'
[3.930s] INFO:colcon.colcon_core.shell:Creating environment descriptor '/home/rafael/Humanoids/ros_ws/install/humanoid_tools/share/humanoid_tools/hook/cmake_prefix_path.dsv'
[3.934s] INFO:colcon.colcon_core.shell:Creating environment hook '/home/rafael/Humanoids/ros_ws/install/humanoid_tools/share/humanoid_tools/hook/cmake_prefix_path.sh'
[3.939s] Level 1:colcon.colcon_core.environment:checking '/home/rafael/Humanoids/ros_ws/install/humanoid_tools/lib'
[3.939s] Level 1:colcon.colcon_core.environment:checking '/home/rafael/Humanoids/ros_ws/install/humanoid_tools/bin'
[3.940s] Level 1:colcon.colcon_core.environment:checking '/home/rafael/Humanoids/ros_ws/install/humanoid_tools/lib/pkgconfig/humanoid_tools.pc'
[3.941s] Level 1:colcon.colcon_core.environment:checking '/home/rafael/Humanoids/ros_ws/install/humanoid_tools/lib/python3.10/site-packages'
[3.943s] Level 1:colcon.colcon_core.environment:checking '/home/rafael/Humanoids/ros_ws/install/humanoid_tools/bin'
[3.945s] INFO:colcon.colcon_core.shell:Creating package script '/home/rafael/Humanoids/ros_ws/install/humanoid_tools/share/humanoid_tools/package.ps1'
[3.949s] INFO:colcon.colcon_core.shell:Creating package descriptor '/home/rafael/Humanoids/ros_ws/install/humanoid_tools/share/humanoid_tools/package.dsv'
[3.953s] INFO:colcon.colcon_core.shell:Creating package script '/home/rafael/Humanoids/ros_ws/install/humanoid_tools/share/humanoid_tools/package.sh'
[3.956s] INFO:colcon.colcon_core.shell:Creating package script '/home/rafael/Humanoids/ros_ws/install/humanoid_tools/share/humanoid_tools/package.bash'
[3.960s] INFO:colcon.colcon_core.shell:Creating package script '/home/rafael/Humanoids/ros_ws/install/humanoid_tools/share/humanoid_tools/package.zsh'
[3.964s] Level 1:colcon.colcon_core.environment:create_file_with_runtime_dependencies(/home/rafael/Humanoids/ros_ws/install/humanoid_tools/share/colcon-core/packages/humanoid_tools)
[3.966s] DEBUG:colcon.colcon_parallel_executor.executor.parallel:closing loop
[3.968s] DEBUG:colcon.colcon_parallel_executor.executor.parallel:loop closed
[3.969s] DEBUG:colcon.colcon_parallel_executor.executor.parallel:run_until_complete finished with '0'
[3.969s] DEBUG:colcon.colcon_core.event_reactor:joining thread
[4.003s] INFO:colcon.colcon_core.plugin_system:Skipping extension 'colcon_notification.desktop_notification.terminal_notifier': Not used on non-Darwin systems
[4.003s] INFO:colcon.colcon_core.plugin_system:Skipping extension 'colcon_notification.desktop_notification.win32': Not used on non-Windows systems
[4.003s] INFO:colcon.colcon_notification.desktop_notification:Sending desktop notification using 'notify2'
[4.089s] DEBUG:colcon.colcon_core.event_reactor:joined thread
[4.093s] INFO:colcon.colcon_core.shell:Creating prefix script '/home/rafael/Humanoids/ros_ws/install/local_setup.ps1'
[4.102s] INFO:colcon.colcon_core.shell:Creating prefix util module '/home/rafael/Humanoids/ros_ws/install/_local_setup_util_ps1.py'
[4.124s] INFO:colcon.colcon_core.shell:Creating prefix chain script '/home/rafael/Humanoids/ros_ws/install/setup.ps1'
[4.136s] INFO:colcon.colcon_core.shell:Creating prefix script '/home/rafael/Humanoids/ros_ws/install/local_setup.sh'
[4.141s] INFO:colcon.colcon_core.shell:Creating prefix util module '/home/rafael/Humanoids/ros_ws/install/_local_setup_util_sh.py'
[4.146s] INFO:colcon.colcon_core.shell:Creating prefix chain script '/home/rafael/Humanoids/ros_ws/install/setup.sh'
[4.154s] INFO:colcon.colcon_core.shell:Creating prefix script '/home/rafael/Humanoids/ros_ws/install/local_setup.bash'
[4.160s] INFO:colcon.colcon_core.shell:Creating prefix chain script '/home/rafael/Humanoids/ros_ws/install/setup.bash'
[4.168s] INFO:colcon.colcon_core.shell:Creating prefix script '/home/rafael/Humanoids/ros_ws/install/local_setup.zsh'
[4.172s] INFO:colcon.colcon_core.shell:Creating prefix chain script '/home/rafael/Humanoids/ros_ws/install/setup.zsh'
