[0.052s] Invoking command in '/home/rafael/Humanoids/ros_ws/build/refbox_comm_node': /usr/bin/cmake /home/rafael/Humanoids/ros_ws/src/RefBoxComm/refbox_comm_node -DCATKIN_INSTALL_INTO_PREFIX_ROOT=0 -DCMAKE_INSTALL_PREFIX=/home/rafael/Humanoids/ros_ws/install/refbox_comm_node
[0.315s] -- The C compiler identification is GNU 11.4.0
[0.587s] -- The CXX compiler identification is GNU 11.4.0
[0.634s] -- Detecting C compiler ABI info
[0.888s] -- Detecting C compiler ABI info - done
[0.947s] -- Check for working C compiler: /usr/bin/cc - skipped
[0.948s] -- Detecting C compile features
[0.952s] -- Detecting C compile features - done
[0.968s] -- Detecting CXX compiler ABI info
[1.277s] -- Detecting CXX compiler ABI info - done
[1.327s] -- Check for working CXX compiler: /usr/bin/c++ - skipped
[1.328s] -- Detecting CXX compile features
[1.334s] -- Detecting CXX compile features - done
[1.371s] -- Configuring incomplete, errors occurred!
[1.371s] See also "/home/rafael/Humanoids/ros_ws/build/refbox_comm_node/CMakeFiles/CMakeOutput.log".
[1.372s] [31mCMake Error at CMakeLists.txt:10 (find_package):
[1.372s]   By not providing "Findcatkin.cmake" in CMAKE_MODULE_PATH this project has
[1.372s]   asked CMake to find a package configuration file provided by "catkin", but
[1.373s]   CMake did not find one.
[1.375s] 
[1.376s]   Could not find a package configuration file provided by "catkin" with any
[1.376s]   of the following names:
[1.376s] 
[1.376s]     catkinConfig.cmake
[1.377s]     catkin-config.cmake
[1.380s] 
[1.385s]   Add the installation prefix of "catkin" to CMAKE_PREFIX_PATH or set
[1.385s]   "catkin_DIR" to a directory containing one of the above files.  If "catkin"
[1.386s]   provides a separate development package or SDK, be sure it has been
[1.386s]   installed.
[1.386s] 
[1.387s] [0m
