[0.102s] Invoking command in '/home/rafael/Humanoids/ros_ws/build/task_manager': AMENT_PREFIX_PATH=/home/rafael/Humanoids/ros_ws/install/humanoid_tools:${AMENT_PREFIX_PATH} CMAKE_PREFIX_PATH=/home/rafael/Humanoids/ros_ws/install/humanoid_tools:/home/rafael/ROS2Dev/fourier_ws/install/human_actions:/home/rafael/ROS2Dev/fourier_ws/install/hardware:/opt/ros/humble LD_LIBRARY_PATH=/home/rafael/Humanoids/ros_ws/install/humanoid_tools/lib:${LD_LIBRARY_PATH} /usr/bin/cmake /home/rafael/Humanoids/ros_ws/src/Plan/task_manager -DCMAKE_INSTALL_PREFIX=/home/rafael/Humanoids/ros_ws/install/task_manager
[0.639s] -- The C compiler identification is GNU 11.4.0
[0.989s] -- The CXX compiler identification is GNU 11.4.0
[1.042s] -- Detecting C compiler ABI info
[1.417s] -- Detecting C compiler ABI info - done
[1.484s] -- Check for working C compiler: /usr/bin/cc - skipped
[1.485s] -- Detecting C compile features
[1.485s] -- Detecting C compile features - done
[1.503s] -- Detecting CXX compiler ABI info
[1.911s] -- Detecting CXX compiler ABI info - done
[1.985s] -- Check for working CXX compiler: /usr/bin/c++ - skipped
[1.986s] -- Detecting CXX compile features
[1.990s] -- Detecting CXX compile features - done
[2.007s] -- Found ament_cmake: 1.3.12 (/opt/ros/humble/share/ament_cmake/cmake)
[2.708s] -- Found Python3: /usr/bin/python3 (found version "3.10.12") found components: Interpreter 
[3.368s] -- Found rclcpp: 16.0.14 (/opt/ros/humble/share/rclcpp/cmake)
[3.712s] -- Found rosidl_generator_c: 3.1.7 (/opt/ros/humble/share/rosidl_generator_c/cmake)
[3.760s] -- Found rosidl_adapter: 3.1.7 (/opt/ros/humble/share/rosidl_adapter/cmake)
[3.816s] -- Found rosidl_generator_cpp: 3.1.7 (/opt/ros/humble/share/rosidl_generator_cpp/cmake)
[3.936s] -- Using all available rosidl_typesupport_c: rosidl_typesupport_fastrtps_c;rosidl_typesupport_introspection_c
[4.222s] -- Using all available rosidl_typesupport_cpp: rosidl_typesupport_fastrtps_cpp;rosidl_typesupport_introspection_cpp
[4.650s] -- Found rmw_implementation_cmake: 6.1.2 (/opt/ros/humble/share/rmw_implementation_cmake/cmake)
[4.668s] -- Found rmw_fastrtps_cpp: 6.2.8 (/opt/ros/humble/share/rmw_fastrtps_cpp/cmake)
[5.210s] -- Found OpenSSL: /usr/lib/x86_64-linux-gnu/libcrypto.so (found version "3.0.2")  
[5.376s] -- Found FastRTPS: /opt/ros/humble/include  
[5.592s] -- Using RMW implementation 'rmw_fastrtps_cpp' as default
[5.645s] -- Performing Test CMAKE_HAVE_LIBC_PTHREAD
[6.118s] -- Performing Test CMAKE_HAVE_LIBC_PTHREAD - Success
[6.125s] -- Found Threads: TRUE  
[6.489s] -- Found geometry_msgs: 4.9.0 (/opt/ros/humble/share/geometry_msgs/cmake)
[6.578s] -- Found humanoid_tools: 0.1.0 (/home/rafael/Humanoids/ros_ws/install/humanoid_tools/share/humanoid_tools/cmake)
[7.014s] -- Configuring done
[7.270s] -- Generating done
[7.331s] -- Build files have been written to: /home/rafael/Humanoids/ros_ws/build/task_manager
[7.415s] Invoked command in '/home/rafael/Humanoids/ros_ws/build/task_manager' returned '0': AMENT_PREFIX_PATH=/home/rafael/Humanoids/ros_ws/install/humanoid_tools:${AMENT_PREFIX_PATH} CMAKE_PREFIX_PATH=/home/rafael/Humanoids/ros_ws/install/humanoid_tools:/home/rafael/ROS2Dev/fourier_ws/install/human_actions:/home/rafael/ROS2Dev/fourier_ws/install/hardware:/opt/ros/humble LD_LIBRARY_PATH=/home/rafael/Humanoids/ros_ws/install/humanoid_tools/lib:${LD_LIBRARY_PATH} /usr/bin/cmake /home/rafael/Humanoids/ros_ws/src/Plan/task_manager -DCMAKE_INSTALL_PREFIX=/home/rafael/Humanoids/ros_ws/install/task_manager
[7.424s] Invoking command in '/home/rafael/Humanoids/ros_ws/build/task_manager': AMENT_PREFIX_PATH=/home/rafael/Humanoids/ros_ws/install/humanoid_tools:${AMENT_PREFIX_PATH} CMAKE_PREFIX_PATH=/home/rafael/Humanoids/ros_ws/install/humanoid_tools:/home/rafael/ROS2Dev/fourier_ws/install/human_actions:/home/rafael/ROS2Dev/fourier_ws/install/hardware:/opt/ros/humble LD_LIBRARY_PATH=/home/rafael/Humanoids/ros_ws/install/humanoid_tools/lib:${LD_LIBRARY_PATH} /usr/bin/cmake --build /home/rafael/Humanoids/ros_ws/build/task_manager -- -j2 -l2
[7.564s] [ 50%] [32mBuilding CXX object CMakeFiles/striker_node.dir/src/striker.cpp.o[0m
[24.315s] [01m[K/home/rafael/Humanoids/ros_ws/src/Plan/task_manager/src/striker.cpp:[m[K In constructor ‘[01m[KStrikerNode::StrikerNode()[m[K’:
[24.317s] [01m[K/home/rafael/Humanoids/ros_ws/src/Plan/task_manager/src/striker.cpp:35:71:[m[K [01;31m[Kerror: [m[Kno match for ‘[01m[Koperator=[m[K’ (operand types are ‘[01m[Kgeometry_msgs::msg::Pose[m[K’ {aka ‘[01m[Kgeometry_msgs::msg::Pose_<std::allocator<void> >[m[K’} and ‘[01m[K<brace-enclosed initializer list>[m[K’)
[24.318s]    35 |         striker_position_ = {/* x */ 1.5, /* y */ 0.0, /* theta */ 0.0[01;31m[K}[m[K;
[24.319s]       |                                                                       [01;31m[K^[m[K
[24.321s] In file included from [01m[K/opt/ros/humble/include/geometry_msgs/geometry_msgs/msg/pose.hpp:7[m[K,
[24.322s]                  from [01m[K/home/rafael/Humanoids/ros_ws/install/humanoid_tools/include/humanoid_tools/hardware.hpp:4[m[K,
[24.323s]                  from [01m[K/home/rafael/Humanoids/ros_ws/src/Plan/task_manager/src/striker.cpp:2[m[K:
[24.324s] [01m[K/opt/ros/humble/include/geometry_msgs/geometry_msgs/msg/detail/pose__struct.hpp:38:8:[m[K [01;36m[Knote: [m[Kcandidate: ‘[01m[Kconstexpr geometry_msgs::msg::Pose_<std::allocator<void> >& geometry_msgs::msg::Pose_<std::allocator<void> >::operator=(const geometry_msgs::msg::Pose_<std::allocator<void> >&)[m[K’
[24.325s]    38 | struct [01;36m[KPose_[m[K
[24.326s]       |        [01;36m[K^~~~~[m[K
[24.327s] [01m[K/opt/ros/humble/include/geometry_msgs/geometry_msgs/msg/detail/pose__struct.hpp:38:8:[m[K [01;36m[Knote: [m[K  no known conversion for argument 1 from ‘[01m[K<brace-enclosed initializer list>[m[K’ to ‘[01m[Kconst geometry_msgs::msg::Pose_<std::allocator<void> >&[m[K’
[24.328s] [01m[K/opt/ros/humble/include/geometry_msgs/geometry_msgs/msg/detail/pose__struct.hpp:38:8:[m[K [01;36m[Knote: [m[Kcandidate: ‘[01m[Kconstexpr geometry_msgs::msg::Pose_<std::allocator<void> >& geometry_msgs::msg::Pose_<std::allocator<void> >::operator=(geometry_msgs::msg::Pose_<std::allocator<void> >&&)[m[K’
[24.329s] [01m[K/opt/ros/humble/include/geometry_msgs/geometry_msgs/msg/detail/pose__struct.hpp:38:8:[m[K [01;36m[Knote: [m[K  no known conversion for argument 1 from ‘[01m[K<brace-enclosed initializer list>[m[K’ to ‘[01m[Kgeometry_msgs::msg::Pose_<std::allocator<void> >&&[m[K’
[27.232s] gmake[2]: *** [CMakeFiles/striker_node.dir/build.make:76: CMakeFiles/striker_node.dir/src/striker.cpp.o] Error 1
[27.233s] gmake[1]: *** [CMakeFiles/Makefile2:137: CMakeFiles/striker_node.dir/all] Error 2
[27.234s] gmake: *** [Makefile:146: all] Error 2
[27.242s] Invoked command in '/home/rafael/Humanoids/ros_ws/build/task_manager' returned '2': AMENT_PREFIX_PATH=/home/rafael/Humanoids/ros_ws/install/humanoid_tools:${AMENT_PREFIX_PATH} CMAKE_PREFIX_PATH=/home/rafael/Humanoids/ros_ws/install/humanoid_tools:/home/rafael/ROS2Dev/fourier_ws/install/human_actions:/home/rafael/ROS2Dev/fourier_ws/install/hardware:/opt/ros/humble LD_LIBRARY_PATH=/home/rafael/Humanoids/ros_ws/install/humanoid_tools/lib:${LD_LIBRARY_PATH} /usr/bin/cmake --build /home/rafael/Humanoids/ros_ws/build/task_manager -- -j2 -l2
