[0.008s] Invoking command in '/home/mercus/Humanoids/ros_ws/build/task_manager': CONDA_PROMPT_MODIFIER=(base) /usr/bin/cmake /home/mercus/Humanoids/ros_ws/src/Plan/task_manager -DCATKIN_INSTALL_INTO_PREFIX_ROOT=0 -DCMAKE_INSTALL_PREFIX=/home/mercus/Humanoids/ros_ws/install/task_manager
[0.015s] -- Found ament_cmake: 1.3.12 (/opt/ros/humble/share/ament_cmake/cmake)
[0.222s] -- Configuring done
[0.223s] -- Generating done
[0.225s] -- Build files have been written to: /home/mercus/Humanoids/ros_ws/build/task_manager
[0.227s] Invoked command in '/home/mercus/Humanoids/ros_ws/build/task_manager' returned '0': CONDA_PROMPT_MODIFIER=(base) /usr/bin/cmake /home/mercus/Humanoids/ros_ws/src/Plan/task_manager -DCATKIN_INSTALL_INTO_PREFIX_ROOT=0 -DCMAKE_INSTALL_PREFIX=/home/mercus/Humanoids/ros_ws/install/task_manager
[0.228s] Invoking command in '/home/mercus/Humanoids/ros_ws/build/task_manager': CONDA_PROMPT_MODIFIER=(base) /usr/bin/cmake --build /home/mercus/Humanoids/ros_ws/build/task_manager -- -j20 -l20
[0.265s] Invoked command in '/home/mercus/Humanoids/ros_ws/build/task_manager' returned '0': CONDA_PROMPT_MODIFIER=(base) /usr/bin/cmake --build /home/mercus/Humanoids/ros_ws/build/task_manager -- -j20 -l20
[0.266s] Invoking command in '/home/mercus/Humanoids/ros_ws/build/task_manager': CONDA_PROMPT_MODIFIER=(base) /usr/bin/cmake --install /home/mercus/Humanoids/ros_ws/build/task_manager
[0.274s] -- Install configuration: ""
[0.275s] -- Installing: /home/mercus/Humanoids/ros_ws/install/task_manager/share/ament_index/resource_index/package_run_dependencies/task_manager
[0.275s] -- Installing: /home/mercus/Humanoids/ros_ws/install/task_manager/share/ament_index/resource_index/parent_prefix_path/task_manager
[0.276s] -- Installing: /home/mercus/Humanoids/ros_ws/install/task_manager/share/task_manager/environment/ament_prefix_path.sh
[0.276s] -- Installing: /home/mercus/Humanoids/ros_ws/install/task_manager/share/task_manager/environment/ament_prefix_path.dsv
[0.276s] -- Installing: /home/mercus/Humanoids/ros_ws/install/task_manager/share/task_manager/environment/path.sh
[0.276s] -- Installing: /home/mercus/Humanoids/ros_ws/install/task_manager/share/task_manager/environment/path.dsv
[0.276s] -- Installing: /home/mercus/Humanoids/ros_ws/install/task_manager/share/task_manager/local_setup.bash
[0.277s] -- Installing: /home/mercus/Humanoids/ros_ws/install/task_manager/share/task_manager/local_setup.sh
[0.277s] -- Installing: /home/mercus/Humanoids/ros_ws/install/task_manager/share/task_manager/local_setup.zsh
[0.277s] -- Installing: /home/mercus/Humanoids/ros_ws/install/task_manager/share/task_manager/local_setup.dsv
[0.277s] -- Installing: /home/mercus/Humanoids/ros_ws/install/task_manager/share/task_manager/package.dsv
[0.277s] -- Installing: /home/mercus/Humanoids/ros_ws/install/task_manager/share/ament_index/resource_index/packages/task_manager
[0.277s] -- Installing: /home/mercus/Humanoids/ros_ws/install/task_manager/share/task_manager/cmake/task_managerConfig.cmake
[0.278s] -- Installing: /home/mercus/Humanoids/ros_ws/install/task_manager/share/task_manager/cmake/task_managerConfig-version.cmake
[0.278s] -- Installing: /home/mercus/Humanoids/ros_ws/install/task_manager/share/task_manager/package.xml
[0.291s] Invoked command in '/home/mercus/Humanoids/ros_ws/build/task_manager' returned '0': CONDA_PROMPT_MODIFIER=(base) /usr/bin/cmake --install /home/mercus/Humanoids/ros_ws/build/task_manager
