[0.010s] Invoking command in '/home/mercus/Humanoids/ros_ws/build/refbox_comm_node': CONDA_PROMPT_MODIFIER=(base) /usr/bin/cmake /home/mercus/Humanoids/ros_ws/src/RefBoxComm/refbox_comm_node -DCATKIN_INSTALL_INTO_PREFIX_ROOT=0 -DCMAKE_INSTALL_PREFIX=/home/mercus/Humanoids/ros_ws/install/refbox_comm_node
[0.054s] -- The C compiler identification is GNU 11.4.0
[0.089s] -- The CXX compiler identification is GNU 11.4.0
[0.095s] -- Detecting C compiler ABI info
[0.148s] -- Detecting C compiler ABI info - done
[0.156s] -- Check for working C compiler: /usr/bin/cc - skipped
[0.156s] -- Detecting C compile features
[0.156s] -- Detecting C compile features - done
[0.159s] -- Detecting CXX compiler ABI info
[0.223s] -- Detecting CXX compiler ABI info - done
[0.230s] -- Check for working CXX compiler: /usr/bin/c++ - skipped
[0.230s] -- Detecting CXX compile features
[0.230s] -- Detecting CXX compile features - done
[0.240s] -- Configuring incomplete, errors occurred!
[0.240s] See also "/home/mercus/Humanoids/ros_ws/build/refbox_comm_node/CMakeFiles/CMakeOutput.log".
[0.240s] [31mCMake Error at CMakeLists.txt:10 (find_package):
[0.240s]   By not providing "Findcatkin.cmake" in CMAKE_MODULE_PATH this project has
[0.240s]   asked CMake to find a package configuration file provided by "catkin", but
[0.240s]   CMake did not find one.
[0.240s] 
[0.240s]   Could not find a package configuration file provided by "catkin" with any
[0.240s]   of the following names:
[0.240s] 
[0.240s]     catkinConfig.cmake
[0.240s]     catkin-config.cmake
[0.240s] 
[0.240s]   Add the installation prefix of "catkin" to CMAKE_PREFIX_PATH or set
[0.240s]   "catkin_DIR" to a directory containing one of the above files.  If "catkin"
[0.240s]   provides a separate development package or SDK, be sure it has been
[0.240s]   installed.
[0.240s] 
[0.240s] [0m
[0.242s] Invoked command in '/home/mercus/Humanoids/ros_ws/build/refbox_comm_node' returned '1': CONDA_PROMPT_MODIFIER=(base) /usr/bin/cmake /home/mercus/Humanoids/ros_ws/src/RefBoxComm/refbox_comm_node -DCATKIN_INSTALL_INTO_PREFIX_ROOT=0 -DCMAKE_INSTALL_PREFIX=/home/mercus/Humanoids/ros_ws/install/refbox_comm_node
