[0.011s] Invoking command in '/home/mercus/Humanoids/ros_ws/build/hdwr_pkg': CMAKE_PREFIX_PATH=${CMAKE_PREFIX_PATH}:/opt/ros/humble CONDA_PROMPT_MODIFIER=(base) /usr/bin/cmake /home/mercus/Humanoids/ros_ws/src/Hardware/hdwr_pkg -DCMAKE_INSTALL_PREFIX=/home/mercus/Humanoids/ros_ws/install/hdwr_pkg
[0.052s] -- The C compiler identification is GNU 11.4.0
[0.090s] -- The CXX compiler identification is GNU 11.4.0
[0.095s] -- Detecting C compiler ABI info
[0.144s] -- Detecting C compiler ABI info - done
[0.149s] -- Check for working C compiler: /usr/bin/cc - skipped
[0.149s] -- Detecting C compile features
[0.149s] -- Detecting C compile features - done
[0.151s] -- Detecting CXX compiler ABI info
[0.211s] -- Detecting CXX compiler ABI info - done
[0.216s] -- Check for working CXX compiler: /usr/bin/c++ - skipped
[0.216s] -- Detecting CXX compile features
[0.216s] -- Detecting CXX compile features - done
[0.217s] -- Found ament_cmake: 1.3.12 (/opt/ros/humble/share/ament_cmake/cmake)
[0.444s] -- Found Python3: /home/mercus/miniconda3/bin/python3 (found version "3.13.5") found components: Interpreter 
[0.499s] -- Found rclpy: 3.3.17 (/opt/ros/humble/share/rclpy/cmake)
[0.500s] -- Found rosidl_default_generators: 1.2.0 (/opt/ros/humble/share/rosidl_default_generators/cmake)
[0.502s] -- Using all available rosidl_typesupport_c: rosidl_typesupport_fastrtps_c;rosidl_typesupport_introspection_c
[0.506s] -- Found rosidl_adapter: 3.1.7 (/opt/ros/humble/share/rosidl_adapter/cmake)
[0.526s] -- Using all available rosidl_typesupport_cpp: rosidl_typesupport_fastrtps_cpp;rosidl_typesupport_introspection_cpp
[0.542s] -- Found rosidl_default_runtime: 1.2.0 (/opt/ros/humble/share/rosidl_default_runtime/cmake)
[0.701s] -- Found ament_cmake_ros: 0.10.0 (/opt/ros/humble/share/ament_cmake_ros/cmake)
[0.804s] -- Using all available rosidl_typesupport_c: rosidl_typesupport_fastrtps_c;rosidl_typesupport_introspection_c
[0.945s] -- Using all available rosidl_typesupport_cpp: rosidl_typesupport_fastrtps_cpp;rosidl_typesupport_introspection_cpp
[0.958s] -- Found PythonInterp: /home/mercus/miniconda3/bin/python3 (found suitable version "3.13.5", minimum required is "3.6") 
[0.959s] -- Found python_cmake_module: 0.10.0 (/opt/ros/humble/share/python_cmake_module/cmake)
[0.970s] -- Found PythonLibs: /home/mercus/miniconda3/lib/libpython3.13.so (found suitable version "3.13.5", minimum required is "3.5") 
[0.970s] -- Using PYTHON_EXECUTABLE: /home/mercus/miniconda3/bin/python3
[0.970s] -- Using PYTHON_INCLUDE_DIRS: /home/mercus/miniconda3/include/python3.13
[0.970s] -- Using PYTHON_LIBRARIES: /home/mercus/miniconda3/lib/libpython3.13.so
[0.982s] -- Found PythonExtra: .so  
[1.068s] -- Using numpy include directory: /home/mercus/miniconda3/lib/python3.13/site-packages/numpy/_core/include
[1.073s] -- Found ament_lint_auto: 0.12.14 (/opt/ros/humble/share/ament_lint_auto/cmake)
[1.083s] -- Added test 'flake8' to check Python code syntax and style conventions
[1.083s] -- Added test 'lint_cmake' to check CMake code style
[1.084s] -- Added test 'pep257' to check Python code against some of the docstring style conventions in PEP 257
[1.084s] -- Added test 'xmllint' to check XML markup files
[1.086s] -- Configuring done
[1.100s] -- Generating done
[1.105s] -- Build files have been written to: /home/mercus/Humanoids/ros_ws/build/hdwr_pkg
