-- Found ament_cmake: 1.3.12 (/opt/ros/humble/share/ament_cmake/cmake)
-- Configuring done
-- Generating done
-- Build files have been written to: /home/mercus/Humanoids/ros_ws/build/surge_et_ambula
-- Install configuration: ""
-- Installing: /home/mercus/Humanoids/ros_ws/install/surge_et_ambula/share/ament_index/resource_index/package_run_dependencies/surge_et_ambula
-- Installing: /home/mercus/Humanoids/ros_ws/install/surge_et_ambula/share/ament_index/resource_index/parent_prefix_path/surge_et_ambula
-- Installing: /home/mercus/Humanoids/ros_ws/install/surge_et_ambula/share/surge_et_ambula/environment/ament_prefix_path.sh
-- Installing: /home/mercus/Humanoids/ros_ws/install/surge_et_ambula/share/surge_et_ambula/environment/ament_prefix_path.dsv
-- Installing: /home/mercus/Humanoids/ros_ws/install/surge_et_ambula/share/surge_et_ambula/environment/path.sh
-- Installing: /home/mercus/Humanoids/ros_ws/install/surge_et_ambula/share/surge_et_ambula/environment/path.dsv
-- Installing: /home/mercus/Humanoids/ros_ws/install/surge_et_ambula/share/surge_et_ambula/local_setup.bash
-- Installing: /home/mercus/Humanoids/ros_ws/install/surge_et_ambula/share/surge_et_ambula/local_setup.sh
-- Installing: /home/mercus/Humanoids/ros_ws/install/surge_et_ambula/share/surge_et_ambula/local_setup.zsh
-- Installing: /home/mercus/Humanoids/ros_ws/install/surge_et_ambula/share/surge_et_ambula/local_setup.dsv
-- Installing: /home/mercus/Humanoids/ros_ws/install/surge_et_ambula/share/surge_et_ambula/package.dsv
-- Installing: /home/mercus/Humanoids/ros_ws/install/surge_et_ambula/share/ament_index/resource_index/packages/surge_et_ambula
-- Installing: /home/mercus/Humanoids/ros_ws/install/surge_et_ambula/share/surge_et_ambula/cmake/surge_et_ambulaConfig.cmake
-- Installing: /home/mercus/Humanoids/ros_ws/install/surge_et_ambula/share/surge_et_ambula/cmake/surge_et_ambulaConfig-version.cmake
-- Installing: /home/mercus/Humanoids/ros_ws/install/surge_et_ambula/share/surge_et_ambula/package.xml
