[0.009s] Invoking command in '/home/mercus/Humanoids/ros_ws/build/surge_et_ambula': CONDA_PROMPT_MODIFIER=(base) /usr/bin/cmake /home/mercus/Humanoids/ros_ws/src/SurgeEtAmbula/surge_et_ambula -DCATKIN_INSTALL_INTO_PREFIX_ROOT=0 -DCMAKE_INSTALL_PREFIX=/home/mercus/Humanoids/ros_ws/install/surge_et_ambula
[0.018s] -- Found ament_cmake: 1.3.12 (/opt/ros/humble/share/ament_cmake/cmake)
[0.219s] -- Configuring done
[0.222s] -- Generating done
[0.224s] -- Build files have been written to: /home/mercus/Humanoids/ros_ws/build/surge_et_ambula
[0.226s] Invoked command in '/home/mercus/Humanoids/ros_ws/build/surge_et_ambula' returned '0': CONDA_PROMPT_MODIFIER=(base) /usr/bin/cmake /home/mercus/Humanoids/ros_ws/src/SurgeEtAmbula/surge_et_ambula -DCATKIN_INSTALL_INTO_PREFIX_ROOT=0 -DCMAKE_INSTALL_PREFIX=/home/mercus/Humanoids/ros_ws/install/surge_et_ambula
[0.228s] Invoking command in '/home/mercus/Humanoids/ros_ws/build/surge_et_ambula': CONDA_PROMPT_MODIFIER=(base) /usr/bin/cmake --build /home/mercus/Humanoids/ros_ws/build/surge_et_ambula -- -j20 -l20
[0.263s] Invoked command in '/home/mercus/Humanoids/ros_ws/build/surge_et_ambula' returned '0': CONDA_PROMPT_MODIFIER=(base) /usr/bin/cmake --build /home/mercus/Humanoids/ros_ws/build/surge_et_ambula -- -j20 -l20
[0.265s] Invoking command in '/home/mercus/Humanoids/ros_ws/build/surge_et_ambula': CONDA_PROMPT_MODIFIER=(base) /usr/bin/cmake --install /home/mercus/Humanoids/ros_ws/build/surge_et_ambula
[0.272s] -- Install configuration: ""
[0.272s] -- Installing: /home/mercus/Humanoids/ros_ws/install/surge_et_ambula/share/ament_index/resource_index/package_run_dependencies/surge_et_ambula
[0.273s] -- Installing: /home/mercus/Humanoids/ros_ws/install/surge_et_ambula/share/ament_index/resource_index/parent_prefix_path/surge_et_ambula
[0.273s] -- Installing: /home/mercus/Humanoids/ros_ws/install/surge_et_ambula/share/surge_et_ambula/environment/ament_prefix_path.sh
[0.273s] -- Installing: /home/mercus/Humanoids/ros_ws/install/surge_et_ambula/share/surge_et_ambula/environment/ament_prefix_path.dsv
[0.273s] -- Installing: /home/mercus/Humanoids/ros_ws/install/surge_et_ambula/share/surge_et_ambula/environment/path.sh
[0.273s] -- Installing: /home/mercus/Humanoids/ros_ws/install/surge_et_ambula/share/surge_et_ambula/environment/path.dsv
[0.273s] -- Installing: /home/mercus/Humanoids/ros_ws/install/surge_et_ambula/share/surge_et_ambula/local_setup.bash
[0.273s] -- Installing: /home/mercus/Humanoids/ros_ws/install/surge_et_ambula/share/surge_et_ambula/local_setup.sh
[0.274s] -- Installing: /home/mercus/Humanoids/ros_ws/install/surge_et_ambula/share/surge_et_ambula/local_setup.zsh
[0.274s] -- Installing: /home/mercus/Humanoids/ros_ws/install/surge_et_ambula/share/surge_et_ambula/local_setup.dsv
[0.275s] -- Installing: /home/mercus/Humanoids/ros_ws/install/surge_et_ambula/share/surge_et_ambula/package.dsv
[0.275s] -- Installing: /home/mercus/Humanoids/ros_ws/install/surge_et_ambula/share/ament_index/resource_index/packages/surge_et_ambula
[0.275s] -- Installing: /home/mercus/Humanoids/ros_ws/install/surge_et_ambula/share/surge_et_ambula/cmake/surge_et_ambulaConfig.cmake
[0.275s] -- Installing: /home/mercus/Humanoids/ros_ws/install/surge_et_ambula/share/surge_et_ambula/cmake/surge_et_ambulaConfig-version.cmake
[0.275s] -- Installing: /home/mercus/Humanoids/ros_ws/install/surge_et_ambula/share/surge_et_ambula/package.xml
[0.299s] Invoked command in '/home/mercus/Humanoids/ros_ws/build/surge_et_ambula' returned '0': CONDA_PROMPT_MODIFIER=(base) /usr/bin/cmake --install /home/mercus/Humanoids/ros_ws/build/surge_et_ambula
